<?xml version="1.0" encoding="UTF-8"?>
<coverage generated="1789429031772" clover="3.2.0">
  <project timestamp="1789429031772" name="All files">
    <metrics statements="315" coveredstatements="306" conditionals="166" coveredconditionals="138" methods="56" coveredmethods="53" elements="537" coveredelements="497" complexity="0" loc="315" ncloc="315" packages="1" files="9" classes="9"/>
    <file name="blueprint.ts" path="D:\MDHPROJECT\metis-development-tool\packages\mdt-schema\src\blueprint.ts">
      <metrics statements="6" coveredstatements="6" conditionals="0" coveredconditionals="0" methods="4" coveredmethods="4"/>
      <line num="23" count="1" type="stmt"/>
      <line num="43" count="7" type="stmt"/>
      <line num="61" count="7" type="stmt"/>
      <line num="62" count="7" type="stmt"/>
      <line num="67" count="11" type="stmt"/>
      <line num="72" count="6" type="stmt"/>
    </file>
    <file name="ids.ts" path="D:\MDHPROJECT\metis-development-tool\packages\mdt-schema\src\ids.ts">
      <metrics statements="29" coveredstatements="29" conditionals="6" coveredconditionals="6" methods="6" coveredmethods="6"/>
      <line num="18" count="6" type="stmt"/>
      <line num="20" count="6" type="stmt"/>
      <line num="21" count="6" type="stmt"/>
      <line num="24" count="101149" type="stmt"/>
      <line num="25" count="101149" type="stmt"/>
      <line num="26" count="101149" type="stmt"/>
      <line num="30" count="986" type="stmt"/>
      <line num="32" count="986" type="stmt"/>
      <line num="36" count="100163" type="stmt"/>
      <line num="41" count="100163" type="stmt"/>
      <line num="42" count="100163" type="cond" truecount="2" falsecount="0"/>
      <line num="43" count="99200" type="stmt"/>
      <line num="44" count="99200" type="cond" truecount="2" falsecount="0"/>
      <line num="46" count="23" type="stmt"/>
      <line num="47" count="216089" type="stmt"/>
      <line num="49" count="23" type="stmt"/>
      <line num="52" count="963" type="stmt"/>
      <line num="53" count="963" type="stmt"/>
      <line num="55" count="100163" type="stmt"/>
      <line num="56" count="100163" type="stmt"/>
      <line num="57" count="100163" type="stmt"/>
      <line num="58" count="100163" type="stmt"/>
      <line num="60" count="100163" type="stmt"/>
      <line num="61" count="100163" type="stmt"/>
      <line num="62" count="100163" type="stmt"/>
      <line num="63" count="100163" type="stmt"/>
      <line num="64" count="1602608" type="stmt"/>
      <line num="65" count="100163" type="stmt"/>
      <line num="70" count="2" type="cond" truecount="2" falsecount="0"/>
    </file>
    <file name="index.ts" path="D:\MDHPROJECT\metis-development-tool\packages\mdt-schema\src\index.ts">
      <metrics statements="0" coveredstatements="0" conditionals="0" coveredconditionals="0" methods="0" coveredmethods="0"/>
    </file>
    <file name="json.ts" path="D:\MDHPROJECT\metis-development-tool\packages\mdt-schema\src\json.ts">
      <metrics statements="11" coveredstatements="11" conditionals="8" coveredconditionals="7" methods="5" coveredmethods="5"/>
      <line num="7" count="5" type="stmt"/>
      <line num="8" count="56" type="stmt"/>
      <line num="19" count="5" type="stmt"/>
      <line num="30" count="17" type="cond" truecount="1" falsecount="1"/>
      <line num="31" count="17" type="stmt"/>
      <line num="32" count="1159" type="cond" truecount="4" falsecount="0"/>
      <line num="33" count="529" type="cond" truecount="2" falsecount="0"/>
      <line num="34" count="360" type="stmt"/>
      <line num="35" count="1046" type="stmt"/>
      <line num="37" count="1046" type="stmt"/>
      <line num="38" count="360" type="stmt"/>
    </file>
    <file name="migrate.ts" path="D:\MDHPROJECT\metis-development-tool\packages\mdt-schema\src\migrate.ts">
      <metrics statements="22" coveredstatements="21" conditionals="14" coveredconditionals="9" methods="3" coveredmethods="3"/>
      <line num="36" count="1" type="stmt"/>
      <line num="39" count="4" type="cond" truecount="1" falsecount="1"/>
      <line num="40" count="4" type="stmt"/>
      <line num="44" count="1" type="stmt"/>
      <line num="47" count="7" type="stmt"/>
      <line num="48" count="7" type="cond" truecount="2" falsecount="0"/>
      <line num="49" count="1" type="stmt"/>
      <line num="57" count="6" type="stmt"/>
      <line num="58" count="6" type="stmt"/>
      <line num="59" count="6" type="cond" truecount="2" falsecount="0"/>
      <line num="60" count="1" type="stmt"/>
      <line num="68" count="5" type="stmt"/>
      <line num="69" count="5" type="stmt"/>
      <line num="70" count="4" type="stmt"/>
      <line num="71" count="4" type="cond" truecount="2" falsecount="0"/>
      <line num="72" count="1" type="stmt"/>
      <line num="80" count="3" type="stmt"/>
      <line num="81" count="3" type="stmt"/>
      <line num="83" count="3" type="stmt"/>
      <line num="84" count="3" type="cond" truecount="1" falsecount="1"/>
      <line num="85" count="0" type="stmt"/>
      <line num="93" count="4" type="stmt"/>
    </file>
    <file name="parse.ts" path="D:\MDHPROJECT\metis-development-tool\packages\mdt-schema\src\parse.ts">
      <metrics statements="5" coveredstatements="5" conditionals="4" coveredconditionals="3" methods="3" coveredmethods="3"/>
      <line num="22" count="9" type="stmt"/>
      <line num="23" count="9" type="cond" truecount="2" falsecount="0"/>
      <line num="24" count="1" type="stmt"/>
      <line num="26" count="5" type="stmt"/>
      <line num="39" count="1" type="stmt"/>
    </file>
    <file name="project.ts" path="D:\MDHPROJECT\metis-development-tool\packages\mdt-schema\src\project.ts">
      <metrics statements="46" coveredstatements="45" conditionals="14" coveredconditionals="14" methods="6" coveredmethods="5"/>
      <line num="18" count="5" type="stmt"/>
      <line num="20" count="5" type="stmt"/>
      <line num="23" count="5" type="stmt"/>
      <line num="29" count="5" type="stmt"/>
      <line num="54" count="5" type="stmt"/>
      <line num="68" count="5" type="stmt"/>
      <line num="81" count="5" type="stmt"/>
      <line num="91" count="5" type="stmt"/>
      <line num="97" count="5" type="stmt"/>
      <line num="138" count="5" type="stmt"/>
      <line num="139" count="21" type="stmt"/>
      <line num="147" count="24" type="stmt"/>
      <line num="155" count="5" type="stmt"/>
      <line num="158" count="5" type="stmt"/>
      <line num="165" count="5" type="stmt"/>
      <line num="188" count="5" type="stmt"/>
      <line num="189" count="7" type="stmt"/>
      <line num="211" count="5" type="stmt"/>
      <line num="212" count="5" type="stmt"/>
      <line num="225" count="5" type="stmt"/>
      <line num="252" count="5" type="stmt"/>
      <line num="277" count="5" type="stmt"/>
      <line num="279" count="5" type="stmt"/>
      <line num="289" count="5" type="stmt"/>
      <line num="308" count="5" type="stmt"/>
      <line num="311" count="5" type="stmt"/>
      <line num="320" count="5" type="stmt"/>
      <line num="333" count="5" type="stmt"/>
      <line num="376" count="5" type="stmt"/>
      <line num="386" count="5" type="stmt"/>
      <line num="401" count="5" type="stmt"/>
      <line num="402" count="5" type="stmt"/>
      <line num="404" count="5" type="stmt"/>
      <line num="415" count="6" type="cond" truecount="4" falsecount="0"/>
      <line num="416" count="1" type="stmt"/>
      <line num="423" count="6" type="stmt"/>
      <line num="424" count="6" type="cond" truecount="2" falsecount="0"/>
      <line num="426" count="4" type="cond" truecount="2" falsecount="0"/>
      <line num="433" count="6" type="cond" truecount="2" falsecount="0"/>
      <line num="434" count="1" type="stmt"/>
      <line num="448" count="5" type="stmt"/>
      <line num="454" count="0" type="stmt"/>
      <line num="466" count="5" type="stmt"/>
      <line num="471" count="5" type="stmt"/>
      <line num="477" count="5" type="stmt"/>
      <line num="498" count="5" type="stmt"/>
    </file>
    <file name="refs.ts" path="D:\MDHPROJECT\metis-development-tool\packages\mdt-schema\src\refs.ts">
      <metrics statements="152" coveredstatements="145" conditionals="118" coveredconditionals="98" methods="26" coveredmethods="24"/>
      <line num="33" count="22" type="stmt"/>
      <line num="34" count="22" type="stmt"/>
      <line num="35" count="21" type="stmt"/>
      <line num="36" count="21" type="stmt"/>
      <line num="37" count="27" type="stmt"/>
      <line num="38" count="27" type="stmt"/>
      <line num="40" count="21" type="stmt"/>
      <line num="41" count="21" type="stmt"/>
      <line num="43" count="22" type="stmt"/>
      <line num="47" count="21" type="stmt"/>
      <line num="48" count="27" type="stmt"/>
      <line num="49" count="27" type="stmt"/>
      <line num="51" count="27" type="stmt"/>
      <line num="57" count="22" type="stmt"/>
      <line num="58" count="22" type="stmt"/>
      <line num="64" count="52" type="stmt"/>
      <line num="65" count="29" type="stmt"/>
      <line num="66" count="29" type="cond" truecount="2" falsecount="0"/>
      <line num="67" count="2" type="stmt"/>
      <line num="68" count="2" type="cond" truecount="1" falsecount="1"/>
      <line num="69" count="2" type="cond" truecount="1" falsecount="1"/>
      <line num="70" count="2" type="stmt"/>
      <line num="72" count="2" type="stmt"/>
      <line num="74" count="29" type="cond" truecount="2" falsecount="0"/>
      <line num="77" count="22" type="stmt"/>
      <line num="78" count="21" type="stmt"/>
      <line num="79" count="22" type="stmt"/>
      <line num="80" count="2" type="stmt"/>
      <line num="82" count="22" type="stmt"/>
      <line num="83" count="22" type="stmt"/>
      <line num="84" count="22" type="stmt"/>
      <line num="85" count="22" type="stmt"/>
      <line num="86" count="3" type="cond" truecount="2" falsecount="0"/>
      <line num="87" count="1" type="stmt"/>
      <line num="93" count="1" type="stmt"/>
      <line num="95" count="2" type="cond" truecount="1" falsecount="1"/>
      <line num="96" count="2" type="stmt"/>
      <line num="97" count="2" type="stmt"/>
      <line num="98" count="2" type="cond" truecount="1" falsecount="1"/>
      <line num="99" count="2" type="cond" truecount="1" falsecount="1"/>
      <line num="101" count="0" type="stmt"/>
      <line num="102" count="0" type="stmt"/>
      <line num="103" count="0" type="stmt"/>
      <line num="104" count="0" type="stmt"/>
      <line num="106" count="22" type="stmt"/>
      <line num="107" count="1" type="cond" truecount="1" falsecount="1"/>
      <line num="121" count="22" type="stmt"/>
      <line num="122" count="22" type="stmt"/>
      <line num="123" count="22" type="stmt"/>
      <line num="124" count="22" type="stmt"/>
      <line num="125" count="22" type="stmt"/>
      <line num="126" count="22" type="stmt"/>
      <line num="127" count="22" type="stmt"/>
      <line num="128" count="28" type="stmt"/>
      <line num="130" count="22" type="stmt"/>
      <line num="131" count="14" type="cond" truecount="1" falsecount="1"/>
      <line num="132" count="0" type="stmt"/>
      <line num="138" count="14" type="cond" truecount="2" falsecount="0"/>
      <line num="139" count="4" type="stmt"/>
      <line num="140" count="4" type="cond" truecount="2" falsecount="0"/>
      <line num="141" count="1" type="stmt"/>
      <line num="151" count="22" type="stmt"/>
      <line num="155" count="6" type="cond" truecount="5" falsecount="0"/>
      <line num="157" count="1" type="stmt"/>
      <line num="159" count="2" type="cond" truecount="1" falsecount="1"/>
      <line num="160" count="2" type="stmt"/>
      <line num="167" count="2" type="stmt"/>
      <line num="169" count="1" type="cond" truecount="1" falsecount="1"/>
      <line num="170" count="1" type="stmt"/>
      <line num="177" count="1" type="stmt"/>
      <line num="179" count="1" type="cond" truecount="1" falsecount="1"/>
      <line num="180" count="1" type="stmt"/>
      <line num="187" count="1" type="stmt"/>
      <line num="189" count="1" type="stmt"/>
      <line num="193" count="22" type="stmt"/>
      <line num="194" count="14" type="stmt"/>
      <line num="195" count="14" type="stmt"/>
      <line num="196" count="14" type="stmt"/>
      <line num="197" count="14" type="stmt"/>
      <line num="198" count="14" type="cond" truecount="11" falsecount="0"/>
      <line num="202" count="3" type="stmt"/>
      <line num="203" count="3" type="cond" truecount="2" falsecount="0"/>
      <line num="204" count="1" type="stmt"/>
      <line num="212" count="2" type="cond" truecount="2" falsecount="2"/>
      <line num="213" count="2" type="cond" truecount="4" falsecount="0"/>
      <line num="214" count="1" type="stmt"/>
      <line num="222" count="3" type="stmt"/>
      <line num="225" count="1" type="cond" truecount="3" falsecount="1"/>
      <line num="226" count="1" type="stmt"/>
      <line num="233" count="1" type="stmt"/>
      <line num="236" count="3" type="stmt"/>
      <line num="237" count="3" type="cond" truecount="2" falsecount="0"/>
      <line num="238" count="2" type="stmt"/>
      <line num="245" count="3" type="cond" truecount="2" falsecount="0"/>
      <line num="246" count="2" type="cond" truecount="4" falsecount="0"/>
      <line num="247" count="1" type="stmt"/>
      <line num="254" count="2" type="cond" truecount="2" falsecount="0"/>
      <line num="258" count="1" type="stmt"/>
      <line num="266" count="3" type="stmt"/>
      <line num="269" count="2" type="cond" truecount="2" falsecount="0"/>
      <line num="270" count="1" type="stmt"/>
      <line num="277" count="2" type="cond" truecount="4" falsecount="0"/>
      <line num="278" count="1" type="stmt"/>
      <line num="285" count="2" type="stmt"/>
      <line num="286" count="2" type="stmt"/>
      <line num="289" count="2" type="stmt"/>
      <line num="290" count="2" type="cond" truecount="1" falsecount="1"/>
      <line num="291" count="0" type="stmt"/>
      <line num="298" count="2" type="stmt"/>
      <line num="299" count="2" type="cond" truecount="1" falsecount="1"/>
      <line num="300" count="2" type="stmt"/>
      <line num="301" count="2" type="cond" truecount="2" falsecount="0"/>
      <line num="302" count="1" type="stmt"/>
      <line num="311" count="2" type="stmt"/>
      <line num="312" count="1" type="stmt"/>
      <line num="315" count="2" type="stmt"/>
      <line num="318" count="1" type="cond" truecount="1" falsecount="1"/>
      <line num="319" count="1" type="stmt"/>
      <line num="326" count="1" type="stmt"/>
      <line num="327" count="1" type="stmt"/>
      <line num="330" count="1" type="cond" truecount="3" falsecount="1"/>
      <line num="331" count="1" type="stmt"/>
      <line num="338" count="1" type="stmt"/>
      <line num="340" count="1" type="stmt"/>
      <line num="344" count="22" type="stmt"/>
      <line num="345" count="2" type="stmt"/>
      <line num="346" count="2" type="stmt"/>
      <line num="347" count="2" type="stmt"/>
      <line num="348" count="2" type="stmt"/>
      <line num="350" count="2" type="cond" truecount="2" falsecount="0"/>
      <line num="351" count="1" type="stmt"/>
      <line num="360" count="22" type="stmt"/>
      <line num="361" count="2" type="cond" truecount="4" falsecount="0"/>
      <line num="362" count="1" type="stmt"/>
      <line num="372" count="22" type="stmt"/>
      <line num="373" count="21" type="stmt"/>
      <line num="374" count="27" type="cond" truecount="2" falsecount="2"/>
      <line num="375" count="0" type="stmt"/>
      <line num="382" count="27" type="stmt"/>
      <line num="383" count="39" type="cond" truecount="4" falsecount="0"/>
      <line num="384" count="1" type="stmt"/>
      <line num="385" count="1" type="cond" truecount="1" falsecount="1"/>
      <line num="386" count="1" type="stmt"/>
      <line num="395" count="27" type="cond" truecount="5" falsecount="0"/>
      <line num="396" count="1" type="stmt"/>
      <line num="406" count="22" type="stmt"/>
      <line num="408" count="22" type="stmt"/>
      <line num="409" count="22" type="cond" truecount="2" falsecount="0"/>
      <line num="410" count="1" type="stmt"/>
      <line num="417" count="22" type="cond" truecount="4" falsecount="0"/>
      <line num="418" count="1" type="stmt"/>
      <line num="426" count="22" type="stmt"/>
    </file>
    <file name="sha256.ts" path="D:\MDHPROJECT\metis-development-tool\packages\mdt-schema\src\sha256.ts">
      <metrics statements="44" coveredstatements="44" conditionals="2" coveredconditionals="1" methods="3" coveredmethods="3"/>
      <line num="8" count="2" type="stmt"/>
      <line num="19" count="183168" type="stmt"/>
      <line num="23" count="11" type="cond" truecount="1" falsecount="1"/>
      <line num="24" count="11" type="stmt"/>
      <line num="26" count="11" type="stmt"/>
      <line num="27" count="11" type="stmt"/>
      <line num="28" count="11" type="stmt"/>
      <line num="29" count="11" type="stmt"/>
      <line num="30" count="11" type="stmt"/>
      <line num="31" count="11" type="stmt"/>
      <line num="33" count="11" type="stmt"/>
      <line num="36" count="11" type="stmt"/>
      <line num="38" count="11" type="stmt"/>
      <line num="39" count="5088" type="stmt"/>
      <line num="40" count="318" type="stmt"/>
      <line num="41" count="15264" type="stmt"/>
      <line num="42" count="15264" type="stmt"/>
      <line num="43" count="15264" type="stmt"/>
      <line num="45" count="318" type="stmt"/>
      <line num="46" count="318" type="stmt"/>
      <line num="47" count="20352" type="stmt"/>
      <line num="48" count="20352" type="stmt"/>
      <line num="49" count="20352" type="stmt"/>
      <line num="50" count="20352" type="stmt"/>
      <line num="51" count="20352" type="stmt"/>
      <line num="52" count="20352" type="stmt"/>
      <line num="53" count="20352" type="stmt"/>
      <line num="54" count="20352" type="stmt"/>
      <line num="55" count="20352" type="stmt"/>
      <line num="56" count="20352" type="stmt"/>
      <line num="57" count="20352" type="stmt"/>
      <line num="58" count="20352" type="stmt"/>
      <line num="59" count="20352" type="stmt"/>
      <line num="60" count="20352" type="stmt"/>
      <line num="62" count="318" type="stmt"/>
      <line num="63" count="318" type="stmt"/>
      <line num="64" count="318" type="stmt"/>
      <line num="65" count="318" type="stmt"/>
      <line num="66" count="318" type="stmt"/>
      <line num="67" count="318" type="stmt"/>
      <line num="68" count="318" type="stmt"/>
      <line num="69" count="318" type="stmt"/>
      <line num="72" count="11" type="stmt"/>
      <line num="73" count="88" type="stmt"/>
    </file>
  </project>
</coverage>
