{"D:\\MDHPROJECT\\metis-development-tool\\packages\\mdt-schema\\src\\blueprint.ts": {"path":"D:\\MDHPROJECT\\metis-development-tool\\packages\\mdt-schema\\src\\blueprint.ts","statementMap":{"0":{"start":{"line":23,"column":33},"end":{"line":23,"column":null}},"1":{"start":{"line":43,"column":2},"end":{"line":56,"column":null}},"2":{"start":{"line":61,"column":52},"end":{"line":61,"column":null}},"3":{"start":{"line":62,"column":2},"end":{"line":62,"column":null}},"4":{"start":{"line":67,"column":2},"end":{"line":67,"column":null}},"5":{"start":{"line":72,"column":2},"end":{"line":72,"column":null}}},"fnMap":{"0":{"name":"toBuildBlueprint","decl":{"start":{"line":42,"column":16},"end":{"line":42,"column":33}},"loc":{"start":{"line":42,"column":71},"end":{"line":57,"column":null}},"line":42},"1":{"name":"stripPageUiState","decl":{"start":{"line":60,"column":9},"end":{"line":60,"column":26}},"loc":{"start":{"line":60,"column":44},"end":{"line":63,"column":null}},"line":60},"2":{"name":"blueprintCanonicalJson","decl":{"start":{"line":66,"column":16},"end":{"line":66,"column":39}},"loc":{"start":{"line":66,"column":74},"end":{"line":68,"column":null}},"line":66},"3":{"name":"blueprintHash","decl":{"start":{"line":71,"column":16},"end":{"line":71,"column":30}},"loc":{"start":{"line":71,"column":65},"end":{"line":73,"column":null}},"line":71}},"branchMap":{},"s":{"0":1,"1":7,"2":7,"3":7,"4":11,"5":6},"f":{"0":7,"1":7,"2":11,"3":6},"b":{},"meta":{"lastBranch":0,"lastFunction":4,"lastStatement":6,"seen":{"s:23:33:23:Infinity":0,"f:42:16:42:33":0,"s:43:2:56:Infinity":1,"f:60:9:60:26":1,"s:61:52:61:Infinity":2,"s:62:2:62:Infinity":3,"f:66:16:66:39":2,"s:67:2:67:Infinity":4,"f:71:16:71:30":3,"s:72:2:72:Infinity":5},"fnNames":{}}}
,"D:\\MDHPROJECT\\metis-development-tool\\packages\\mdt-schema\\src\\ids.ts": {"path":"D:\\MDHPROJECT\\metis-development-tool\\packages\\mdt-schema\\src\\ids.ts","statementMap":{"0":{"start":{"line":18,"column":26},"end":{"line":18,"column":null}},"1":{"start":{"line":20,"column":13},"end":{"line":20,"column":null}},"2":{"start":{"line":21,"column":14},"end":{"line":21,"column":null}},"3":{"start":{"line":24,"column":16},"end":{"line":24,"column":null}},"4":{"start":{"line":25,"column":2},"end":{"line":25,"column":null}},"5":{"start":{"line":26,"column":2},"end":{"line":26,"column":null}},"6":{"start":{"line":30,"column":12},"end":{"line":30,"column":null}},"7":{"start":{"line":32,"column":2},"end":{"line":32,"column":null}},"8":{"start":{"line":36,"column":2},"end":{"line":36,"column":null}},"9":{"start":{"line":41,"column":11},"end":{"line":41,"column":null}},"10":{"start":{"line":42,"column":2},"end":{"line":54,"column":null}},"11":{"start":{"line":43,"column":4},"end":{"line":43,"column":null}},"12":{"start":{"line":44,"column":4},"end":{"line":50,"column":null}},"13":{"start":{"line":46,"column":6},"end":{"line":48,"column":null}},"14":{"start":{"line":47,"column":8},"end":{"line":47,"column":null}},"15":{"start":{"line":49,"column":6},"end":{"line":49,"column":null}},"16":{"start":{"line":52,"column":4},"end":{"line":52,"column":null}},"17":{"start":{"line":53,"column":4},"end":{"line":53,"column":null}},"18":{"start":{"line":55,"column":14},"end":{"line":55,"column":null}},"19":{"start":{"line":56,"column":15},"end":{"line":56,"column":null}},"20":{"start":{"line":57,"column":2},"end":{"line":57,"column":null}},"21":{"start":{"line":58,"column":2},"end":{"line":58,"column":null}},"22":{"start":{"line":60,"column":2},"end":{"line":60,"column":null}},"23":{"start":{"line":61,"column":2},"end":{"line":61,"column":null}},"24":{"start":{"line":62,"column":2},"end":{"line":62,"column":null}},"25":{"start":{"line":63,"column":2},"end":{"line":63,"column":null}},"26":{"start":{"line":64,"column":14},"end":{"line":64,"column":null}},"27":{"start":{"line":64,"column":37},"end":{"line":64,"column":68}},"28":{"start":{"line":65,"column":2},"end":{"line":65,"column":null}},"29":{"start":{"line":70,"column":2},"end":{"line":70,"column":null}}},"fnMap":{"0":{"name":"randomBytes","decl":{"start":{"line":23,"column":9},"end":{"line":23,"column":21}},"loc":{"start":{"line":23,"column":49},"end":{"line":27,"column":null}},"line":23},"1":{"name":"seedCounter","decl":{"start":{"line":29,"column":9},"end":{"line":29,"column":31}},"loc":{"start":{"line":29,"column":31},"end":{"line":33,"column":null}},"line":29},"2":{"name":"writeRandom","decl":{"start":{"line":35,"column":9},"end":{"line":35,"column":21}},"loc":{"start":{"line":35,"column":78},"end":{"line":37,"column":null}},"line":35},"3":{"name":"createId","decl":{"start":{"line":40,"column":16},"end":{"line":40,"column":35}},"loc":{"start":{"line":40,"column":35},"end":{"line":66,"column":null}},"line":40},"4":{"name":"(anonymous_4)","decl":{"start":{"line":64,"column":30},"end":{"line":64,"column":31}},"loc":{"start":{"line":64,"column":37},"end":{"line":64,"column":68}},"line":64},"5":{"name":"isId","decl":{"start":{"line":69,"column":16},"end":{"line":69,"column":21}},"loc":{"start":{"line":69,"column":54},"end":{"line":71,"column":null}},"line":69}},"branchMap":{"0":{"loc":{"start":{"line":42,"column":2},"end":{"line":54,"column":null}},"type":"if","locations":[{"start":{"line":42,"column":2},"end":{"line":54,"column":null}},{"start":{"line":51,"column":9},"end":{"line":54,"column":null}}],"line":42},"1":{"loc":{"start":{"line":44,"column":4},"end":{"line":50,"column":null}},"type":"if","locations":[{"start":{"line":44,"column":4},"end":{"line":50,"column":null}},{"start":{},"end":{}}],"line":44},"2":{"loc":{"start":{"line":70,"column":9},"end":{"line":70,"column":null}},"type":"binary-expr","locations":[{"start":{"line":70,"column":9},"end":{"line":70,"column":38}},{"start":{"line":70,"column":38},"end":{"line":70,"column":null}}],"line":70}},"s":{"0":6,"1":6,"2":6,"3":101149,"4":101149,"5":101149,"6":986,"7":986,"8":100163,"9":100163,"10":100163,"11":99200,"12":99200,"13":23,"14":216089,"15":23,"16":963,"17":963,"18":100163,"19":100163,"20":100163,"21":100163,"22":100163,"23":100163,"24":100163,"25":100163,"26":100163,"27":1602608,"28":100163,"29":2},"f":{"0":101149,"1":986,"2":100163,"3":100163,"4":1602608,"5":2},"b":{"0":[99200,963],"1":[23,99177],"2":[2,2]},"meta":{"lastBranch":3,"lastFunction":6,"lastStatement":30,"seen":{"s:18:26:18:Infinity":0,"s:20:13:20:Infinity":1,"s:21:14:21:Infinity":2,"f:23:9:23:21":0,"s:24:16:24:Infinity":3,"s:25:2:25:Infinity":4,"s:26:2:26:Infinity":5,"f:29:9:29:31":1,"s:30:12:30:Infinity":6,"s:32:2:32:Infinity":7,"f:35:9:35:21":2,"s:36:2:36:Infinity":8,"f:40:16:40:35":3,"s:41:11:41:Infinity":9,"b:42:2:54:Infinity:51:9:54:Infinity":0,"s:42:2:54:Infinity":10,"s:43:4:43:Infinity":11,"b:44:4:50:Infinity:undefined:undefined:undefined:undefined":1,"s:44:4:50:Infinity":12,"s:46:6:48:Infinity":13,"s:47:8:47:Infinity":14,"s:49:6:49:Infinity":15,"s:52:4:52:Infinity":16,"s:53:4:53:Infinity":17,"s:55:14:55:Infinity":18,"s:56:15:56:Infinity":19,"s:57:2:57:Infinity":20,"s:58:2:58:Infinity":21,"s:60:2:60:Infinity":22,"s:61:2:61:Infinity":23,"s:62:2:62:Infinity":24,"s:63:2:63:Infinity":25,"s:64:14:64:Infinity":26,"f:64:30:64:31":4,"s:64:37:64:68":27,"s:65:2:65:Infinity":28,"f:69:16:69:21":5,"s:70:2:70:Infinity":29,"b:70:9:70:38:70:38:70:Infinity":2},"fnNames":{}}}
,"D:\\MDHPROJECT\\metis-development-tool\\packages\\mdt-schema\\src\\index.ts": {"path":"D:\\MDHPROJECT\\metis-development-tool\\packages\\mdt-schema\\src\\index.ts","statementMap":{},"fnMap":{},"branchMap":{},"s":{},"f":{},"b":{},"meta":{"lastBranch":0,"lastFunction":0,"lastStatement":0,"seen":{},"fnNames":{}}}
,"D:\\MDHPROJECT\\metis-development-tool\\packages\\mdt-schema\\src\\json.ts": {"path":"D:\\MDHPROJECT\\metis-development-tool\\packages\\mdt-schema\\src\\json.ts","statementMap":{"0":{"start":{"line":7,"column":53},"end":{"line":16,"column":null}},"1":{"start":{"line":8,"column":2},"end":{"line":15,"column":null}},"2":{"start":{"line":19,"column":71},"end":{"line":22,"column":null}},"3":{"start":{"line":30,"column":2},"end":{"line":30,"column":null}},"4":{"start":{"line":30,"column":27},"end":{"line":30,"column":null}},"5":{"start":{"line":31,"column":2},"end":{"line":39,"column":null}},"6":{"start":{"line":32,"column":4},"end":{"line":32,"column":null}},"7":{"start":{"line":32,"column":45},"end":{"line":32,"column":null}},"8":{"start":{"line":33,"column":4},"end":{"line":33,"column":null}},"9":{"start":{"line":33,"column":26},"end":{"line":33,"column":null}},"10":{"start":{"line":34,"column":17},"end":{"line":36,"column":null}},"11":{"start":{"line":35,"column":21},"end":{"line":35,"column":39}},"12":{"start":{"line":37,"column":17},"end":{"line":37,"column":null}},"13":{"start":{"line":37,"column":33},"end":{"line":37,"column":69}},"14":{"start":{"line":38,"column":4},"end":{"line":38,"column":null}}},"fnMap":{"0":{"name":"(anonymous_0)","decl":{"start":{"line":7,"column":60},"end":{"line":7,"column":null}},"loc":{"start":{"line":8,"column":2},"end":{"line":15,"column":null}},"line":8},"1":{"name":"stableStringify","decl":{"start":{"line":29,"column":16},"end":{"line":29,"column":32}},"loc":{"start":{"line":29,"column":70},"end":{"line":40,"column":null}},"line":29},"2":{"name":"walk","decl":{"start":{"line":31,"column":19},"end":{"line":31,"column":24}},"loc":{"start":{"line":31,"column":46},"end":{"line":39,"column":5}},"line":31},"3":{"name":"(anonymous_3)","decl":{"start":{"line":35,"column":14},"end":{"line":35,"column":15}},"loc":{"start":{"line":35,"column":21},"end":{"line":35,"column":39}},"line":35},"4":{"name":"(anonymous_4)","decl":{"start":{"line":37,"column":26},"end":{"line":37,"column":27}},"loc":{"start":{"line":37,"column":33},"end":{"line":37,"column":69}},"line":37}},"branchMap":{"0":{"loc":{"start":{"line":30,"column":2},"end":{"line":30,"column":null}},"type":"if","locations":[{"start":{"line":30,"column":2},"end":{"line":30,"column":null}},{"start":{},"end":{}}],"line":30},"1":{"loc":{"start":{"line":32,"column":4},"end":{"line":32,"column":null}},"type":"if","locations":[{"start":{"line":32,"column":4},"end":{"line":32,"column":null}},{"start":{},"end":{}}],"line":32},"2":{"loc":{"start":{"line":32,"column":8},"end":{"line":32,"column":45}},"type":"binary-expr","locations":[{"start":{"line":32,"column":8},"end":{"line":32,"column":22}},{"start":{"line":32,"column":22},"end":{"line":32,"column":45}}],"line":32},"3":{"loc":{"start":{"line":33,"column":4},"end":{"line":33,"column":null}},"type":"if","locations":[{"start":{"line":33,"column":4},"end":{"line":33,"column":null}},{"start":{},"end":{}}],"line":33}},"s":{"0":5,"1":56,"2":5,"3":17,"4":0,"5":17,"6":1159,"7":630,"8":529,"9":169,"10":360,"11":1046,"12":360,"13":1046,"14":360},"f":{"0":56,"1":17,"2":1159,"3":1046,"4":1046},"b":{"0":[0,17],"1":[630,529],"2":[1159,1159],"3":[169,360]},"meta":{"lastBranch":4,"lastFunction":5,"lastStatement":15,"seen":{"s:7:53:16:Infinity":0,"f:7:60:7:Infinity":0,"s:8:2:15:Infinity":1,"s:19:71:22:Infinity":2,"f:29:16:29:32":1,"b:30:2:30:Infinity:undefined:undefined:undefined:undefined":0,"s:30:2:30:Infinity":3,"s:30:27:30:Infinity":4,"s:31:2:39:Infinity":5,"f:31:19:31:24":2,"b:32:4:32:Infinity:undefined:undefined:undefined:undefined":1,"s:32:4:32:Infinity":6,"b:32:8:32:22:32:22:32:45":2,"s:32:45:32:Infinity":7,"b:33:4:33:Infinity:undefined:undefined:undefined:undefined":3,"s:33:4:33:Infinity":8,"s:33:26:33:Infinity":9,"s:34:17:36:Infinity":10,"f:35:14:35:15":3,"s:35:21:35:39":11,"s:37:17:37:Infinity":12,"f:37:26:37:27":4,"s:37:33:37:69":13,"s:38:4:38:Infinity":14},"fnNames":{}}}
,"D:\\MDHPROJECT\\metis-development-tool\\packages\\mdt-schema\\src\\migrate.ts": {"path":"D:\\MDHPROJECT\\metis-development-tool\\packages\\mdt-schema\\src\\migrate.ts","statementMap":{"0":{"start":{"line":36,"column":39},"end":{"line":36,"column":null}},"1":{"start":{"line":39,"column":2},"end":{"line":39,"column":null}},"2":{"start":{"line":39,"column":27},"end":{"line":39,"column":null}},"3":{"start":{"line":40,"column":2},"end":{"line":40,"column":null}},"4":{"start":{"line":44,"column":20},"end":{"line":44,"column":null}},"5":{"start":{"line":47,"column":17},"end":{"line":47,"column":null}},"6":{"start":{"line":48,"column":2},"end":{"line":56,"column":null}},"7":{"start":{"line":49,"column":4},"end":{"line":55,"column":null}},"8":{"start":{"line":57,"column":38},"end":{"line":57,"column":null}},"9":{"start":{"line":58,"column":22},"end":{"line":58,"column":null}},"10":{"start":{"line":59,"column":2},"end":{"line":67,"column":null}},"11":{"start":{"line":60,"column":4},"end":{"line":66,"column":null}},"12":{"start":{"line":68,"column":28},"end":{"line":68,"column":null}},"13":{"start":{"line":69,"column":2},"end":{"line":82,"column":null}},"14":{"start":{"line":69,"column":15},"end":{"line":69,"column":28}},"15":{"start":{"line":70,"column":17},"end":{"line":70,"column":null}},"16":{"start":{"line":70,"column":40},"end":{"line":70,"column":52}},"17":{"start":{"line":71,"column":4},"end":{"line":79,"column":null}},"18":{"start":{"line":72,"column":6},"end":{"line":78,"column":null}},"19":{"start":{"line":80,"column":4},"end":{"line":80,"column":null}},"20":{"start":{"line":81,"column":4},"end":{"line":81,"column":null}},"21":{"start":{"line":83,"column":20},"end":{"line":83,"column":null}},"22":{"start":{"line":84,"column":2},"end":{"line":92,"column":null}},"23":{"start":{"line":85,"column":4},"end":{"line":91,"column":null}},"24":{"start":{"line":93,"column":2},"end":{"line":99,"column":null}}},"fnMap":{"0":{"name":"registerMigration","decl":{"start":{"line":38,"column":16},"end":{"line":38,"column":34}},"loc":{"start":{"line":38,"column":54},"end":{"line":41,"column":null}},"line":38},"1":{"name":"migrateProjectJson","decl":{"start":{"line":46,"column":16},"end":{"line":46,"column":35}},"loc":{"start":{"line":46,"column":66},"end":{"line":100,"column":null}},"line":46},"2":{"name":"(anonymous_2)","decl":{"start":{"line":70,"column":33},"end":{"line":70,"column":34}},"loc":{"start":{"line":70,"column":40},"end":{"line":70,"column":52}},"line":70}},"branchMap":{"0":{"loc":{"start":{"line":39,"column":2},"end":{"line":39,"column":null}},"type":"if","locations":[{"start":{"line":39,"column":2},"end":{"line":39,"column":null}},{"start":{},"end":{}}],"line":39},"1":{"loc":{"start":{"line":48,"column":2},"end":{"line":56,"column":null}},"type":"if","locations":[{"start":{"line":48,"column":2},"end":{"line":56,"column":null}},{"start":{},"end":{}}],"line":48},"2":{"loc":{"start":{"line":54,"column":45},"end":{"line":54,"column":92}},"type":"binary-expr","locations":[{"start":{"line":54,"column":45},"end":{"line":54,"column":80}},{"start":{"line":54,"column":80},"end":{"line":54,"column":92}}],"line":54},"3":{"loc":{"start":{"line":59,"column":2},"end":{"line":67,"column":null}},"type":"if","locations":[{"start":{"line":59,"column":2},"end":{"line":67,"column":null}},{"start":{},"end":{}}],"line":59},"4":{"loc":{"start":{"line":71,"column":4},"end":{"line":79,"column":null}},"type":"if","locations":[{"start":{"line":71,"column":4},"end":{"line":79,"column":null}},{"start":{},"end":{}}],"line":71},"5":{"loc":{"start":{"line":84,"column":2},"end":{"line":92,"column":null}},"type":"if","locations":[{"start":{"line":84,"column":2},"end":{"line":92,"column":null}},{"start":{},"end":{}}],"line":84},"6":{"loc":{"start":{"line":90,"column":59},"end":{"line":90,"column":106}},"type":"binary-expr","locations":[{"start":{"line":90,"column":59},"end":{"line":90,"column":97}},{"start":{"line":90,"column":97},"end":{"line":90,"column":106}}],"line":90}},"s":{"0":1,"1":4,"2":0,"3":4,"4":1,"5":7,"6":7,"7":1,"8":6,"9":6,"10":6,"11":1,"12":5,"13":5,"14":5,"15":4,"16":3,"17":4,"18":1,"19":3,"20":3,"21":3,"22":3,"23":0,"24":4},"f":{"0":4,"1":7,"2":3},"b":{"0":[0,4],"1":[1,6],"2":[1,0],"3":[1,5],"4":[1,3],"5":[0,3],"6":[0,0]},"meta":{"lastBranch":7,"lastFunction":3,"lastStatement":25,"seen":{"s:36:39:36:Infinity":0,"f:38:16:38:34":0,"b:39:2:39:Infinity:undefined:undefined:undefined:undefined":0,"s:39:2:39:Infinity":1,"s:39:27:39:Infinity":2,"s:40:2:40:Infinity":3,"s:44:20:44:Infinity":4,"f:46:16:46:35":1,"s:47:17:47:Infinity":5,"b:48:2:56:Infinity:undefined:undefined:undefined:undefined":1,"s:48:2:56:Infinity":6,"s:49:4:55:Infinity":7,"b:54:45:54:80:54:80:54:92":2,"s:57:38:57:Infinity":8,"s:58:22:58:Infinity":9,"b:59:2:67:Infinity:undefined:undefined:undefined:undefined":3,"s:59:2:67:Infinity":10,"s:60:4:66:Infinity":11,"s:68:28:68:Infinity":12,"s:69:2:82:Infinity":13,"s:69:15:69:28":14,"s:70:17:70:Infinity":15,"f:70:33:70:34":2,"s:70:40:70:52":16,"b:71:4:79:Infinity:undefined:undefined:undefined:undefined":4,"s:71:4:79:Infinity":17,"s:72:6:78:Infinity":18,"s:80:4:80:Infinity":19,"s:81:4:81:Infinity":20,"s:83:20:83:Infinity":21,"b:84:2:92:Infinity:undefined:undefined:undefined:undefined":5,"s:84:2:92:Infinity":22,"s:85:4:91:Infinity":23,"b:90:59:90:97:90:97:90:106":6,"s:93:2:99:Infinity":24},"fnNames":{}}}
,"D:\\MDHPROJECT\\metis-development-tool\\packages\\mdt-schema\\src\\parse.ts": {"path":"D:\\MDHPROJECT\\metis-development-tool\\packages\\mdt-schema\\src\\parse.ts","statementMap":{"0":{"start":{"line":22,"column":17},"end":{"line":22,"column":null}},"1":{"start":{"line":23,"column":2},"end":{"line":23,"column":null}},"2":{"start":{"line":23,"column":22},"end":{"line":23,"column":null}},"3":{"start":{"line":24,"column":2},"end":{"line":31,"column":null}},"4":{"start":{"line":26,"column":48},"end":{"line":29,"column":6}},"5":{"start":{"line":39,"column":2},"end":{"line":39,"column":null}}},"fnMap":{"0":{"name":"parseProject","decl":{"start":{"line":21,"column":16},"end":{"line":21,"column":29}},"loc":{"start":{"line":21,"column":63},"end":{"line":32,"column":null}},"line":21},"1":{"name":"(anonymous_1)","decl":{"start":{"line":26,"column":36},"end":{"line":26,"column":37}},"loc":{"start":{"line":26,"column":48},"end":{"line":29,"column":6}},"line":26},"2":{"name":"projectJsonSchema","decl":{"start":{"line":38,"column":16},"end":{"line":38,"column":61}},"loc":{"start":{"line":38,"column":61},"end":{"line":40,"column":null}},"line":38}},"branchMap":{"0":{"loc":{"start":{"line":23,"column":2},"end":{"line":23,"column":null}},"type":"if","locations":[{"start":{"line":23,"column":2},"end":{"line":23,"column":null}},{"start":{},"end":{}}],"line":23},"1":{"loc":{"start":{"line":27,"column":12},"end":{"line":27,"column":null}},"type":"binary-expr","locations":[{"start":{"line":27,"column":12},"end":{"line":27,"column":48}},{"start":{"line":27,"column":48},"end":{"line":27,"column":null}}],"line":27}},"s":{"0":9,"1":9,"2":8,"3":1,"4":5,"5":1},"f":{"0":9,"1":5,"2":1},"b":{"0":[8,1],"1":[5,0]},"meta":{"lastBranch":2,"lastFunction":3,"lastStatement":6,"seen":{"f:21:16:21:29":0,"s:22:17:22:Infinity":0,"b:23:2:23:Infinity:undefined:undefined:undefined:undefined":0,"s:23:2:23:Infinity":1,"s:23:22:23:Infinity":2,"s:24:2:31:Infinity":3,"f:26:36:26:37":1,"s:26:48:29:6":4,"b:27:12:27:48:27:48:27:Infinity":1,"f:38:16:38:61":2,"s:39:2:39:Infinity":5},"fnNames":{}}}
,"D:\\MDHPROJECT\\metis-development-tool\\packages\\mdt-schema\\src\\project.ts": {"path":"D:\\MDHPROJECT\\metis-development-tool\\packages\\mdt-schema\\src\\project.ts","statementMap":{"0":{"start":{"line":18,"column":30},"end":{"line":18,"column":null}},"1":{"start":{"line":20,"column":17},"end":{"line":20,"column":null}},"2":{"start":{"line":23,"column":19},"end":{"line":23,"column":null}},"3":{"start":{"line":29,"column":33},"end":{"line":50,"column":null}},"4":{"start":{"line":54,"column":57},"end":{"line":66,"column":null}},"5":{"start":{"line":68,"column":30},"end":{"line":74,"column":null}},"6":{"start":{"line":81,"column":28},"end":{"line":88,"column":null}},"7":{"start":{"line":91,"column":35},"end":{"line":95,"column":null}},"8":{"start":{"line":97,"column":38},"end":{"line":120,"column":null}},"9":{"start":{"line":138,"column":49},"end":{"line":149,"column":null}},"10":{"start":{"line":139,"column":2},"end":{"line":148,"column":null}},"11":{"start":{"line":147,"column":35},"end":{"line":147,"column":48}},"12":{"start":{"line":155,"column":30},"end":{"line":155,"column":null}},"13":{"start":{"line":158,"column":30},"end":{"line":163,"column":null}},"14":{"start":{"line":165,"column":34},"end":{"line":176,"column":null}},"15":{"start":{"line":188,"column":43},"end":{"line":198,"column":null}},"16":{"start":{"line":189,"column":2},"end":{"line":197,"column":null}},"17":{"start":{"line":211,"column":53},"end":{"line":219,"column":null}},"18":{"start":{"line":212,"column":2},"end":{"line":218,"column":null}},"19":{"start":{"line":225,"column":33},"end":{"line":249,"column":null}},"20":{"start":{"line":252,"column":27},"end":{"line":270,"column":null}},"21":{"start":{"line":277,"column":34},"end":{"line":277,"column":null}},"22":{"start":{"line":279,"column":37},"end":{"line":286,"column":null}},"23":{"start":{"line":289,"column":40},"end":{"line":301,"column":null}},"24":{"start":{"line":308,"column":29},"end":{"line":308,"column":null}},"25":{"start":{"line":311,"column":35},"end":{"line":317,"column":null}},"26":{"start":{"line":320,"column":24},"end":{"line":331,"column":null}},"27":{"start":{"line":333,"column":39},"end":{"line":373,"column":null}},"28":{"start":{"line":376,"column":33},"end":{"line":379,"column":null}},"29":{"start":{"line":386,"column":33},"end":{"line":394,"column":null}},"30":{"start":{"line":401,"column":35},"end":{"line":401,"column":null}},"31":{"start":{"line":402,"column":34},"end":{"line":402,"column":null}},"32":{"start":{"line":404,"column":30},"end":{"line":441,"column":null}},"33":{"start":{"line":415,"column":4},"end":{"line":422,"column":null}},"34":{"start":{"line":416,"column":6},"end":{"line":421,"column":null}},"35":{"start":{"line":423,"column":14},"end":{"line":423,"column":null}},"36":{"start":{"line":424,"column":4},"end":{"line":424,"column":null}},"37":{"start":{"line":424,"column":25},"end":{"line":424,"column":null}},"38":{"start":{"line":426,"column":6},"end":{"line":432,"column":null}},"39":{"start":{"line":433,"column":4},"end":{"line":440,"column":null}},"40":{"start":{"line":434,"column":6},"end":{"line":439,"column":null}},"41":{"start":{"line":448,"column":27},"end":{"line":459,"column":null}},"42":{"start":{"line":454,"column":19},"end":{"line":454,"column":38}},"43":{"start":{"line":466,"column":27},"end":{"line":469,"column":null}},"44":{"start":{"line":471,"column":36},"end":{"line":475,"column":null}},"45":{"start":{"line":477,"column":30},"end":{"line":493,"column":null}},"46":{"start":{"line":498,"column":33},"end":{"line":523,"column":null}}},"fnMap":{"0":{"name":"(anonymous_0)","decl":{"start":{"line":138,"column":56},"end":{"line":138,"column":null}},"loc":{"start":{"line":139,"column":2},"end":{"line":148,"column":null}},"line":139},"1":{"name":"(anonymous_1)","decl":{"start":{"line":147,"column":29},"end":{"line":147,"column":35}},"loc":{"start":{"line":147,"column":35},"end":{"line":147,"column":48}},"line":147},"2":{"name":"(anonymous_2)","decl":{"start":{"line":188,"column":50},"end":{"line":188,"column":null}},"loc":{"start":{"line":189,"column":2},"end":{"line":197,"column":null}},"line":189},"3":{"name":"(anonymous_3)","decl":{"start":{"line":211,"column":60},"end":{"line":211,"column":null}},"loc":{"start":{"line":212,"column":2},"end":{"line":218,"column":null}},"line":212},"4":{"name":"(anonymous_4)","decl":{"start":{"line":414,"column":15},"end":{"line":414,"column":16}},"loc":{"start":{"line":414,"column":27},"end":{"line":441,"column":3}},"line":414},"5":{"name":"(anonymous_5)","decl":{"start":{"line":454,"column":12},"end":{"line":454,"column":13}},"loc":{"start":{"line":454,"column":19},"end":{"line":454,"column":38}},"line":454}},"branchMap":{"0":{"loc":{"start":{"line":415,"column":4},"end":{"line":422,"column":null}},"type":"if","locations":[{"start":{"line":415,"column":4},"end":{"line":422,"column":null}},{"start":{},"end":{}}],"line":415},"1":{"loc":{"start":{"line":415,"column":8},"end":{"line":415,"column":41}},"type":"binary-expr","locations":[{"start":{"line":415,"column":8},"end":{"line":415,"column":30}},{"start":{"line":415,"column":30},"end":{"line":415,"column":41}}],"line":415},"2":{"loc":{"start":{"line":424,"column":4},"end":{"line":424,"column":null}},"type":"if","locations":[{"start":{"line":424,"column":4},"end":{"line":424,"column":null}},{"start":{},"end":{}}],"line":424},"3":{"loc":{"start":{"line":426,"column":6},"end":{"line":432,"column":null}},"type":"cond-expr","locations":[{"start":{"line":427,"column":10},"end":{"line":427,"column":null}},{"start":{"line":428,"column":10},"end":{"line":432,"column":null}}],"line":426},"4":{"loc":{"start":{"line":428,"column":10},"end":{"line":432,"column":null}},"type":"cond-expr","locations":[{"start":{"line":429,"column":12},"end":{"line":429,"column":null}},{"start":{"line":430,"column":12},"end":{"line":432,"column":null}}],"line":428},"5":{"loc":{"start":{"line":430,"column":12},"end":{"line":432,"column":null}},"type":"cond-expr","locations":[{"start":{"line":431,"column":14},"end":{"line":431,"column":null}},{"start":{"line":432,"column":14},"end":{"line":432,"column":null}}],"line":430},"6":{"loc":{"start":{"line":433,"column":4},"end":{"line":440,"column":null}},"type":"if","locations":[{"start":{"line":433,"column":4},"end":{"line":440,"column":null}},{"start":{},"end":{}}],"line":433}},"s":{"0":5,"1":5,"2":5,"3":5,"4":5,"5":5,"6":5,"7":5,"8":5,"9":5,"10":21,"11":24,"12":5,"13":5,"14":5,"15":5,"16":7,"17":5,"18":5,"19":5,"20":5,"21":5,"22":5,"23":5,"24":5,"25":5,"26":5,"27":5,"28":5,"29":5,"30":5,"31":5,"32":5,"33":6,"34":1,"35":6,"36":6,"37":2,"38":4,"39":6,"40":1,"41":5,"42":0,"43":5,"44":5,"45":5,"46":5},"f":{"0":21,"1":24,"2":7,"3":5,"4":6,"5":0},"b":{"0":[1,5],"1":[6,2],"2":[2,4],"3":[1,3],"4":[1,2],"5":[1,1],"6":[1,5]},"meta":{"lastBranch":7,"lastFunction":6,"lastStatement":47,"seen":{"s:18:30:18:Infinity":0,"s:20:17:20:Infinity":1,"s:23:19:23:Infinity":2,"s:29:33:50:Infinity":3,"s:54:57:66:Infinity":4,"s:68:30:74:Infinity":5,"s:81:28:88:Infinity":6,"s:91:35:95:Infinity":7,"s:97:38:120:Infinity":8,"s:138:49:149:Infinity":9,"f:138:56:138:Infinity":0,"s:139:2:148:Infinity":10,"f:147:29:147:35":1,"s:147:35:147:48":11,"s:155:30:155:Infinity":12,"s:158:30:163:Infinity":13,"s:165:34:176:Infinity":14,"s:188:43:198:Infinity":15,"f:188:50:188:Infinity":2,"s:189:2:197:Infinity":16,"s:211:53:219:Infinity":17,"f:211:60:211:Infinity":3,"s:212:2:218:Infinity":18,"s:225:33:249:Infinity":19,"s:252:27:270:Infinity":20,"s:277:34:277:Infinity":21,"s:279:37:286:Infinity":22,"s:289:40:301:Infinity":23,"s:308:29:308:Infinity":24,"s:311:35:317:Infinity":25,"s:320:24:331:Infinity":26,"s:333:39:373:Infinity":27,"s:376:33:379:Infinity":28,"s:386:33:394:Infinity":29,"s:401:35:401:Infinity":30,"s:402:34:402:Infinity":31,"s:404:30:441:Infinity":32,"f:414:15:414:16":4,"b:415:4:422:Infinity:undefined:undefined:undefined:undefined":0,"s:415:4:422:Infinity":33,"b:415:8:415:30:415:30:415:41":1,"s:416:6:421:Infinity":34,"s:423:14:423:Infinity":35,"b:424:4:424:Infinity:undefined:undefined:undefined:undefined":2,"s:424:4:424:Infinity":36,"s:424:25:424:Infinity":37,"s:426:6:432:Infinity":38,"b:427:10:427:Infinity:428:10:432:Infinity":3,"b:429:12:429:Infinity:430:12:432:Infinity":4,"b:431:14:431:Infinity:432:14:432:Infinity":5,"b:433:4:440:Infinity:undefined:undefined:undefined:undefined":6,"s:433:4:440:Infinity":39,"s:434:6:439:Infinity":40,"s:448:27:459:Infinity":41,"f:454:12:454:13":5,"s:454:19:454:38":42,"s:466:27:469:Infinity":43,"s:471:36:475:Infinity":44,"s:477:30:493:Infinity":45,"s:498:33:523:Infinity":46},"fnNames":{}}}
,"D:\\MDHPROJECT\\metis-development-tool\\packages\\mdt-schema\\src\\refs.ts": {"path":"D:\\MDHPROJECT\\metis-development-tool\\packages\\mdt-schema\\src\\refs.ts","statementMap":{"0":{"start":{"line":33,"column":14},"end":{"line":33,"column":null}},"1":{"start":{"line":34,"column":2},"end":{"line":42,"column":null}},"2":{"start":{"line":35,"column":23},"end":{"line":35,"column":null}},"3":{"start":{"line":36,"column":18},"end":{"line":39,"column":null}},"4":{"start":{"line":37,"column":6},"end":{"line":37,"column":null}},"5":{"start":{"line":38,"column":6},"end":{"line":38,"column":null}},"6":{"start":{"line":40,"column":4},"end":{"line":40,"column":null}},"7":{"start":{"line":41,"column":4},"end":{"line":41,"column":null}},"8":{"start":{"line":43,"column":2},"end":{"line":43,"column":null}},"9":{"start":{"line":47,"column":15},"end":{"line":50,"column":null}},"10":{"start":{"line":48,"column":4},"end":{"line":48,"column":null}},"11":{"start":{"line":49,"column":4},"end":{"line":49,"column":null}},"12":{"start":{"line":49,"column":34},"end":{"line":49,"column":67}},"13":{"start":{"line":51,"column":2},"end":{"line":51,"column":null}},"14":{"start":{"line":51,"column":35},"end":{"line":51,"column":61}},"15":{"start":{"line":57,"column":22},"end":{"line":57,"column":null}},"16":{"start":{"line":58,"column":18},"end":{"line":76,"column":null}},"17":{"start":{"line":64,"column":4},"end":{"line":75,"column":null}},"18":{"start":{"line":65,"column":16},"end":{"line":65,"column":null}},"19":{"start":{"line":66,"column":6},"end":{"line":73,"column":null}},"20":{"start":{"line":67,"column":23},"end":{"line":67,"column":null}},"21":{"start":{"line":68,"column":8},"end":{"line":71,"column":null}},"22":{"start":{"line":69,"column":10},"end":{"line":69,"column":null}},"23":{"start":{"line":69,"column":50},"end":{"line":69,"column":null}},"24":{"start":{"line":70,"column":10},"end":{"line":70,"column":null}},"25":{"start":{"line":72,"column":8},"end":{"line":72,"column":null}},"26":{"start":{"line":74,"column":6},"end":{"line":74,"column":null}},"27":{"start":{"line":77,"column":2},"end":{"line":78,"column":null}},"28":{"start":{"line":78,"column":4},"end":{"line":78,"column":null}},"29":{"start":{"line":79,"column":2},"end":{"line":81,"column":null}},"30":{"start":{"line":80,"column":4},"end":{"line":80,"column":null}},"31":{"start":{"line":82,"column":19},"end":{"line":82,"column":null}},"32":{"start":{"line":83,"column":18},"end":{"line":83,"column":null}},"33":{"start":{"line":84,"column":26},"end":{"line":84,"column":null}},"34":{"start":{"line":85,"column":14},"end":{"line":105,"column":null}},"35":{"start":{"line":86,"column":4},"end":{"line":94,"column":null}},"36":{"start":{"line":87,"column":6},"end":{"line":92,"column":null}},"37":{"start":{"line":93,"column":6},"end":{"line":93,"column":null}},"38":{"start":{"line":95,"column":4},"end":{"line":95,"column":null}},"39":{"start":{"line":95,"column":27},"end":{"line":95,"column":null}},"40":{"start":{"line":96,"column":4},"end":{"line":96,"column":null}},"41":{"start":{"line":97,"column":4},"end":{"line":97,"column":null}},"42":{"start":{"line":98,"column":4},"end":{"line":100,"column":null}},"43":{"start":{"line":99,"column":6},"end":{"line":99,"column":null}},"44":{"start":{"line":99,"column":21},"end":{"line":99,"column":null}},"45":{"start":{"line":101,"column":4},"end":{"line":101,"column":null}},"46":{"start":{"line":102,"column":4},"end":{"line":102,"column":null}},"47":{"start":{"line":103,"column":4},"end":{"line":103,"column":null}},"48":{"start":{"line":104,"column":4},"end":{"line":104,"column":null}},"49":{"start":{"line":106,"column":2},"end":{"line":108,"column":null}},"50":{"start":{"line":107,"column":4},"end":{"line":107,"column":null}},"51":{"start":{"line":107,"column":27},"end":{"line":107,"column":null}},"52":{"start":{"line":121,"column":29},"end":{"line":121,"column":null}},"53":{"start":{"line":122,"column":16},"end":{"line":122,"column":null}},"54":{"start":{"line":123,"column":17},"end":{"line":123,"column":null}},"55":{"start":{"line":123,"column":51},"end":{"line":123,"column":55}},"56":{"start":{"line":124,"column":30},"end":{"line":124,"column":null}},"57":{"start":{"line":124,"column":70},"end":{"line":124,"column":79}},"58":{"start":{"line":125,"column":20},"end":{"line":125,"column":null}},"59":{"start":{"line":125,"column":57},"end":{"line":125,"column":61}},"60":{"start":{"line":126,"column":21},"end":{"line":126,"column":null}},"61":{"start":{"line":126,"column":55},"end":{"line":126,"column":61}},"62":{"start":{"line":127,"column":21},"end":{"line":127,"column":null}},"63":{"start":{"line":127,"column":59},"end":{"line":127,"column":63}},"64":{"start":{"line":128,"column":15},"end":{"line":128,"column":null}},"65":{"start":{"line":128,"column":54},"end":{"line":128,"column":null}},"66":{"start":{"line":130,"column":22},"end":{"line":149,"column":null}},"67":{"start":{"line":131,"column":4},"end":{"line":148,"column":null}},"68":{"start":{"line":132,"column":6},"end":{"line":137,"column":null}},"69":{"start":{"line":138,"column":4},"end":{"line":148,"column":null}},"70":{"start":{"line":139,"column":16},"end":{"line":139,"column":null}},"71":{"start":{"line":140,"column":6},"end":{"line":147,"column":null}},"72":{"start":{"line":141,"column":8},"end":{"line":146,"column":null}},"73":{"start":{"line":151,"column":29},"end":{"line":191,"column":null}},"74":{"start":{"line":155,"column":4},"end":{"line":190,"column":null}},"75":{"start":{"line":157,"column":8},"end":{"line":157,"column":null}},"76":{"start":{"line":159,"column":8},"end":{"line":166,"column":null}},"77":{"start":{"line":160,"column":10},"end":{"line":165,"column":null}},"78":{"start":{"line":167,"column":8},"end":{"line":167,"column":null}},"79":{"start":{"line":169,"column":8},"end":{"line":176,"column":null}},"80":{"start":{"line":170,"column":10},"end":{"line":175,"column":null}},"81":{"start":{"line":177,"column":8},"end":{"line":177,"column":null}},"82":{"start":{"line":179,"column":8},"end":{"line":186,"column":null}},"83":{"start":{"line":180,"column":10},"end":{"line":185,"column":null}},"84":{"start":{"line":187,"column":8},"end":{"line":187,"column":null}},"85":{"start":{"line":189,"column":8},"end":{"line":189,"column":null}},"86":{"start":{"line":193,"column":2},"end":{"line":342,"column":null}},"87":{"start":{"line":194,"column":17},"end":{"line":194,"column":null}},"88":{"start":{"line":195,"column":4},"end":{"line":195,"column":null}},"89":{"start":{"line":196,"column":14},"end":{"line":196,"column":null}},"90":{"start":{"line":197,"column":23},"end":{"line":197,"column":null}},"91":{"start":{"line":198,"column":4},"end":{"line":341,"column":null}},"92":{"start":{"line":202,"column":23},"end":{"line":202,"column":null}},"93":{"start":{"line":203,"column":8},"end":{"line":221,"column":null}},"94":{"start":{"line":204,"column":10},"end":{"line":209,"column":null}},"95":{"start":{"line":212,"column":12},"end":{"line":212,"column":null}},"96":{"start":{"line":213,"column":10},"end":{"line":220,"column":null}},"97":{"start":{"line":214,"column":12},"end":{"line":219,"column":null}},"98":{"start":{"line":222,"column":8},"end":{"line":222,"column":null}},"99":{"start":{"line":225,"column":8},"end":{"line":232,"column":null}},"100":{"start":{"line":226,"column":10},"end":{"line":231,"column":null}},"101":{"start":{"line":233,"column":8},"end":{"line":233,"column":null}},"102":{"start":{"line":236,"column":32},"end":{"line":236,"column":null}},"103":{"start":{"line":237,"column":8},"end":{"line":244,"column":null}},"104":{"start":{"line":238,"column":10},"end":{"line":243,"column":null}},"105":{"start":{"line":245,"column":8},"end":{"line":265,"column":null}},"106":{"start":{"line":246,"column":10},"end":{"line":253,"column":null}},"107":{"start":{"line":247,"column":12},"end":{"line":252,"column":null}},"108":{"start":{"line":254,"column":10},"end":{"line":264,"column":null}},"109":{"start":{"line":258,"column":12},"end":{"line":263,"column":null}},"110":{"start":{"line":266,"column":8},"end":{"line":266,"column":null}},"111":{"start":{"line":269,"column":8},"end":{"line":276,"column":null}},"112":{"start":{"line":270,"column":10},"end":{"line":275,"column":null}},"113":{"start":{"line":277,"column":8},"end":{"line":284,"column":null}},"114":{"start":{"line":278,"column":10},"end":{"line":283,"column":null}},"115":{"start":{"line":285,"column":8},"end":{"line":285,"column":null}},"116":{"start":{"line":286,"column":8},"end":{"line":286,"column":null}},"117":{"start":{"line":289,"column":25},"end":{"line":289,"column":null}},"118":{"start":{"line":290,"column":8},"end":{"line":314,"column":null}},"119":{"start":{"line":291,"column":10},"end":{"line":296,"column":null}},"120":{"start":{"line":298,"column":25},"end":{"line":298,"column":null}},"121":{"start":{"line":299,"column":10},"end":{"line":310,"column":null}},"122":{"start":{"line":300,"column":12},"end":{"line":309,"column":null}},"123":{"start":{"line":301,"column":14},"end":{"line":308,"column":null}},"124":{"start":{"line":302,"column":16},"end":{"line":307,"column":null}},"125":{"start":{"line":311,"column":10},"end":{"line":313,"column":null}},"126":{"start":{"line":312,"column":12},"end":{"line":312,"column":null}},"127":{"start":{"line":315,"column":8},"end":{"line":315,"column":null}},"128":{"start":{"line":318,"column":8},"end":{"line":325,"column":null}},"129":{"start":{"line":319,"column":10},"end":{"line":324,"column":null}},"130":{"start":{"line":326,"column":8},"end":{"line":326,"column":null}},"131":{"start":{"line":327,"column":8},"end":{"line":327,"column":null}},"132":{"start":{"line":330,"column":8},"end":{"line":337,"column":null}},"133":{"start":{"line":331,"column":10},"end":{"line":336,"column":null}},"134":{"start":{"line":338,"column":8},"end":{"line":338,"column":null}},"135":{"start":{"line":340,"column":8},"end":{"line":340,"column":null}},"136":{"start":{"line":344,"column":2},"end":{"line":358,"column":null}},"137":{"start":{"line":345,"column":17},"end":{"line":345,"column":null}},"138":{"start":{"line":346,"column":4},"end":{"line":346,"column":null}},"139":{"start":{"line":347,"column":21},"end":{"line":349,"column":null}},"140":{"start":{"line":348,"column":6},"end":{"line":348,"column":null}},"141":{"start":{"line":350,"column":4},"end":{"line":357,"column":null}},"142":{"start":{"line":351,"column":6},"end":{"line":356,"column":null}},"143":{"start":{"line":360,"column":2},"end":{"line":369,"column":null}},"144":{"start":{"line":361,"column":4},"end":{"line":368,"column":null}},"145":{"start":{"line":362,"column":6},"end":{"line":367,"column":null}},"146":{"start":{"line":372,"column":2},"end":{"line":404,"column":null}},"147":{"start":{"line":373,"column":4},"end":{"line":403,"column":null}},"148":{"start":{"line":374,"column":6},"end":{"line":381,"column":null}},"149":{"start":{"line":375,"column":8},"end":{"line":380,"column":null}},"150":{"start":{"line":382,"column":6},"end":{"line":394,"column":null}},"151":{"start":{"line":383,"column":8},"end":{"line":393,"column":null}},"152":{"start":{"line":384,"column":28},"end":{"line":384,"column":null}},"153":{"start":{"line":385,"column":10},"end":{"line":392,"column":null}},"154":{"start":{"line":386,"column":12},"end":{"line":391,"column":null}},"155":{"start":{"line":395,"column":6},"end":{"line":402,"column":null}},"156":{"start":{"line":396,"column":8},"end":{"line":401,"column":null}},"157":{"start":{"line":406,"column":2},"end":{"line":406,"column":null}},"158":{"start":{"line":408,"column":24},"end":{"line":408,"column":null}},"159":{"start":{"line":408,"column":53},"end":{"line":408,"column":64}},"160":{"start":{"line":409,"column":2},"end":{"line":416,"column":null}},"161":{"start":{"line":410,"column":4},"end":{"line":415,"column":null}},"162":{"start":{"line":417,"column":2},"end":{"line":424,"column":null}},"163":{"start":{"line":418,"column":4},"end":{"line":423,"column":null}},"164":{"start":{"line":426,"column":2},"end":{"line":426,"column":null}},"165":{"start":{"line":426,"column":35},"end":{"line":426,"column":57}}},"fnMap":{"0":{"name":"indexPages","decl":{"start":{"line":32,"column":9},"end":{"line":32,"column":20}},"loc":{"start":{"line":32,"column":66},"end":{"line":44,"column":null}},"line":32},"1":{"name":"(anonymous_1)","decl":{"start":{"line":36,"column":18},"end":{"line":36,"column":19}},"loc":{"start":{"line":36,"column":35},"end":{"line":39,"column":null}},"line":36},"2":{"name":"walkElements","decl":{"start":{"line":46,"column":9},"end":{"line":46,"column":22}},"loc":{"start":{"line":46,"column":84},"end":{"line":52,"column":null}},"line":46},"3":{"name":"(anonymous_3)","decl":{"start":{"line":47,"column":15},"end":{"line":47,"column":16}},"loc":{"start":{"line":47,"column":46},"end":{"line":50,"column":null}},"line":47},"4":{"name":"(anonymous_4)","decl":{"start":{"line":49,"column":24},"end":{"line":49,"column":25}},"loc":{"start":{"line":49,"column":34},"end":{"line":49,"column":67}},"line":49},"5":{"name":"(anonymous_5)","decl":{"start":{"line":51,"column":24},"end":{"line":51,"column":25}},"loc":{"start":{"line":51,"column":35},"end":{"line":51,"column":61}},"line":51},"6":{"name":"findComponentCycle","decl":{"start":{"line":55,"column":9},"end":{"line":55,"column":28}},"loc":{"start":{"line":55,"column":76},"end":{"line":109,"column":null}},"line":55},"7":{"name":"(anonymous_7)","decl":{"start":{"line":58,"column":18},"end":{"line":58,"column":null}},"loc":{"start":{"line":63,"column":7},"end":{"line":76,"column":null}},"line":63},"8":{"name":"(anonymous_8)","decl":{"start":{"line":64,"column":21},"end":{"line":64,"column":22}},"loc":{"start":{"line":64,"column":32},"end":{"line":75,"column":5}},"line":64},"9":{"name":"(anonymous_9)","decl":{"start":{"line":85,"column":14},"end":{"line":85,"column":15}},"loc":{"start":{"line":85,"column":41},"end":{"line":105,"column":null}},"line":85},"10":{"name":"validateRefs","decl":{"start":{"line":120,"column":16},"end":{"line":120,"column":29}},"loc":{"start":{"line":120,"column":97},"end":{"line":427,"column":null}},"line":120},"11":{"name":"(anonymous_11)","decl":{"start":{"line":123,"column":44},"end":{"line":123,"column":45}},"loc":{"start":{"line":123,"column":51},"end":{"line":123,"column":55}},"line":123},"12":{"name":"(anonymous_12)","decl":{"start":{"line":124,"column":63},"end":{"line":124,"column":64}},"loc":{"start":{"line":124,"column":70},"end":{"line":124,"column":79}},"line":124},"13":{"name":"(anonymous_13)","decl":{"start":{"line":125,"column":50},"end":{"line":125,"column":51}},"loc":{"start":{"line":125,"column":57},"end":{"line":125,"column":61}},"line":125},"14":{"name":"(anonymous_14)","decl":{"start":{"line":126,"column":48},"end":{"line":126,"column":49}},"loc":{"start":{"line":126,"column":55},"end":{"line":126,"column":61}},"line":126},"15":{"name":"(anonymous_15)","decl":{"start":{"line":127,"column":52},"end":{"line":127,"column":53}},"loc":{"start":{"line":127,"column":59},"end":{"line":127,"column":63}},"line":127},"16":{"name":"(anonymous_16)","decl":{"start":{"line":128,"column":15},"end":{"line":128,"column":16}},"loc":{"start":{"line":128,"column":54},"end":{"line":128,"column":null}},"line":128},"17":{"name":"(anonymous_17)","decl":{"start":{"line":130,"column":22},"end":{"line":130,"column":23}},"loc":{"start":{"line":130,"column":96},"end":{"line":149,"column":null}},"line":130},"18":{"name":"(anonymous_18)","decl":{"start":{"line":151,"column":29},"end":{"line":151,"column":null}},"loc":{"start":{"line":154,"column":13},"end":{"line":191,"column":null}},"line":154},"19":{"name":"(anonymous_19)","decl":{"start":{"line":193,"column":31},"end":{"line":193,"column":32}},"loc":{"start":{"line":193,"column":52},"end":{"line":342,"column":3}},"line":193},"20":{"name":"(anonymous_20)","decl":{"start":{"line":344,"column":27},"end":{"line":344,"column":28}},"loc":{"start":{"line":344,"column":44},"end":{"line":358,"column":3}},"line":344},"21":{"name":"(anonymous_21)","decl":{"start":{"line":347,"column":40},"end":{"line":347,"column":41}},"loc":{"start":{"line":348,"column":6},"end":{"line":348,"column":null}},"line":348},"22":{"name":"(anonymous_22)","decl":{"start":{"line":360,"column":28},"end":{"line":360,"column":29}},"loc":{"start":{"line":360,"column":39},"end":{"line":369,"column":3}},"line":360},"23":{"name":"(anonymous_23)","decl":{"start":{"line":373,"column":20},"end":{"line":373,"column":21}},"loc":{"start":{"line":373,"column":36},"end":{"line":403,"column":5}},"line":373},"24":{"name":"(anonymous_24)","decl":{"start":{"line":408,"column":46},"end":{"line":408,"column":47}},"loc":{"start":{"line":408,"column":53},"end":{"line":408,"column":64}},"line":408},"25":{"name":"(anonymous_25)","decl":{"start":{"line":426,"column":28},"end":{"line":426,"column":29}},"loc":{"start":{"line":426,"column":35},"end":{"line":426,"column":57}},"line":426}},"branchMap":{"0":{"loc":{"start":{"line":66,"column":6},"end":{"line":73,"column":null}},"type":"if","locations":[{"start":{"line":66,"column":6},"end":{"line":73,"column":null}},{"start":{},"end":{}}],"line":66},"1":{"loc":{"start":{"line":68,"column":8},"end":{"line":71,"column":null}},"type":"if","locations":[{"start":{"line":68,"column":8},"end":{"line":71,"column":null}},{"start":{},"end":{}}],"line":68},"2":{"loc":{"start":{"line":69,"column":10},"end":{"line":69,"column":null}},"type":"if","locations":[{"start":{"line":69,"column":10},"end":{"line":69,"column":null}},{"start":{},"end":{}}],"line":69},"3":{"loc":{"start":{"line":74,"column":27},"end":{"line":74,"column":74}},"type":"binary-expr","locations":[{"start":{"line":74,"column":27},"end":{"line":74,"column":56}},{"start":{"line":74,"column":56},"end":{"line":74,"column":74}}],"line":74},"4":{"loc":{"start":{"line":86,"column":4},"end":{"line":94,"column":null}},"type":"if","locations":[{"start":{"line":86,"column":4},"end":{"line":94,"column":null}},{"start":{},"end":{}}],"line":86},"5":{"loc":{"start":{"line":95,"column":4},"end":{"line":95,"column":null}},"type":"if","locations":[{"start":{"line":95,"column":4},"end":{"line":95,"column":null}},{"start":{},"end":{}}],"line":95},"6":{"loc":{"start":{"line":98,"column":23},"end":{"line":98,"column":52}},"type":"binary-expr","locations":[{"start":{"line":98,"column":23},"end":{"line":98,"column":48}},{"start":{"line":98,"column":48},"end":{"line":98,"column":52}}],"line":98},"7":{"loc":{"start":{"line":99,"column":6},"end":{"line":99,"column":null}},"type":"if","locations":[{"start":{"line":99,"column":6},"end":{"line":99,"column":null}},{"start":{},"end":{}}],"line":99},"8":{"loc":{"start":{"line":107,"column":4},"end":{"line":107,"column":null}},"type":"if","locations":[{"start":{"line":107,"column":4},"end":{"line":107,"column":null}},{"start":{},"end":{}}],"line":107},"9":{"loc":{"start":{"line":120,"column":51},"end":{"line":120,"column":97}},"type":"default-arg","locations":[{"start":{"line":120,"column":82},"end":{"line":120,"column":97}}],"line":120},"10":{"loc":{"start":{"line":131,"column":4},"end":{"line":148,"column":null}},"type":"if","locations":[{"start":{"line":131,"column":4},"end":{"line":148,"column":null}},{"start":{"line":138,"column":4},"end":{"line":148,"column":null}}],"line":131},"11":{"loc":{"start":{"line":138,"column":4},"end":{"line":148,"column":null}},"type":"if","locations":[{"start":{"line":138,"column":4},"end":{"line":148,"column":null}},{"start":{},"end":{}}],"line":138},"12":{"loc":{"start":{"line":140,"column":6},"end":{"line":147,"column":null}},"type":"if","locations":[{"start":{"line":140,"column":6},"end":{"line":147,"column":null}},{"start":{},"end":{}}],"line":140},"13":{"loc":{"start":{"line":155,"column":4},"end":{"line":190,"column":null}},"type":"switch","locations":[{"start":{"line":156,"column":6},"end":{"line":157,"column":null}},{"start":{"line":158,"column":6},"end":{"line":167,"column":null}},{"start":{"line":168,"column":6},"end":{"line":177,"column":null}},{"start":{"line":178,"column":6},"end":{"line":187,"column":null}},{"start":{"line":188,"column":6},"end":{"line":189,"column":null}}],"line":155},"14":{"loc":{"start":{"line":159,"column":8},"end":{"line":166,"column":null}},"type":"if","locations":[{"start":{"line":159,"column":8},"end":{"line":166,"column":null}},{"start":{},"end":{}}],"line":159},"15":{"loc":{"start":{"line":169,"column":8},"end":{"line":176,"column":null}},"type":"if","locations":[{"start":{"line":169,"column":8},"end":{"line":176,"column":null}},{"start":{},"end":{}}],"line":169},"16":{"loc":{"start":{"line":179,"column":8},"end":{"line":186,"column":null}},"type":"if","locations":[{"start":{"line":179,"column":8},"end":{"line":186,"column":null}},{"start":{},"end":{}}],"line":179},"17":{"loc":{"start":{"line":198,"column":4},"end":{"line":341,"column":null}},"type":"switch","locations":[{"start":{"line":199,"column":6},"end":{"line":199,"column":null}},{"start":{"line":200,"column":6},"end":{"line":200,"column":null}},{"start":{"line":201,"column":6},"end":{"line":223,"column":null}},{"start":{"line":224,"column":6},"end":{"line":233,"column":null}},{"start":{"line":234,"column":6},"end":{"line":234,"column":null}},{"start":{"line":235,"column":6},"end":{"line":267,"column":null}},{"start":{"line":268,"column":6},"end":{"line":287,"column":null}},{"start":{"line":288,"column":6},"end":{"line":316,"column":null}},{"start":{"line":317,"column":6},"end":{"line":328,"column":null}},{"start":{"line":329,"column":6},"end":{"line":338,"column":null}},{"start":{"line":339,"column":6},"end":{"line":340,"column":null}}],"line":198},"18":{"loc":{"start":{"line":203,"column":8},"end":{"line":221,"column":null}},"type":"if","locations":[{"start":{"line":203,"column":8},"end":{"line":221,"column":null}},{"start":{"line":210,"column":15},"end":{"line":221,"column":null}}],"line":203},"19":{"loc":{"start":{"line":212,"column":12},"end":{"line":212,"column":null}},"type":"cond-expr","locations":[{"start":{"line":212,"column":36},"end":{"line":212,"column":43}},{"start":{"line":212,"column":43},"end":{"line":212,"column":null}}],"line":212},"20":{"loc":{"start":{"line":212,"column":43},"end":{"line":212,"column":null}},"type":"cond-expr","locations":[{"start":{"line":212,"column":68},"end":{"line":212,"column":78}},{"start":{"line":212,"column":78},"end":{"line":212,"column":null}}],"line":212},"21":{"loc":{"start":{"line":213,"column":10},"end":{"line":220,"column":null}},"type":"if","locations":[{"start":{"line":213,"column":10},"end":{"line":220,"column":null}},{"start":{},"end":{}}],"line":213},"22":{"loc":{"start":{"line":213,"column":14},"end":{"line":213,"column":57}},"type":"binary-expr","locations":[{"start":{"line":213,"column":14},"end":{"line":213,"column":26}},{"start":{"line":213,"column":26},"end":{"line":213,"column":57}}],"line":213},"23":{"loc":{"start":{"line":225,"column":8},"end":{"line":232,"column":null}},"type":"if","locations":[{"start":{"line":225,"column":8},"end":{"line":232,"column":null}},{"start":{},"end":{}}],"line":225},"24":{"loc":{"start":{"line":225,"column":12},"end":{"line":225,"column":53}},"type":"binary-expr","locations":[{"start":{"line":225,"column":12},"end":{"line":225,"column":30}},{"start":{"line":225,"column":30},"end":{"line":225,"column":53}}],"line":225},"25":{"loc":{"start":{"line":237,"column":8},"end":{"line":244,"column":null}},"type":"if","locations":[{"start":{"line":237,"column":8},"end":{"line":244,"column":null}},{"start":{},"end":{}}],"line":237},"26":{"loc":{"start":{"line":245,"column":8},"end":{"line":265,"column":null}},"type":"if","locations":[{"start":{"line":245,"column":8},"end":{"line":265,"column":null}},{"start":{},"end":{}}],"line":245},"27":{"loc":{"start":{"line":246,"column":10},"end":{"line":253,"column":null}},"type":"if","locations":[{"start":{"line":246,"column":10},"end":{"line":253,"column":null}},{"start":{},"end":{}}],"line":246},"28":{"loc":{"start":{"line":246,"column":14},"end":{"line":246,"column":80}},"type":"binary-expr","locations":[{"start":{"line":246,"column":14},"end":{"line":246,"column":49}},{"start":{"line":246,"column":49},"end":{"line":246,"column":80}}],"line":246},"29":{"loc":{"start":{"line":254,"column":10},"end":{"line":264,"column":null}},"type":"if","locations":[{"start":{"line":254,"column":10},"end":{"line":264,"column":null}},{"start":{},"end":{}}],"line":254},"30":{"loc":{"start":{"line":255,"column":12},"end":{"line":256,"column":null}},"type":"binary-expr","locations":[{"start":{"line":255,"column":12},"end":{"line":255,"column":null}},{"start":{"line":256,"column":12},"end":{"line":256,"column":null}}],"line":255},"31":{"loc":{"start":{"line":269,"column":8},"end":{"line":276,"column":null}},"type":"if","locations":[{"start":{"line":269,"column":8},"end":{"line":276,"column":null}},{"start":{},"end":{}}],"line":269},"32":{"loc":{"start":{"line":277,"column":8},"end":{"line":284,"column":null}},"type":"if","locations":[{"start":{"line":277,"column":8},"end":{"line":284,"column":null}},{"start":{},"end":{}}],"line":277},"33":{"loc":{"start":{"line":277,"column":12},"end":{"line":277,"column":97}},"type":"binary-expr","locations":[{"start":{"line":277,"column":12},"end":{"line":277,"column":31}},{"start":{"line":277,"column":31},"end":{"line":277,"column":97}}],"line":277},"34":{"loc":{"start":{"line":290,"column":8},"end":{"line":314,"column":null}},"type":"if","locations":[{"start":{"line":290,"column":8},"end":{"line":314,"column":null}},{"start":{"line":297,"column":15},"end":{"line":314,"column":null}}],"line":290},"35":{"loc":{"start":{"line":299,"column":10},"end":{"line":310,"column":null}},"type":"if","locations":[{"start":{"line":299,"column":10},"end":{"line":310,"column":null}},{"start":{},"end":{}}],"line":299},"36":{"loc":{"start":{"line":301,"column":14},"end":{"line":308,"column":null}},"type":"if","locations":[{"start":{"line":301,"column":14},"end":{"line":308,"column":null}},{"start":{},"end":{}}],"line":301},"37":{"loc":{"start":{"line":318,"column":8},"end":{"line":325,"column":null}},"type":"if","locations":[{"start":{"line":318,"column":8},"end":{"line":325,"column":null}},{"start":{},"end":{}}],"line":318},"38":{"loc":{"start":{"line":330,"column":8},"end":{"line":337,"column":null}},"type":"if","locations":[{"start":{"line":330,"column":8},"end":{"line":337,"column":null}},{"start":{},"end":{}}],"line":330},"39":{"loc":{"start":{"line":330,"column":12},"end":{"line":330,"column":97}},"type":"binary-expr","locations":[{"start":{"line":330,"column":12},"end":{"line":330,"column":31}},{"start":{"line":330,"column":31},"end":{"line":330,"column":97}}],"line":330},"40":{"loc":{"start":{"line":350,"column":4},"end":{"line":357,"column":null}},"type":"if","locations":[{"start":{"line":350,"column":4},"end":{"line":357,"column":null}},{"start":{},"end":{}}],"line":350},"41":{"loc":{"start":{"line":361,"column":4},"end":{"line":368,"column":null}},"type":"if","locations":[{"start":{"line":361,"column":4},"end":{"line":368,"column":null}},{"start":{},"end":{}}],"line":361},"42":{"loc":{"start":{"line":361,"column":8},"end":{"line":361,"column":37}},"type":"binary-expr","locations":[{"start":{"line":361,"column":8},"end":{"line":361,"column":20}},{"start":{"line":361,"column":20},"end":{"line":361,"column":37}}],"line":361},"43":{"loc":{"start":{"line":374,"column":6},"end":{"line":381,"column":null}},"type":"if","locations":[{"start":{"line":374,"column":6},"end":{"line":381,"column":null}},{"start":{},"end":{}}],"line":374},"44":{"loc":{"start":{"line":374,"column":10},"end":{"line":374,"column":83}},"type":"binary-expr","locations":[{"start":{"line":374,"column":10},"end":{"line":374,"column":39}},{"start":{"line":374,"column":39},"end":{"line":374,"column":83}}],"line":374},"45":{"loc":{"start":{"line":383,"column":8},"end":{"line":393,"column":null}},"type":"if","locations":[{"start":{"line":383,"column":8},"end":{"line":393,"column":null}},{"start":{},"end":{}}],"line":383},"46":{"loc":{"start":{"line":383,"column":12},"end":{"line":383,"column":69}},"type":"binary-expr","locations":[{"start":{"line":383,"column":12},"end":{"line":383,"column":41}},{"start":{"line":383,"column":41},"end":{"line":383,"column":69}}],"line":383},"47":{"loc":{"start":{"line":385,"column":10},"end":{"line":392,"column":null}},"type":"if","locations":[{"start":{"line":385,"column":10},"end":{"line":392,"column":null}},{"start":{},"end":{}}],"line":385},"48":{"loc":{"start":{"line":395,"column":6},"end":{"line":402,"column":null}},"type":"if","locations":[{"start":{"line":395,"column":6},"end":{"line":402,"column":null}},{"start":{},"end":{}}],"line":395},"49":{"loc":{"start":{"line":395,"column":10},"end":{"line":395,"column":93}},"type":"binary-expr","locations":[{"start":{"line":395,"column":10},"end":{"line":395,"column":32}},{"start":{"line":395,"column":32},"end":{"line":395,"column":57}},{"start":{"line":395,"column":57},"end":{"line":395,"column":93}}],"line":395},"50":{"loc":{"start":{"line":409,"column":2},"end":{"line":416,"column":null}},"type":"if","locations":[{"start":{"line":409,"column":2},"end":{"line":416,"column":null}},{"start":{},"end":{}}],"line":409},"51":{"loc":{"start":{"line":417,"column":2},"end":{"line":424,"column":null}},"type":"if","locations":[{"start":{"line":417,"column":2},"end":{"line":424,"column":null}},{"start":{},"end":{}}],"line":417},"52":{"loc":{"start":{"line":417,"column":6},"end":{"line":417,"column":87}},"type":"binary-expr","locations":[{"start":{"line":417,"column":6},"end":{"line":417,"column":41}},{"start":{"line":417,"column":41},"end":{"line":417,"column":87}}],"line":417}},"s":{"0":22,"1":22,"2":21,"3":21,"4":27,"5":27,"6":21,"7":21,"8":22,"9":21,"10":27,"11":27,"12":0,"13":21,"14":27,"15":22,"16":22,"17":52,"18":29,"19":29,"20":2,"21":2,"22":2,"23":2,"24":2,"25":2,"26":29,"27":22,"28":21,"29":22,"30":2,"31":22,"32":22,"33":22,"34":22,"35":3,"36":1,"37":1,"38":2,"39":0,"40":2,"41":2,"42":2,"43":2,"44":2,"45":0,"46":0,"47":0,"48":0,"49":22,"50":1,"51":1,"52":22,"53":22,"54":22,"55":3,"56":22,"57":2,"58":22,"59":2,"60":22,"61":0,"62":22,"63":2,"64":22,"65":28,"66":22,"67":14,"68":0,"69":14,"70":4,"71":4,"72":1,"73":22,"74":6,"75":1,"76":2,"77":2,"78":2,"79":1,"80":1,"81":1,"82":1,"83":1,"84":1,"85":1,"86":22,"87":14,"88":14,"89":14,"90":14,"91":14,"92":3,"93":3,"94":1,"95":2,"96":2,"97":1,"98":3,"99":1,"100":1,"101":1,"102":3,"103":3,"104":2,"105":3,"106":2,"107":1,"108":2,"109":1,"110":3,"111":2,"112":1,"113":2,"114":1,"115":2,"116":2,"117":2,"118":2,"119":0,"120":2,"121":2,"122":2,"123":2,"124":1,"125":2,"126":1,"127":2,"128":1,"129":1,"130":1,"131":1,"132":1,"133":1,"134":1,"135":1,"136":22,"137":2,"138":2,"139":2,"140":2,"141":2,"142":1,"143":22,"144":2,"145":1,"146":22,"147":21,"148":27,"149":0,"150":27,"151":39,"152":1,"153":1,"154":1,"155":27,"156":1,"157":22,"158":22,"159":3,"160":22,"161":1,"162":22,"163":1,"164":22,"165":20},"f":{"0":22,"1":27,"2":21,"3":27,"4":0,"5":27,"6":22,"7":52,"8":29,"9":3,"10":22,"11":3,"12":2,"13":2,"14":0,"15":2,"16":28,"17":14,"18":6,"19":14,"20":2,"21":2,"22":2,"23":27,"24":3,"25":20},"b":{"0":[2,27],"1":[2,0],"2":[2,0],"3":[29,27],"4":[1,2],"5":[0,2],"6":[2,0],"7":[2,0],"8":[1,0],"9":[22],"10":[0,14],"11":[4,10],"12":[1,3],"13":[1,2,1,1,1],"14":[2,0],"15":[1,0],"16":[1,0],"17":[1,3,3,1,1,3,2,2,1,1,1],"18":[1,2],"19":[0,2],"20":[2,0],"21":[1,1],"22":[2,2],"23":[1,0],"24":[1,1],"25":[2,1],"26":[2,1],"27":[1,1],"28":[2,1],"29":[1,1],"30":[2,1],"31":[1,1],"32":[1,1],"33":[2,1],"34":[0,2],"35":[2,0],"36":[1,1],"37":[1,0],"38":[1,0],"39":[1,1],"40":[1,1],"41":[1,1],"42":[2,1],"43":[0,27],"44":[27,0],"45":[1,38],"46":[39,27],"47":[1,0],"48":[1,26],"49":[27,12,1],"50":[1,21],"51":[1,21],"52":[22,1]},"meta":{"lastBranch":53,"lastFunction":26,"lastStatement":166,"seen":{"f:32:9:32:20":0,"s:33:14:33:Infinity":0,"s:34:2:42:Infinity":1,"s:35:23:35:Infinity":2,"s:36:18:39:Infinity":3,"f:36:18:36:19":1,"s:37:6:37:Infinity":4,"s:38:6:38:Infinity":5,"s:40:4:40:Infinity":6,"s:41:4:41:Infinity":7,"s:43:2:43:Infinity":8,"f:46:9:46:22":2,"s:47:15:50:Infinity":9,"f:47:15:47:16":3,"s:48:4:48:Infinity":10,"s:49:4:49:Infinity":11,"f:49:24:49:25":4,"s:49:34:49:67":12,"s:51:2:51:Infinity":13,"f:51:24:51:25":5,"s:51:35:51:61":14,"f:55:9:55:28":6,"s:57:22:57:Infinity":15,"s:58:18:76:Infinity":16,"f:58:18:58:Infinity":7,"s:64:4:75:Infinity":17,"f:64:21:64:22":8,"s:65:16:65:Infinity":18,"b:66:6:73:Infinity:undefined:undefined:undefined:undefined":0,"s:66:6:73:Infinity":19,"s:67:23:67:Infinity":20,"b:68:8:71:Infinity:undefined:undefined:undefined:undefined":1,"s:68:8:71:Infinity":21,"b:69:10:69:Infinity:undefined:undefined:undefined:undefined":2,"s:69:10:69:Infinity":22,"s:69:50:69:Infinity":23,"s:70:10:70:Infinity":24,"s:72:8:72:Infinity":25,"s:74:6:74:Infinity":26,"b:74:27:74:56:74:56:74:74":3,"s:77:2:78:Infinity":27,"s:78:4:78:Infinity":28,"s:79:2:81:Infinity":29,"s:80:4:80:Infinity":30,"s:82:19:82:Infinity":31,"s:83:18:83:Infinity":32,"s:84:26:84:Infinity":33,"s:85:14:105:Infinity":34,"f:85:14:85:15":9,"b:86:4:94:Infinity:undefined:undefined:undefined:undefined":4,"s:86:4:94:Infinity":35,"s:87:6:92:Infinity":36,"s:93:6:93:Infinity":37,"b:95:4:95:Infinity:undefined:undefined:undefined:undefined":5,"s:95:4:95:Infinity":38,"s:95:27:95:Infinity":39,"s:96:4:96:Infinity":40,"s:97:4:97:Infinity":41,"s:98:4:100:Infinity":42,"b:98:23:98:48:98:48:98:52":6,"b:99:6:99:Infinity:undefined:undefined:undefined:undefined":7,"s:99:6:99:Infinity":43,"s:99:21:99:Infinity":44,"s:101:4:101:Infinity":45,"s:102:4:102:Infinity":46,"s:103:4:103:Infinity":47,"s:104:4:104:Infinity":48,"s:106:2:108:Infinity":49,"b:107:4:107:Infinity:undefined:undefined:undefined:undefined":8,"s:107:4:107:Infinity":50,"s:107:27:107:Infinity":51,"f:120:16:120:29":10,"b:120:82:120:97":9,"s:121:29:121:Infinity":52,"s:122:16:122:Infinity":53,"s:123:17:123:Infinity":54,"f:123:44:123:45":11,"s:123:51:123:55":55,"s:124:30:124:Infinity":56,"f:124:63:124:64":12,"s:124:70:124:79":57,"s:125:20:125:Infinity":58,"f:125:50:125:51":13,"s:125:57:125:61":59,"s:126:21:126:Infinity":60,"f:126:48:126:49":14,"s:126:55:126:61":61,"s:127:21:127:Infinity":62,"f:127:52:127:53":15,"s:127:59:127:63":63,"s:128:15:128:Infinity":64,"f:128:15:128:16":16,"s:128:54:128:Infinity":65,"s:130:22:149:Infinity":66,"f:130:22:130:23":17,"b:131:4:148:Infinity:138:4:148:Infinity":10,"s:131:4:148:Infinity":67,"s:132:6:137:Infinity":68,"b:138:4:148:Infinity:undefined:undefined:undefined:undefined":11,"s:138:4:148:Infinity":69,"s:139:16:139:Infinity":70,"b:140:6:147:Infinity:undefined:undefined:undefined:undefined":12,"s:140:6:147:Infinity":71,"s:141:8:146:Infinity":72,"s:151:29:191:Infinity":73,"f:151:29:151:Infinity":18,"b:156:6:157:Infinity:158:6:167:Infinity:168:6:177:Infinity:178:6:187:Infinity:188:6:189:Infinity":13,"s:155:4:190:Infinity":74,"s:157:8:157:Infinity":75,"b:159:8:166:Infinity:undefined:undefined:undefined:undefined":14,"s:159:8:166:Infinity":76,"s:160:10:165:Infinity":77,"s:167:8:167:Infinity":78,"b:169:8:176:Infinity:undefined:undefined:undefined:undefined":15,"s:169:8:176:Infinity":79,"s:170:10:175:Infinity":80,"s:177:8:177:Infinity":81,"b:179:8:186:Infinity:undefined:undefined:undefined:undefined":16,"s:179:8:186:Infinity":82,"s:180:10:185:Infinity":83,"s:187:8:187:Infinity":84,"s:189:8:189:Infinity":85,"s:193:2:342:Infinity":86,"f:193:31:193:32":19,"s:194:17:194:Infinity":87,"s:195:4:195:Infinity":88,"s:196:14:196:Infinity":89,"s:197:23:197:Infinity":90,"b:199:6:199:Infinity:200:6:200:Infinity:201:6:223:Infinity:224:6:233:Infinity:234:6:234:Infinity:235:6:267:Infinity:268:6:287:Infinity:288:6:316:Infinity:317:6:328:Infinity:329:6:338:Infinity:339:6:340:Infinity":17,"s:198:4:341:Infinity":91,"s:202:23:202:Infinity":92,"b:203:8:221:Infinity:210:15:221:Infinity":18,"s:203:8:221:Infinity":93,"s:204:10:209:Infinity":94,"s:212:12:212:Infinity":95,"b:212:36:212:43:212:43:212:Infinity":19,"b:212:68:212:78:212:78:212:Infinity":20,"b:213:10:220:Infinity:undefined:undefined:undefined:undefined":21,"s:213:10:220:Infinity":96,"b:213:14:213:26:213:26:213:57":22,"s:214:12:219:Infinity":97,"s:222:8:222:Infinity":98,"b:225:8:232:Infinity:undefined:undefined:undefined:undefined":23,"s:225:8:232:Infinity":99,"b:225:12:225:30:225:30:225:53":24,"s:226:10:231:Infinity":100,"s:233:8:233:Infinity":101,"s:236:32:236:Infinity":102,"b:237:8:244:Infinity:undefined:undefined:undefined:undefined":25,"s:237:8:244:Infinity":103,"s:238:10:243:Infinity":104,"b:245:8:265:Infinity:undefined:undefined:undefined:undefined":26,"s:245:8:265:Infinity":105,"b:246:10:253:Infinity:undefined:undefined:undefined:undefined":27,"s:246:10:253:Infinity":106,"b:246:14:246:49:246:49:246:80":28,"s:247:12:252:Infinity":107,"b:254:10:264:Infinity:undefined:undefined:undefined:undefined":29,"s:254:10:264:Infinity":108,"b:255:12:255:Infinity:256:12:256:Infinity":30,"s:258:12:263:Infinity":109,"s:266:8:266:Infinity":110,"b:269:8:276:Infinity:undefined:undefined:undefined:undefined":31,"s:269:8:276:Infinity":111,"s:270:10:275:Infinity":112,"b:277:8:284:Infinity:undefined:undefined:undefined:undefined":32,"s:277:8:284:Infinity":113,"b:277:12:277:31:277:31:277:97":33,"s:278:10:283:Infinity":114,"s:285:8:285:Infinity":115,"s:286:8:286:Infinity":116,"s:289:25:289:Infinity":117,"b:290:8:314:Infinity:297:15:314:Infinity":34,"s:290:8:314:Infinity":118,"s:291:10:296:Infinity":119,"s:298:25:298:Infinity":120,"b:299:10:310:Infinity:undefined:undefined:undefined:undefined":35,"s:299:10:310:Infinity":121,"s:300:12:309:Infinity":122,"b:301:14:308:Infinity:undefined:undefined:undefined:undefined":36,"s:301:14:308:Infinity":123,"s:302:16:307:Infinity":124,"s:311:10:313:Infinity":125,"s:312:12:312:Infinity":126,"s:315:8:315:Infinity":127,"b:318:8:325:Infinity:undefined:undefined:undefined:undefined":37,"s:318:8:325:Infinity":128,"s:319:10:324:Infinity":129,"s:326:8:326:Infinity":130,"s:327:8:327:Infinity":131,"b:330:8:337:Infinity:undefined:undefined:undefined:undefined":38,"s:330:8:337:Infinity":132,"b:330:12:330:31:330:31:330:97":39,"s:331:10:336:Infinity":133,"s:338:8:338:Infinity":134,"s:340:8:340:Infinity":135,"s:344:2:358:Infinity":136,"f:344:27:344:28":20,"s:345:17:345:Infinity":137,"s:346:4:346:Infinity":138,"s:347:21:349:Infinity":139,"f:347:40:347:41":21,"s:348:6:348:Infinity":140,"b:350:4:357:Infinity:undefined:undefined:undefined:undefined":40,"s:350:4:357:Infinity":141,"s:351:6:356:Infinity":142,"s:360:2:369:Infinity":143,"f:360:28:360:29":22,"b:361:4:368:Infinity:undefined:undefined:undefined:undefined":41,"s:361:4:368:Infinity":144,"b:361:8:361:20:361:20:361:37":42,"s:362:6:367:Infinity":145,"s:372:2:404:Infinity":146,"s:373:4:403:Infinity":147,"f:373:20:373:21":23,"b:374:6:381:Infinity:undefined:undefined:undefined:undefined":43,"s:374:6:381:Infinity":148,"b:374:10:374:39:374:39:374:83":44,"s:375:8:380:Infinity":149,"s:382:6:394:Infinity":150,"b:383:8:393:Infinity:undefined:undefined:undefined:undefined":45,"s:383:8:393:Infinity":151,"b:383:12:383:41:383:41:383:69":46,"s:384:28:384:Infinity":152,"b:385:10:392:Infinity:undefined:undefined:undefined:undefined":47,"s:385:10:392:Infinity":153,"s:386:12:391:Infinity":154,"b:395:6:402:Infinity:undefined:undefined:undefined:undefined":48,"s:395:6:402:Infinity":155,"b:395:10:395:32:395:32:395:57:395:57:395:93":49,"s:396:8:401:Infinity":156,"s:406:2:406:Infinity":157,"s:408:24:408:Infinity":158,"f:408:46:408:47":24,"s:408:53:408:64":159,"b:409:2:416:Infinity:undefined:undefined:undefined:undefined":50,"s:409:2:416:Infinity":160,"s:410:4:415:Infinity":161,"b:417:2:424:Infinity:undefined:undefined:undefined:undefined":51,"s:417:2:424:Infinity":162,"b:417:6:417:41:417:41:417:87":52,"s:418:4:423:Infinity":163,"s:426:2:426:Infinity":164,"f:426:28:426:29":25,"s:426:35:426:57":165},"fnNames":{}}}
,"D:\\MDHPROJECT\\metis-development-tool\\packages\\mdt-schema\\src\\sha256.ts": {"path":"D:\\MDHPROJECT\\metis-development-tool\\packages\\mdt-schema\\src\\sha256.ts","statementMap":{"0":{"start":{"line":8,"column":10},"end":{"line":17,"column":null}},"1":{"start":{"line":19,"column":13},"end":{"line":19,"column":null}},"2":{"start":{"line":19,"column":48},"end":{"line":19,"column":null}},"3":{"start":{"line":23,"column":15},"end":{"line":23,"column":null}},"4":{"start":{"line":24,"column":17},"end":{"line":24,"column":null}},"5":{"start":{"line":26,"column":17},"end":{"line":26,"column":null}},"6":{"start":{"line":27,"column":2},"end":{"line":27,"column":null}},"7":{"start":{"line":28,"column":2},"end":{"line":28,"column":null}},"8":{"start":{"line":29,"column":15},"end":{"line":29,"column":null}},"9":{"start":{"line":30,"column":2},"end":{"line":30,"column":null}},"10":{"start":{"line":31,"column":2},"end":{"line":31,"column":null}},"11":{"start":{"line":33,"column":12},"end":{"line":35,"column":null}},"12":{"start":{"line":36,"column":12},"end":{"line":36,"column":null}},"13":{"start":{"line":38,"column":2},"end":{"line":70,"column":null}},"14":{"start":{"line":38,"column":20},"end":{"line":38,"column":23}},"15":{"start":{"line":39,"column":4},"end":{"line":39,"column":null}},"16":{"start":{"line":39,"column":17},"end":{"line":39,"column":20}},"17":{"start":{"line":39,"column":33},"end":{"line":39,"column":null}},"18":{"start":{"line":40,"column":4},"end":{"line":44,"column":null}},"19":{"start":{"line":40,"column":17},"end":{"line":40,"column":21}},"20":{"start":{"line":41,"column":17},"end":{"line":41,"column":null}},"21":{"start":{"line":42,"column":17},"end":{"line":42,"column":null}},"22":{"start":{"line":43,"column":6},"end":{"line":43,"column":null}},"23":{"start":{"line":45,"column":36},"end":{"line":45,"column":null}},"24":{"start":{"line":46,"column":4},"end":{"line":61,"column":null}},"25":{"start":{"line":46,"column":17},"end":{"line":46,"column":20}},"26":{"start":{"line":47,"column":17},"end":{"line":47,"column":null}},"27":{"start":{"line":48,"column":18},"end":{"line":48,"column":null}},"28":{"start":{"line":49,"column":18},"end":{"line":49,"column":null}},"29":{"start":{"line":50,"column":17},"end":{"line":50,"column":null}},"30":{"start":{"line":51,"column":19},"end":{"line":51,"column":null}},"31":{"start":{"line":52,"column":18},"end":{"line":52,"column":null}},"32":{"start":{"line":53,"column":6},"end":{"line":53,"column":null}},"33":{"start":{"line":54,"column":6},"end":{"line":54,"column":null}},"34":{"start":{"line":55,"column":6},"end":{"line":55,"column":null}},"35":{"start":{"line":56,"column":6},"end":{"line":56,"column":null}},"36":{"start":{"line":57,"column":6},"end":{"line":57,"column":null}},"37":{"start":{"line":58,"column":6},"end":{"line":58,"column":null}},"38":{"start":{"line":59,"column":6},"end":{"line":59,"column":null}},"39":{"start":{"line":60,"column":6},"end":{"line":60,"column":null}},"40":{"start":{"line":62,"column":4},"end":{"line":62,"column":null}},"41":{"start":{"line":63,"column":4},"end":{"line":63,"column":null}},"42":{"start":{"line":64,"column":4},"end":{"line":64,"column":null}},"43":{"start":{"line":65,"column":4},"end":{"line":65,"column":null}},"44":{"start":{"line":66,"column":4},"end":{"line":66,"column":null}},"45":{"start":{"line":67,"column":4},"end":{"line":67,"column":null}},"46":{"start":{"line":68,"column":4},"end":{"line":68,"column":null}},"47":{"start":{"line":69,"column":4},"end":{"line":69,"column":null}},"48":{"start":{"line":72,"column":2},"end":{"line":74,"column":null}},"49":{"start":{"line":73,"column":16},"end":{"line":73,"column":47}}},"fnMap":{"0":{"name":"(anonymous_0)","decl":{"start":{"line":19,"column":13},"end":{"line":19,"column":14}},"loc":{"start":{"line":19,"column":48},"end":{"line":19,"column":null}},"line":19},"1":{"name":"sha256Hex","decl":{"start":{"line":22,"column":16},"end":{"line":22,"column":26}},"loc":{"start":{"line":22,"column":62},"end":{"line":75,"column":null}},"line":22},"2":{"name":"(anonymous_2)","decl":{"start":{"line":73,"column":9},"end":{"line":73,"column":10}},"loc":{"start":{"line":73,"column":16},"end":{"line":73,"column":47}},"line":73}},"branchMap":{"0":{"loc":{"start":{"line":23,"column":15},"end":{"line":23,"column":null}},"type":"cond-expr","locations":[{"start":{"line":23,"column":43},"end":{"line":23,"column":77}},{"start":{"line":23,"column":77},"end":{"line":23,"column":null}}],"line":23}},"s":{"0":2,"1":2,"2":183168,"3":11,"4":11,"5":11,"6":11,"7":11,"8":11,"9":11,"10":11,"11":11,"12":11,"13":11,"14":11,"15":318,"16":318,"17":5088,"18":318,"19":318,"20":15264,"21":15264,"22":15264,"23":318,"24":318,"25":318,"26":20352,"27":20352,"28":20352,"29":20352,"30":20352,"31":20352,"32":20352,"33":20352,"34":20352,"35":20352,"36":20352,"37":20352,"38":20352,"39":20352,"40":318,"41":318,"42":318,"43":318,"44":318,"45":318,"46":318,"47":318,"48":11,"49":88},"f":{"0":183168,"1":11,"2":88},"b":{"0":[11,0]},"meta":{"lastBranch":1,"lastFunction":3,"lastStatement":50,"seen":{"s:8:10:17:Infinity":0,"s:19:13:19:Infinity":1,"f:19:13:19:14":0,"s:19:48:19:Infinity":2,"f:22:16:22:26":1,"s:23:15:23:Infinity":3,"b:23:43:23:77:23:77:23:Infinity":0,"s:24:17:24:Infinity":4,"s:26:17:26:Infinity":5,"s:27:2:27:Infinity":6,"s:28:2:28:Infinity":7,"s:29:15:29:Infinity":8,"s:30:2:30:Infinity":9,"s:31:2:31:Infinity":10,"s:33:12:35:Infinity":11,"s:36:12:36:Infinity":12,"s:38:2:70:Infinity":13,"s:38:20:38:23":14,"s:39:4:39:Infinity":15,"s:39:17:39:20":16,"s:39:33:39:Infinity":17,"s:40:4:44:Infinity":18,"s:40:17:40:21":19,"s:41:17:41:Infinity":20,"s:42:17:42:Infinity":21,"s:43:6:43:Infinity":22,"s:45:36:45:Infinity":23,"s:46:4:61:Infinity":24,"s:46:17:46:20":25,"s:47:17:47:Infinity":26,"s:48:18:48:Infinity":27,"s:49:18:49:Infinity":28,"s:50:17:50:Infinity":29,"s:51:19:51:Infinity":30,"s:52:18:52:Infinity":31,"s:53:6:53:Infinity":32,"s:54:6:54:Infinity":33,"s:55:6:55:Infinity":34,"s:56:6:56:Infinity":35,"s:57:6:57:Infinity":36,"s:58:6:58:Infinity":37,"s:59:6:59:Infinity":38,"s:60:6:60:Infinity":39,"s:62:4:62:Infinity":40,"s:63:4:63:Infinity":41,"s:64:4:64:Infinity":42,"s:65:4:65:Infinity":43,"s:66:4:66:Infinity":44,"s:67:4:67:Infinity":45,"s:68:4:68:Infinity":46,"s:69:4:69:Infinity":47,"s:72:2:74:Infinity":48,"f:73:9:73:10":2,"s:73:16:73:47":49},"fnNames":{}}}
}
