{"D:\\MDHPROJECT\\metis-development-tool\\packages\\mdt-pi-runtime\\src\\adapter.ts": {"path":"D:\\MDHPROJECT\\metis-development-tool\\packages\\mdt-pi-runtime\\src\\adapter.ts","statementMap":{"0":{"start":{"line":27,"column":45},"end":{"line":45,"column":null}},"1":{"start":{"line":46,"column":2},"end":{"line":46,"column":null}},"2":{"start":{"line":51,"column":21},"end":{"line":51,"column":null}},"3":{"start":{"line":52,"column":2},"end":{"line":83,"column":null}},"4":{"start":{"line":66,"column":6},"end":{"line":66,"column":null}},"5":{"start":{"line":70,"column":21},"end":{"line":74,"column":null}},"6":{"start":{"line":73,"column":21},"end":{"line":73,"column":null}},"7":{"start":{"line":75,"column":6},"end":{"line":77,"column":null}},"8":{"start":{"line":76,"column":8},"end":{"line":76,"column":null}},"9":{"start":{"line":78,"column":6},"end":{"line":81,"column":null}},"10":{"start":{"line":87,"column":2},"end":{"line":87,"column":null}},"11":{"start":{"line":87,"column":41},"end":{"line":87,"column":null}},"12":{"start":{"line":88,"column":2},"end":{"line":88,"column":null}},"13":{"start":{"line":105,"column":49},"end":{"line":105,"column":null}},"14":{"start":{"line":106,"column":16},"end":{"line":106,"column":null}},"15":{"start":{"line":107,"column":20},"end":{"line":107,"column":null}},"16":{"start":{"line":109,"column":16},"end":{"line":120,"column":null}},"17":{"start":{"line":117,"column":28},"end":{"line":117,"column":null}},"18":{"start":{"line":122,"column":21},"end":{"line":122,"column":null}},"19":{"start":{"line":123,"column":23},"end":{"line":123,"column":null}},"20":{"start":{"line":124,"column":2},"end":{"line":171,"column":null}},"21":{"start":{"line":125,"column":4},"end":{"line":170,"column":null}},"22":{"start":{"line":126,"column":6},"end":{"line":169,"column":null}},"23":{"start":{"line":128,"column":24},"end":{"line":128,"column":null}},"24":{"start":{"line":129,"column":10},"end":{"line":134,"column":null}},"25":{"start":{"line":130,"column":12},"end":{"line":130,"column":null}},"26":{"start":{"line":131,"column":12},"end":{"line":131,"column":null}},"27":{"start":{"line":132,"column":10},"end":{"line":134,"column":null}},"28":{"start":{"line":133,"column":12},"end":{"line":133,"column":null}},"29":{"start":{"line":135,"column":10},"end":{"line":135,"column":null}},"30":{"start":{"line":138,"column":10},"end":{"line":143,"column":null}},"31":{"start":{"line":144,"column":10},"end":{"line":144,"column":null}},"32":{"start":{"line":146,"column":10},"end":{"line":150,"column":null}},"33":{"start":{"line":151,"column":10},"end":{"line":151,"column":null}},"34":{"start":{"line":153,"column":10},"end":{"line":159,"column":null}},"35":{"start":{"line":160,"column":10},"end":{"line":160,"column":null}},"36":{"start":{"line":162,"column":10},"end":{"line":162,"column":null}},"37":{"start":{"line":163,"column":10},"end":{"line":163,"column":null}},"38":{"start":{"line":165,"column":10},"end":{"line":165,"column":null}},"39":{"start":{"line":166,"column":10},"end":{"line":166,"column":null}},"40":{"start":{"line":168,"column":10},"end":{"line":168,"column":null}},"41":{"start":{"line":173,"column":2},"end":{"line":208,"column":null}},"42":{"start":{"line":175,"column":6},"end":{"line":175,"column":null}},"43":{"start":{"line":176,"column":6},"end":{"line":176,"column":null}},"44":{"start":{"line":176,"column":19},"end":{"line":176,"column":null}},"45":{"start":{"line":179,"column":6},"end":{"line":179,"column":null}},"46":{"start":{"line":180,"column":6},"end":{"line":180,"column":null}},"47":{"start":{"line":181,"column":20},"end":{"line":181,"column":null}},"48":{"start":{"line":182,"column":6},"end":{"line":182,"column":null}},"49":{"start":{"line":182,"column":33},"end":{"line":182,"column":null}},"50":{"start":{"line":183,"column":6},"end":{"line":201,"column":null}},"51":{"start":{"line":184,"column":8},"end":{"line":184,"column":null}},"52":{"start":{"line":185,"column":8},"end":{"line":188,"column":null}},"53":{"start":{"line":186,"column":10},"end":{"line":186,"column":null}},"54":{"start":{"line":186,"column":37},"end":{"line":186,"column":null}},"55":{"start":{"line":187,"column":10},"end":{"line":187,"column":null}},"56":{"start":{"line":189,"column":8},"end":{"line":189,"column":null}},"57":{"start":{"line":189,"column":35},"end":{"line":189,"column":null}},"58":{"start":{"line":190,"column":8},"end":{"line":190,"column":null}},"59":{"start":{"line":192,"column":14},"end":{"line":192,"column":null}},"60":{"start":{"line":193,"column":8},"end":{"line":199,"column":null}},"61":{"start":{"line":194,"column":10},"end":{"line":199,"column":null}},"62":{"start":{"line":200,"column":8},"end":{"line":200,"column":null}},"63":{"start":{"line":204,"column":6},"end":{"line":204,"column":null}},"64":{"start":{"line":205,"column":6},"end":{"line":205,"column":null}},"65":{"start":{"line":212,"column":2},"end":{"line":216,"column":null}},"66":{"start":{"line":213,"column":4},"end":{"line":213,"column":null}},"67":{"start":{"line":215,"column":4},"end":{"line":215,"column":null}},"68":{"start":{"line":220,"column":2},"end":{"line":227,"column":null}},"69":{"start":{"line":221,"column":21},"end":{"line":221,"column":null}},"70":{"start":{"line":222,"column":4},"end":{"line":226,"column":null}},"71":{"start":{"line":223,"column":19},"end":{"line":223,"column":null}},"72":{"start":{"line":223,"column":40},"end":{"line":223,"column":79}},"73":{"start":{"line":224,"column":6},"end":{"line":225,"column":null}},"74":{"start":{"line":225,"column":8},"end":{"line":225,"column":null}},"75":{"start":{"line":228,"column":2},"end":{"line":228,"column":null}}},"fnMap":{"0":{"name":"modelFromPolicy","decl":{"start":{"line":26,"column":16},"end":{"line":26,"column":32}},"loc":{"start":{"line":26,"column":80},"end":{"line":47,"column":null}},"line":26},"1":{"name":"toolFromRegistered","decl":{"start":{"line":50,"column":16},"end":{"line":50,"column":35}},"loc":{"start":{"line":50,"column":68},"end":{"line":84,"column":null}},"line":50},"2":{"name":"(anonymous_2)","decl":{"start":{"line":57,"column":13},"end":{"line":57,"column":null}},"loc":{"start":{"line":65,"column":9},"end":{"line":82,"column":null}},"line":65},"3":{"name":"(anonymous_3)","decl":{"start":{"line":73,"column":8},"end":{"line":73,"column":9}},"loc":{"start":{"line":73,"column":21},"end":{"line":73,"column":null}},"line":73},"4":{"name":"extractText","decl":{"start":{"line":86,"column":9},"end":{"line":86,"column":21}},"loc":{"start":{"line":86,"column":63},"end":{"line":89,"column":null}},"line":86},"5":{"name":"createRuntimeAgent","decl":{"start":{"line":104,"column":16},"end":{"line":104,"column":35}},"loc":{"start":{"line":104,"column":78},"end":{"line":209,"column":null}},"line":104},"6":{"name":"(anonymous_6)","decl":{"start":{"line":117,"column":19},"end":{"line":117,"column":20}},"loc":{"start":{"line":117,"column":28},"end":{"line":117,"column":null}},"line":117},"7":{"name":"(anonymous_7)","decl":{"start":{"line":124,"column":18},"end":{"line":124,"column":19}},"loc":{"start":{"line":124,"column":29},"end":{"line":171,"column":3}},"line":124},"8":{"name":"subscribe","decl":{"start":{"line":174,"column":4},"end":{"line":174,"column":14}},"loc":{"start":{"line":174,"column":24},"end":{"line":177,"column":null}},"line":174},"9":{"name":"(anonymous_9)","decl":{"start":{"line":176,"column":13},"end":{"line":176,"column":19}},"loc":{"start":{"line":176,"column":19},"end":{"line":176,"column":null}},"line":176},"10":{"name":"run","decl":{"start":{"line":178,"column":10},"end":{"line":178,"column":14}},"loc":{"start":{"line":178,"column":21},"end":{"line":202,"column":null}},"line":178},"11":{"name":"abort","decl":{"start":{"line":203,"column":4},"end":{"line":203,"column":12}},"loc":{"start":{"line":203,"column":12},"end":{"line":206,"column":null}},"line":203},"12":{"name":"safeJson","decl":{"start":{"line":211,"column":9},"end":{"line":211,"column":18}},"loc":{"start":{"line":211,"column":59},"end":{"line":217,"column":null}},"line":211},"13":{"name":"summarize","decl":{"start":{"line":219,"column":9},"end":{"line":219,"column":19}},"loc":{"start":{"line":219,"column":45},"end":{"line":229,"column":null}},"line":219},"14":{"name":"(anonymous_14)","decl":{"start":{"line":223,"column":32},"end":{"line":223,"column":33}},"loc":{"start":{"line":223,"column":40},"end":{"line":223,"column":79}},"line":223}},"branchMap":{"0":{"loc":{"start":{"line":34,"column":13},"end":{"line":34,"column":null}},"type":"binary-expr","locations":[{"start":{"line":34,"column":13},"end":{"line":34,"column":31}},{"start":{"line":34,"column":31},"end":{"line":34,"column":null}}],"line":34},"1":{"loc":{"start":{"line":39,"column":15},"end":{"line":39,"column":null}},"type":"binary-expr","locations":[{"start":{"line":39,"column":15},"end":{"line":39,"column":35}},{"start":{"line":39,"column":35},"end":{"line":39,"column":null}}],"line":39},"2":{"loc":{"start":{"line":41,"column":29},"end":{"line":41,"column":null}},"type":"binary-expr","locations":[{"start":{"line":41,"column":29},"end":{"line":41,"column":69}},{"start":{"line":41,"column":69},"end":{"line":41,"column":null}}],"line":41},"3":{"loc":{"start":{"line":42,"column":31},"end":{"line":42,"column":null}},"type":"binary-expr","locations":[{"start":{"line":42,"column":31},"end":{"line":42,"column":73}},{"start":{"line":42,"column":73},"end":{"line":42,"column":null}}],"line":42},"4":{"loc":{"start":{"line":43,"column":26},"end":{"line":43,"column":null}},"type":"binary-expr","locations":[{"start":{"line":43,"column":26},"end":{"line":43,"column":63}},{"start":{"line":43,"column":63},"end":{"line":43,"column":null}}],"line":43},"5":{"loc":{"start":{"line":72,"column":8},"end":{"line":72,"column":null}},"type":"binary-expr","locations":[{"start":{"line":72,"column":8},"end":{"line":72,"column":18}},{"start":{"line":72,"column":18},"end":{"line":72,"column":null}}],"line":72},"6":{"loc":{"start":{"line":75,"column":6},"end":{"line":77,"column":null}},"type":"if","locations":[{"start":{"line":75,"column":6},"end":{"line":77,"column":null}},{"start":{},"end":{}}],"line":75},"7":{"loc":{"start":{"line":87,"column":2},"end":{"line":87,"column":null}},"type":"if","locations":[{"start":{"line":87,"column":2},"end":{"line":87,"column":null}},{"start":{},"end":{}}],"line":87},"8":{"loc":{"start":{"line":117,"column":6},"end":{"line":117,"column":null}},"type":"binary-expr","locations":[{"start":{"line":117,"column":6},"end":{"line":117,"column":19}},{"start":{"line":117,"column":19},"end":{"line":117,"column":null}}],"line":117},"9":{"loc":{"start":{"line":126,"column":6},"end":{"line":169,"column":null}},"type":"switch","locations":[{"start":{"line":127,"column":8},"end":{"line":136,"column":null}},{"start":{"line":137,"column":8},"end":{"line":144,"column":null}},{"start":{"line":145,"column":8},"end":{"line":151,"column":null}},{"start":{"line":152,"column":8},"end":{"line":160,"column":null}},{"start":{"line":161,"column":8},"end":{"line":163,"column":null}},{"start":{"line":164,"column":8},"end":{"line":166,"column":null}},{"start":{"line":167,"column":8},"end":{"line":168,"column":null}}],"line":126},"10":{"loc":{"start":{"line":129,"column":10},"end":{"line":134,"column":null}},"type":"if","locations":[{"start":{"line":129,"column":10},"end":{"line":134,"column":null}},{"start":{"line":132,"column":10},"end":{"line":134,"column":null}}],"line":129},"11":{"loc":{"start":{"line":132,"column":10},"end":{"line":134,"column":null}},"type":"if","locations":[{"start":{"line":132,"column":10},"end":{"line":134,"column":null}},{"start":{},"end":{}}],"line":132},"12":{"loc":{"start":{"line":185,"column":8},"end":{"line":188,"column":null}},"type":"if","locations":[{"start":{"line":185,"column":8},"end":{"line":188,"column":null}},{"start":{},"end":{}}],"line":185},"13":{"loc":{"start":{"line":185,"column":12},"end":{"line":185,"column":53}},"type":"binary-expr","locations":[{"start":{"line":185,"column":12},"end":{"line":185,"column":30}},{"start":{"line":185,"column":30},"end":{"line":185,"column":53}}],"line":185},"14":{"loc":{"start":{"line":196,"column":24},"end":{"line":196,"column":null}},"type":"cond-expr","locations":[{"start":{"line":196,"column":58},"end":{"line":196,"column":72}},{"start":{"line":196,"column":72},"end":{"line":196,"column":null}}],"line":196},"15":{"loc":{"start":{"line":200,"column":43},"end":{"line":200,"column":99}},"type":"cond-expr","locations":[{"start":{"line":200,"column":77},"end":{"line":200,"column":91}},{"start":{"line":200,"column":91},"end":{"line":200,"column":99}}],"line":200},"16":{"loc":{"start":{"line":213,"column":37},"end":{"line":213,"column":50}},"type":"binary-expr","locations":[{"start":{"line":213,"column":37},"end":{"line":213,"column":46}},{"start":{"line":213,"column":46},"end":{"line":213,"column":50}}],"line":213},"17":{"loc":{"start":{"line":220,"column":2},"end":{"line":227,"column":null}},"type":"if","locations":[{"start":{"line":220,"column":2},"end":{"line":227,"column":null}},{"start":{},"end":{}}],"line":220},"18":{"loc":{"start":{"line":220,"column":6},"end":{"line":220,"column":99}},"type":"binary-expr","locations":[{"start":{"line":220,"column":6},"end":{"line":220,"column":17}},{"start":{"line":220,"column":17},"end":{"line":220,"column":48}},{"start":{"line":220,"column":48},"end":{"line":220,"column":99}}],"line":220},"19":{"loc":{"start":{"line":222,"column":4},"end":{"line":226,"column":null}},"type":"if","locations":[{"start":{"line":222,"column":4},"end":{"line":226,"column":null}},{"start":{},"end":{}}],"line":222},"20":{"loc":{"start":{"line":224,"column":6},"end":{"line":225,"column":null}},"type":"if","locations":[{"start":{"line":224,"column":6},"end":{"line":225,"column":null}},{"start":{},"end":{}}],"line":224},"21":{"loc":{"start":{"line":224,"column":10},"end":{"line":224,"column":null}},"type":"binary-expr","locations":[{"start":{"line":224,"column":10},"end":{"line":224,"column":18}},{"start":{"line":224,"column":18},"end":{"line":224,"column":null}}],"line":224}},"s":{"0":10,"1":10,"2":4,"3":4,"4":4,"5":4,"6":1,"7":3,"8":1,"9":2,"10":1,"11":1,"12":0,"13":9,"14":9,"15":9,"16":9,"17":0,"18":9,"19":9,"20":9,"21":144,"22":140,"23":34,"24":34,"25":15,"26":15,"27":19,"28":2,"29":34,"30":3,"31":3,"32":4,"33":4,"34":3,"35":3,"36":13,"37":13,"38":13,"39":13,"40":70,"41":9,"42":10,"43":10,"44":2,"45":10,"46":10,"47":10,"48":10,"49":10,"50":10,"51":10,"52":9,"53":1,"54":1,"55":1,"56":8,"57":7,"58":8,"59":1,"60":1,"61":2,"62":1,"63":1,"64":1,"65":6,"66":6,"67":0,"68":4,"69":4,"70":4,"71":4,"72":4,"73":4,"74":4,"75":0},"f":{"0":10,"1":4,"2":4,"3":1,"4":1,"5":9,"6":0,"7":144,"8":10,"9":2,"10":10,"11":1,"12":6,"13":4,"14":4},"b":{"0":[10,9],"1":[10,10],"2":[10,9],"3":[10,9],"4":[10,10],"5":[4,0],"6":[1,2],"7":[1,0],"8":[9,0],"9":[34,3,4,3,13,13,70],"10":[15,19],"11":[2,17],"12":[1,8],"13":[9,8],"14":[0,2],"15":[0,1],"16":[6,0],"17":[4,0],"18":[4,4,4],"19":[4,0],"20":[4,0],"21":[4,4]},"meta":{"lastBranch":22,"lastFunction":15,"lastStatement":76,"seen":{"f:26:16:26:32":0,"s:27:45:45:Infinity":0,"b:34:13:34:31:34:31:34:Infinity":0,"b:39:15:39:35:39:35:39:Infinity":1,"b:41:29:41:69:41:69:41:Infinity":2,"b:42:31:42:73:42:73:42:Infinity":3,"b:43:26:43:63:43:63:43:Infinity":4,"s:46:2:46:Infinity":1,"f:50:16:50:35":1,"s:51:21:51:Infinity":2,"s:52:2:83:Infinity":3,"f:57:13:57:Infinity":2,"s:66:6:66:Infinity":4,"s:70:21:74:Infinity":5,"b:72:8:72:18:72:18:72:Infinity":5,"f:73:8:73:9":3,"s:73:21:73:Infinity":6,"b:75:6:77:Infinity:undefined:undefined:undefined:undefined":6,"s:75:6:77:Infinity":7,"s:76:8:76:Infinity":8,"s:78:6:81:Infinity":9,"f:86:9:86:21":4,"b:87:2:87:Infinity:undefined:undefined:undefined:undefined":7,"s:87:2:87:Infinity":10,"s:87:41:87:Infinity":11,"s:88:2:88:Infinity":12,"f:104:16:104:35":5,"s:105:49:105:Infinity":13,"s:106:16:106:Infinity":14,"s:107:20:107:Infinity":15,"s:109:16:120:Infinity":16,"b:117:6:117:19:117:19:117:Infinity":8,"f:117:19:117:20":6,"s:117:28:117:Infinity":17,"s:122:21:122:Infinity":18,"s:123:23:123:Infinity":19,"s:124:2:171:Infinity":20,"f:124:18:124:19":7,"s:125:4:170:Infinity":21,"b:127:8:136:Infinity:137:8:144:Infinity:145:8:151:Infinity:152:8:160:Infinity:161:8:163:Infinity:164:8:166:Infinity:167:8:168:Infinity":9,"s:126:6:169:Infinity":22,"s:128:24:128:Infinity":23,"b:129:10:134:Infinity:132:10:134:Infinity":10,"s:129:10:134:Infinity":24,"s:130:12:130:Infinity":25,"s:131:12:131:Infinity":26,"b:132:10:134:Infinity:undefined:undefined:undefined:undefined":11,"s:132:10:134:Infinity":27,"s:133:12:133:Infinity":28,"s:135:10:135:Infinity":29,"s:138:10:143:Infinity":30,"s:144:10:144:Infinity":31,"s:146:10:150:Infinity":32,"s:151:10:151:Infinity":33,"s:153:10:159:Infinity":34,"s:160:10:160:Infinity":35,"s:162:10:162:Infinity":36,"s:163:10:163:Infinity":37,"s:165:10:165:Infinity":38,"s:166:10:166:Infinity":39,"s:168:10:168:Infinity":40,"s:173:2:208:Infinity":41,"f:174:4:174:14":8,"s:175:6:175:Infinity":42,"s:176:6:176:Infinity":43,"f:176:13:176:19":9,"s:176:19:176:Infinity":44,"f:178:10:178:14":10,"s:179:6:179:Infinity":45,"s:180:6:180:Infinity":46,"s:181:20:181:Infinity":47,"s:182:6:182:Infinity":48,"s:182:33:182:Infinity":49,"s:183:6:201:Infinity":50,"s:184:8:184:Infinity":51,"b:185:8:188:Infinity:undefined:undefined:undefined:undefined":12,"s:185:8:188:Infinity":52,"b:185:12:185:30:185:30:185:53":13,"s:186:10:186:Infinity":53,"s:186:37:186:Infinity":54,"s:187:10:187:Infinity":55,"s:189:8:189:Infinity":56,"s:189:35:189:Infinity":57,"s:190:8:190:Infinity":58,"s:192:14:192:Infinity":59,"s:193:8:199:Infinity":60,"s:194:10:199:Infinity":61,"b:196:58:196:72:196:72:196:Infinity":14,"s:200:8:200:Infinity":62,"b:200:77:200:91:200:91:200:99":15,"f:203:4:203:12":11,"s:204:6:204:Infinity":63,"s:205:6:205:Infinity":64,"f:211:9:211:18":12,"s:212:2:216:Infinity":65,"s:213:4:213:Infinity":66,"b:213:37:213:46:213:46:213:50":16,"s:215:4:215:Infinity":67,"f:219:9:219:19":13,"b:220:2:227:Infinity:undefined:undefined:undefined:undefined":17,"s:220:2:227:Infinity":68,"b:220:6:220:17:220:17:220:48:220:48:220:99":18,"s:221:21:221:Infinity":69,"b:222:4:226:Infinity:undefined:undefined:undefined:undefined":19,"s:222:4:226:Infinity":70,"s:223:19:223:Infinity":71,"f:223:32:223:33":14,"s:223:40:223:79":72,"b:224:6:225:Infinity:undefined:undefined:undefined:undefined":20,"s:224:6:225:Infinity":73,"b:224:10:224:18:224:18:224:Infinity":21,"s:225:8:225:Infinity":74,"s:228:2:228:Infinity":75},"fnNames":{}}}
,"D:\\MDHPROJECT\\metis-development-tool\\packages\\mdt-pi-runtime\\src\\capability-bridge.ts": {"path":"D:\\MDHPROJECT\\metis-development-tool\\packages\\mdt-pi-runtime\\src\\capability-bridge.ts","statementMap":{"0":{"start":{"line":24,"column":25},"end":{"line":24,"column":null}},"1":{"start":{"line":25,"column":2},"end":{"line":46,"column":null}},"2":{"start":{"line":30,"column":37},"end":{"line":42,"column":null}},"3":{"start":{"line":39,"column":10},"end":{"line":39,"column":null}},"4":{"start":{"line":40,"column":10},"end":{"line":40,"column":null}},"5":{"start":{"line":43,"column":21},"end":{"line":43,"column":null}},"6":{"start":{"line":44,"column":6},"end":{"line":44,"column":null}}},"fnMap":{"0":{"name":"buildRegisteredTool","decl":{"start":{"line":23,"column":16},"end":{"line":23,"column":36}},"loc":{"start":{"line":23,"column":75},"end":{"line":47,"column":null}},"line":23},"1":{"name":"execute","decl":{"start":{"line":29,"column":10},"end":{"line":29,"column":18}},"loc":{"start":{"line":29,"column":44},"end":{"line":45,"column":null}},"line":29},"2":{"name":"(anonymous_2)","decl":{"start":{"line":38,"column":13},"end":{"line":38,"column":14}},"loc":{"start":{"line":38,"column":34},"end":{"line":41,"column":null}},"line":38}},"branchMap":{},"s":{"0":6,"1":6,"2":5,"3":2,"4":2,"5":5,"6":4},"f":{"0":6,"1":5,"2":2},"b":{},"meta":{"lastBranch":0,"lastFunction":3,"lastStatement":7,"seen":{"f:23:16:23:36":0,"s:24:25:24:Infinity":0,"s:25:2:46:Infinity":1,"f:29:10:29:18":1,"s:30:37:42:Infinity":2,"f:38:13:38:14":2,"s:39:10:39:Infinity":3,"s:40:10:40:Infinity":4,"s:43:21:43:Infinity":5,"s:44:6:44:Infinity":6},"fnNames":{}}}
,"D:\\MDHPROJECT\\metis-development-tool\\packages\\mdt-pi-runtime\\src\\errors.ts": {"path":"D:\\MDHPROJECT\\metis-development-tool\\packages\\mdt-pi-runtime\\src\\errors.ts","statementMap":{"0":{"start":{"line":9,"column":2},"end":{"line":12,"column":null}},"1":{"start":{"line":10,"column":20},"end":{"line":10,"column":null}},"2":{"start":{"line":11,"column":4},"end":{"line":11,"column":null}},"3":{"start":{"line":13,"column":2},"end":{"line":13,"column":null}},"4":{"start":{"line":13,"column":31},"end":{"line":13,"column":null}},"5":{"start":{"line":14,"column":2},"end":{"line":18,"column":null}},"6":{"start":{"line":15,"column":4},"end":{"line":15,"column":null}},"7":{"start":{"line":17,"column":4},"end":{"line":17,"column":null}},"8":{"start":{"line":22,"column":16},"end":{"line":22,"column":null}},"9":{"start":{"line":23,"column":2},"end":{"line":24,"column":null}},"10":{"start":{"line":24,"column":4},"end":{"line":24,"column":null}},"11":{"start":{"line":25,"column":2},"end":{"line":25,"column":null}},"12":{"start":{"line":25,"column":64},"end":{"line":25,"column":null}},"13":{"start":{"line":26,"column":2},"end":{"line":26,"column":null}},"14":{"start":{"line":26,"column":75},"end":{"line":26,"column":null}},"15":{"start":{"line":27,"column":2},"end":{"line":35,"column":null}},"16":{"start":{"line":34,"column":4},"end":{"line":34,"column":null}},"17":{"start":{"line":36,"column":2},"end":{"line":37,"column":null}},"18":{"start":{"line":37,"column":4},"end":{"line":37,"column":null}},"19":{"start":{"line":38,"column":2},"end":{"line":38,"column":null}}},"fnMap":{"0":{"name":"normalizeError","decl":{"start":{"line":8,"column":16},"end":{"line":8,"column":31}},"loc":{"start":{"line":8,"column":62},"end":{"line":19,"column":null}},"line":8},"1":{"name":"classify","decl":{"start":{"line":21,"column":9},"end":{"line":21,"column":18}},"loc":{"start":{"line":21,"column":70},"end":{"line":39,"column":null}},"line":21}},"branchMap":{"0":{"loc":{"start":{"line":9,"column":2},"end":{"line":12,"column":null}},"type":"if","locations":[{"start":{"line":9,"column":2},"end":{"line":12,"column":null}},{"start":{},"end":{}}],"line":9},"1":{"loc":{"start":{"line":10,"column":20},"end":{"line":10,"column":null}},"type":"binary-expr","locations":[{"start":{"line":10,"column":20},"end":{"line":10,"column":42}},{"start":{"line":10,"column":42},"end":{"line":10,"column":null}}],"line":10},"2":{"loc":{"start":{"line":13,"column":2},"end":{"line":13,"column":null}},"type":"if","locations":[{"start":{"line":13,"column":2},"end":{"line":13,"column":null}},{"start":{},"end":{}}],"line":13},"3":{"loc":{"start":{"line":15,"column":39},"end":{"line":15,"column":86}},"type":"binary-expr","locations":[{"start":{"line":15,"column":39},"end":{"line":15,"column":62}},{"start":{"line":15,"column":62},"end":{"line":15,"column":86}}],"line":15},"4":{"loc":{"start":{"line":23,"column":2},"end":{"line":24,"column":null}},"type":"if","locations":[{"start":{"line":23,"column":2},"end":{"line":24,"column":null}},{"start":{},"end":{}}],"line":23},"5":{"loc":{"start":{"line":23,"column":6},"end":{"line":23,"column":null}},"type":"binary-expr","locations":[{"start":{"line":23,"column":6},"end":{"line":23,"column":36}},{"start":{"line":23,"column":36},"end":{"line":23,"column":65}},{"start":{"line":23,"column":65},"end":{"line":23,"column":null}}],"line":23},"6":{"loc":{"start":{"line":25,"column":2},"end":{"line":25,"column":null}},"type":"if","locations":[{"start":{"line":25,"column":2},"end":{"line":25,"column":null}},{"start":{},"end":{}}],"line":25},"7":{"loc":{"start":{"line":25,"column":6},"end":{"line":25,"column":64}},"type":"binary-expr","locations":[{"start":{"line":25,"column":6},"end":{"line":25,"column":35}},{"start":{"line":25,"column":35},"end":{"line":25,"column":64}}],"line":25},"8":{"loc":{"start":{"line":26,"column":2},"end":{"line":26,"column":null}},"type":"if","locations":[{"start":{"line":26,"column":2},"end":{"line":26,"column":null}},{"start":{},"end":{}}],"line":26},"9":{"loc":{"start":{"line":26,"column":6},"end":{"line":26,"column":75}},"type":"binary-expr","locations":[{"start":{"line":26,"column":6},"end":{"line":26,"column":41}},{"start":{"line":26,"column":41},"end":{"line":26,"column":75}}],"line":26},"10":{"loc":{"start":{"line":27,"column":2},"end":{"line":35,"column":null}},"type":"if","locations":[{"start":{"line":27,"column":2},"end":{"line":35,"column":null}},{"start":{},"end":{}}],"line":27},"11":{"loc":{"start":{"line":28,"column":4},"end":{"line":32,"column":null}},"type":"binary-expr","locations":[{"start":{"line":28,"column":4},"end":{"line":28,"column":null}},{"start":{"line":29,"column":4},"end":{"line":29,"column":null}},{"start":{"line":30,"column":4},"end":{"line":30,"column":null}},{"start":{"line":31,"column":4},"end":{"line":31,"column":null}},{"start":{"line":32,"column":4},"end":{"line":32,"column":null}}],"line":28},"12":{"loc":{"start":{"line":36,"column":2},"end":{"line":37,"column":null}},"type":"if","locations":[{"start":{"line":36,"column":2},"end":{"line":37,"column":null}},{"start":{},"end":{}}],"line":36},"13":{"loc":{"start":{"line":36,"column":6},"end":{"line":36,"column":null}},"type":"binary-expr","locations":[{"start":{"line":36,"column":6},"end":{"line":36,"column":35}},{"start":{"line":36,"column":35},"end":{"line":36,"column":63}},{"start":{"line":36,"column":63},"end":{"line":36,"column":null}}],"line":36}},"s":{"0":11,"1":8,"2":8,"3":3,"4":1,"5":2,"6":2,"7":0,"8":9,"9":9,"10":1,"11":8,"12":2,"13":6,"14":1,"15":5,"16":1,"17":4,"18":1,"19":3},"f":{"0":11,"1":9},"b":{"0":[8,3],"1":[8,1],"2":[1,2],"3":[2,1],"4":[1,8],"5":[9,9,8],"6":[2,6],"7":[8,6],"8":[1,5],"9":[6,5],"10":[1,4],"11":[5,4,4,4,4],"12":[1,3],"13":[4,4,3]},"meta":{"lastBranch":14,"lastFunction":2,"lastStatement":20,"seen":{"f:8:16:8:31":0,"b:9:2:12:Infinity:undefined:undefined:undefined:undefined":0,"s:9:2:12:Infinity":0,"s:10:20:10:Infinity":1,"b:10:20:10:42:10:42:10:Infinity":1,"s:11:4:11:Infinity":2,"b:13:2:13:Infinity:undefined:undefined:undefined:undefined":2,"s:13:2:13:Infinity":3,"s:13:31:13:Infinity":4,"s:14:2:18:Infinity":5,"s:15:4:15:Infinity":6,"b:15:39:15:62:15:62:15:86":3,"s:17:4:17:Infinity":7,"f:21:9:21:18":1,"s:22:16:22:Infinity":8,"b:23:2:24:Infinity:undefined:undefined:undefined:undefined":4,"s:23:2:24:Infinity":9,"b:23:6:23:36:23:36:23:65:23:65:23:Infinity":5,"s:24:4:24:Infinity":10,"b:25:2:25:Infinity:undefined:undefined:undefined:undefined":6,"s:25:2:25:Infinity":11,"b:25:6:25:35:25:35:25:64":7,"s:25:64:25:Infinity":12,"b:26:2:26:Infinity:undefined:undefined:undefined:undefined":8,"s:26:2:26:Infinity":13,"b:26:6:26:41:26:41:26:75":9,"s:26:75:26:Infinity":14,"b:27:2:35:Infinity:undefined:undefined:undefined:undefined":10,"s:27:2:35:Infinity":15,"b:28:4:28:Infinity:29:4:29:Infinity:30:4:30:Infinity:31:4:31:Infinity:32:4:32:Infinity":11,"s:34:4:34:Infinity":16,"b:36:2:37:Infinity:undefined:undefined:undefined:undefined":12,"s:36:2:37:Infinity":17,"b:36:6:36:35:36:35:36:63:36:63:36:Infinity":13,"s:37:4:37:Infinity":18,"s:38:2:38:Infinity":19},"fnNames":{}}}
,"D:\\MDHPROJECT\\metis-development-tool\\packages\\mdt-pi-runtime\\src\\index.ts": {"path":"D:\\MDHPROJECT\\metis-development-tool\\packages\\mdt-pi-runtime\\src\\index.ts","statementMap":{},"fnMap":{},"branchMap":{},"s":{},"f":{},"b":{},"meta":{"lastBranch":0,"lastFunction":0,"lastStatement":0,"seen":{},"fnNames":{}}}
,"D:\\MDHPROJECT\\metis-development-tool\\packages\\mdt-pi-runtime\\src\\types.ts": {"path":"D:\\MDHPROJECT\\metis-development-tool\\packages\\mdt-pi-runtime\\src\\types.ts","statementMap":{},"fnMap":{},"branchMap":{},"s":{},"f":{},"b":{},"meta":{"lastBranch":0,"lastFunction":0,"lastStatement":0,"seen":{},"fnNames":{}}}
}
