<?xml version="1.0" encoding="UTF-8"?>
<coverage generated="1789429054254" clover="3.2.0">
  <project timestamp="1789429054254" name="All files">
    <metrics statements="39" coveredstatements="38" conditionals="42" coveredconditionals="38" methods="11" coveredmethods="10" elements="92" coveredelements="86" complexity="0" loc="39" ncloc="39" packages="1" files="1" classes="1"/>
    <file name="index.ts" path="D:\MDHPROJECT\metis-development-tool\packages\mdt-design\src\index.ts">
      <metrics statements="39" coveredstatements="38" conditionals="42" coveredconditionals="38" methods="11" coveredmethods="10"/>
      <line num="69" count="29" type="stmt"/>
      <line num="70" count="29" type="stmt"/>
      <line num="71" count="29" type="cond" truecount="5" falsecount="0"/>
      <line num="72" count="16" type="cond" truecount="6" falsecount="0"/>
      <line num="73" count="1" type="stmt"/>
      <line num="74" count="15" type="cond" truecount="5" falsecount="0"/>
      <line num="75" count="14" type="cond" truecount="3" falsecount="1"/>
      <line num="76" count="14" type="cond" truecount="1" falsecount="1"/>
      <line num="77" count="14" type="cond" truecount="2" falsecount="0"/>
      <line num="78" count="1" type="cond" truecount="2" falsecount="2"/>
      <line num="79" count="1" type="stmt"/>
      <line num="83" count="82" type="stmt"/>
      <line num="106" count="4" type="stmt"/>
      <line num="122" count="8" type="stmt"/>
      <line num="123" count="8" type="stmt"/>
      <line num="124" count="8" type="stmt"/>
      <line num="125" count="12" type="stmt"/>
      <line num="126" count="12" type="cond" truecount="2" falsecount="0"/>
      <line num="127" count="12" type="stmt"/>
      <line num="128" count="24" type="stmt"/>
      <line num="130" count="12" type="stmt"/>
      <line num="138" count="8" type="stmt"/>
      <line num="139" count="8" type="stmt"/>
      <line num="140" count="12" type="stmt"/>
      <line num="141" count="12" type="stmt"/>
      <line num="142" count="36" type="stmt"/>
      <line num="143" count="24" type="stmt"/>
      <line num="144" count="24" type="cond" truecount="2" falsecount="0"/>
      <line num="147" count="12" type="stmt"/>
      <line num="149" count="8" type="stmt"/>
      <line num="150" count="39" type="cond" truecount="2" falsecount="0"/>
      <line num="152" count="8" type="stmt"/>
      <line num="162" count="24" type="stmt"/>
      <line num="163" count="24" type="cond" truecount="2" falsecount="0"/>
      <line num="164" count="24" type="stmt"/>
      <line num="165" count="24" type="stmt"/>
      <line num="176" count="0" type="cond" truecount="2" falsecount="0"/>
      <line num="186" count="3" type="stmt"/>
      <line num="191" count="6" type="stmt"/>
    </file>
  </project>
</coverage>
