{"D:\\MDHPROJECT\\metis-development-tool\\packages\\mdt-design\\src\\index.ts": {"path":"D:\\MDHPROJECT\\metis-development-tool\\packages\\mdt-design\\src\\index.ts","statementMap":{"0":{"start":{"line":69,"column":12},"end":{"line":69,"column":null}},"1":{"start":{"line":70,"column":12},"end":{"line":70,"column":null}},"2":{"start":{"line":71,"column":2},"end":{"line":71,"column":null}},"3":{"start":{"line":71,"column":68},"end":{"line":71,"column":null}},"4":{"start":{"line":72,"column":2},"end":{"line":73,"column":null}},"5":{"start":{"line":73,"column":4},"end":{"line":73,"column":null}},"6":{"start":{"line":74,"column":2},"end":{"line":74,"column":null}},"7":{"start":{"line":74,"column":64},"end":{"line":74,"column":null}},"8":{"start":{"line":75,"column":2},"end":{"line":75,"column":null}},"9":{"start":{"line":75,"column":40},"end":{"line":75,"column":null}},"10":{"start":{"line":76,"column":2},"end":{"line":76,"column":null}},"11":{"start":{"line":76,"column":21},"end":{"line":76,"column":null}},"12":{"start":{"line":77,"column":2},"end":{"line":77,"column":null}},"13":{"start":{"line":77,"column":20},"end":{"line":77,"column":null}},"14":{"start":{"line":78,"column":2},"end":{"line":78,"column":null}},"15":{"start":{"line":78,"column":51},"end":{"line":78,"column":null}},"16":{"start":{"line":79,"column":2},"end":{"line":79,"column":null}},"17":{"start":{"line":83,"column":26},"end":{"line":83,"column":null}},"18":{"start":{"line":83,"column":73},"end":{"line":83,"column":null}},"19":{"start":{"line":106,"column":2},"end":{"line":106,"column":null}},"20":{"start":{"line":122,"column":14},"end":{"line":122,"column":null}},"21":{"start":{"line":123,"column":20},"end":{"line":123,"column":null}},"22":{"start":{"line":124,"column":31},"end":{"line":136,"column":null}},"23":{"start":{"line":125,"column":20},"end":{"line":125,"column":null}},"24":{"start":{"line":126,"column":4},"end":{"line":126,"column":null}},"25":{"start":{"line":126,"column":23},"end":{"line":126,"column":null}},"26":{"start":{"line":127,"column":21},"end":{"line":129,"column":null}},"27":{"start":{"line":128,"column":6},"end":{"line":128,"column":null}},"28":{"start":{"line":130,"column":4},"end":{"line":135,"column":null}},"29":{"start":{"line":138,"column":19},"end":{"line":138,"column":null}},"30":{"start":{"line":139,"column":2},"end":{"line":148,"column":null}},"31":{"start":{"line":140,"column":4},"end":{"line":140,"column":null}},"32":{"start":{"line":141,"column":17},"end":{"line":146,"column":null}},"33":{"start":{"line":142,"column":6},"end":{"line":145,"column":null}},"34":{"start":{"line":143,"column":8},"end":{"line":143,"column":null}},"35":{"start":{"line":144,"column":8},"end":{"line":144,"column":null}},"36":{"start":{"line":147,"column":4},"end":{"line":147,"column":null}},"37":{"start":{"line":149,"column":2},"end":{"line":151,"column":null}},"38":{"start":{"line":150,"column":4},"end":{"line":150,"column":null}},"39":{"start":{"line":150,"column":28},"end":{"line":150,"column":null}},"40":{"start":{"line":152,"column":2},"end":{"line":152,"column":null}},"41":{"start":{"line":162,"column":14},"end":{"line":162,"column":null}},"42":{"start":{"line":163,"column":2},"end":{"line":163,"column":null}},"43":{"start":{"line":163,"column":17},"end":{"line":163,"column":null}},"44":{"start":{"line":164,"column":19},"end":{"line":164,"column":null}},"45":{"start":{"line":165,"column":2},"end":{"line":177,"column":null}},"46":{"start":{"line":176,"column":45},"end":{"line":176,"column":93}},"47":{"start":{"line":186,"column":2},"end":{"line":186,"column":null}},"48":{"start":{"line":191,"column":2},"end":{"line":191,"column":null}}},"fnMap":{"0":{"name":"guessRole","decl":{"start":{"line":68,"column":16},"end":{"line":68,"column":26}},"loc":{"start":{"line":68,"column":87},"end":{"line":80,"column":null}},"line":68},"1":{"name":"(anonymous_1)","decl":{"start":{"line":83,"column":26},"end":{"line":83,"column":27}},"loc":{"start":{"line":83,"column":73},"end":{"line":83,"column":null}},"line":83},"2":{"name":"emptyOverlay","decl":{"start":{"line":105,"column":16},"end":{"line":105,"column":43}},"loc":{"start":{"line":105,"column":43},"end":{"line":107,"column":null}},"line":105},"3":{"name":"derivePages","decl":{"start":{"line":117,"column":16},"end":{"line":117,"column":null}},"loc":{"start":{"line":121,"column":49},"end":{"line":153,"column":null}},"line":121},"4":{"name":"(anonymous_4)","decl":{"start":{"line":124,"column":47},"end":{"line":124,"column":48}},"loc":{"start":{"line":124,"column":57},"end":{"line":136,"column":3}},"line":124},"5":{"name":"(anonymous_5)","decl":{"start":{"line":127,"column":39},"end":{"line":127,"column":40}},"loc":{"start":{"line":128,"column":6},"end":{"line":128,"column":null}},"line":128},"6":{"name":"(anonymous_6)","decl":{"start":{"line":141,"column":17},"end":{"line":141,"column":18}},"loc":{"start":{"line":141,"column":46},"end":{"line":146,"column":null}},"line":141},"7":{"name":"deriveElement","decl":{"start":{"line":155,"column":9},"end":{"line":155,"column":null}},"loc":{"start":{"line":161,"column":18},"end":{"line":178,"column":null}},"line":161},"8":{"name":"(anonymous_8)","decl":{"start":{"line":176,"column":38},"end":{"line":176,"column":39}},"loc":{"start":{"line":176,"column":45},"end":{"line":176,"column":93}},"line":176},"9":{"name":"elementIdFor","decl":{"start":{"line":181,"column":16},"end":{"line":181,"column":null}},"loc":{"start":{"line":185,"column":22},"end":{"line":187,"column":null}},"line":185},"10":{"name":"pageIdFor","decl":{"start":{"line":190,"column":16},"end":{"line":190,"column":26}},"loc":{"start":{"line":190,"column":84},"end":{"line":192,"column":null}},"line":190}},"branchMap":{"0":{"loc":{"start":{"line":71,"column":2},"end":{"line":71,"column":null}},"type":"if","locations":[{"start":{"line":71,"column":2},"end":{"line":71,"column":null}},{"start":{},"end":{}}],"line":71},"1":{"loc":{"start":{"line":71,"column":6},"end":{"line":71,"column":68}},"type":"binary-expr","locations":[{"start":{"line":71,"column":6},"end":{"line":71,"column":24}},{"start":{"line":71,"column":24},"end":{"line":71,"column":50}},{"start":{"line":71,"column":50},"end":{"line":71,"column":68}}],"line":71},"2":{"loc":{"start":{"line":72,"column":2},"end":{"line":73,"column":null}},"type":"if","locations":[{"start":{"line":72,"column":2},"end":{"line":73,"column":null}},{"start":{},"end":{}}],"line":72},"3":{"loc":{"start":{"line":72,"column":6},"end":{"line":72,"column":null}},"type":"binary-expr","locations":[{"start":{"line":72,"column":6},"end":{"line":72,"column":23}},{"start":{"line":72,"column":23},"end":{"line":72,"column":42}},{"start":{"line":72,"column":42},"end":{"line":72,"column":67}},{"start":{"line":72,"column":67},"end":{"line":72,"column":null}}],"line":72},"4":{"loc":{"start":{"line":74,"column":2},"end":{"line":74,"column":null}},"type":"if","locations":[{"start":{"line":74,"column":2},"end":{"line":74,"column":null}},{"start":{},"end":{}}],"line":74},"5":{"loc":{"start":{"line":74,"column":6},"end":{"line":74,"column":64}},"type":"binary-expr","locations":[{"start":{"line":74,"column":6},"end":{"line":74,"column":22}},{"start":{"line":74,"column":22},"end":{"line":74,"column":46}},{"start":{"line":74,"column":46},"end":{"line":74,"column":64}}],"line":74},"6":{"loc":{"start":{"line":75,"column":2},"end":{"line":75,"column":null}},"type":"if","locations":[{"start":{"line":75,"column":2},"end":{"line":75,"column":null}},{"start":{},"end":{}}],"line":75},"7":{"loc":{"start":{"line":75,"column":6},"end":{"line":75,"column":40}},"type":"binary-expr","locations":[{"start":{"line":75,"column":6},"end":{"line":75,"column":23}},{"start":{"line":75,"column":23},"end":{"line":75,"column":40}}],"line":75},"8":{"loc":{"start":{"line":76,"column":2},"end":{"line":76,"column":null}},"type":"if","locations":[{"start":{"line":76,"column":2},"end":{"line":76,"column":null}},{"start":{},"end":{}}],"line":76},"9":{"loc":{"start":{"line":77,"column":2},"end":{"line":77,"column":null}},"type":"if","locations":[{"start":{"line":77,"column":2},"end":{"line":77,"column":null}},{"start":{},"end":{}}],"line":77},"10":{"loc":{"start":{"line":78,"column":2},"end":{"line":78,"column":null}},"type":"if","locations":[{"start":{"line":78,"column":2},"end":{"line":78,"column":null}},{"start":{},"end":{}}],"line":78},"11":{"loc":{"start":{"line":78,"column":6},"end":{"line":78,"column":51}},"type":"binary-expr","locations":[{"start":{"line":78,"column":6},"end":{"line":78,"column":34}},{"start":{"line":78,"column":34},"end":{"line":78,"column":51}}],"line":78},"12":{"loc":{"start":{"line":126,"column":4},"end":{"line":126,"column":null}},"type":"if","locations":[{"start":{"line":126,"column":4},"end":{"line":126,"column":null}},{"start":{},"end":{}}],"line":126},"13":{"loc":{"start":{"line":144,"column":13},"end":{"line":144,"column":30}},"type":"binary-expr","locations":[{"start":{"line":144,"column":13},"end":{"line":144,"column":28}},{"start":{"line":144,"column":28},"end":{"line":144,"column":30}}],"line":144},"14":{"loc":{"start":{"line":150,"column":4},"end":{"line":150,"column":null}},"type":"if","locations":[{"start":{"line":150,"column":4},"end":{"line":150,"column":null}},{"start":{},"end":{}}],"line":150},"15":{"loc":{"start":{"line":163,"column":2},"end":{"line":163,"column":null}},"type":"if","locations":[{"start":{"line":163,"column":2},"end":{"line":163,"column":null}},{"start":{},"end":{}}],"line":163},"16":{"loc":{"start":{"line":169,"column":10},"end":{"line":169,"column":null}},"type":"binary-expr","locations":[{"start":{"line":169,"column":10},"end":{"line":169,"column":28}},{"start":{"line":169,"column":28},"end":{"line":169,"column":null}}],"line":169},"17":{"loc":{"start":{"line":174,"column":19},"end":{"line":174,"column":67}},"type":"cond-expr","locations":[{"start":{"line":174,"column":43},"end":{"line":174,"column":63}},{"start":{"line":174,"column":63},"end":{"line":174,"column":67}}],"line":174},"18":{"loc":{"start":{"line":176,"column":15},"end":{"line":176,"column":34}},"type":"binary-expr","locations":[{"start":{"line":176,"column":15},"end":{"line":176,"column":30}},{"start":{"line":176,"column":30},"end":{"line":176,"column":34}}],"line":176}},"s":{"0":29,"1":29,"2":29,"3":13,"4":16,"5":1,"6":15,"7":1,"8":14,"9":0,"10":14,"11":0,"12":14,"13":13,"14":1,"15":0,"16":1,"17":1,"18":82,"19":4,"20":8,"21":8,"22":8,"23":12,"24":12,"25":7,"26":12,"27":24,"28":12,"29":8,"30":8,"31":12,"32":12,"33":36,"34":24,"35":24,"36":12,"37":8,"38":39,"39":3,"40":8,"41":24,"42":24,"43":14,"44":24,"45":24,"46":0,"47":3,"48":6},"f":{"0":29,"1":82,"2":4,"3":8,"4":12,"5":24,"6":36,"7":24,"8":0,"9":3,"10":6},"b":{"0":[13,16],"1":[29,29,16],"2":[1,15],"3":[16,16,15,15],"4":[1,14],"5":[15,15,14],"6":[0,14],"7":[14,14],"8":[0,14],"9":[13,1],"10":[0,1],"11":[1,0],"12":[7,5],"13":[24,24],"14":[3,36],"15":[14,10],"16":[24,24],"17":[12,12],"18":[24,24]},"meta":{"lastBranch":19,"lastFunction":11,"lastStatement":49,"seen":{"f:68:16:68:26":0,"s:69:12:69:Infinity":0,"s:70:12:70:Infinity":1,"b:71:2:71:Infinity:undefined:undefined:undefined:undefined":0,"s:71:2:71:Infinity":2,"b:71:6:71:24:71:24:71:50:71:50:71:68":1,"s:71:68:71:Infinity":3,"b:72:2:73:Infinity:undefined:undefined:undefined:undefined":2,"s:72:2:73:Infinity":4,"b:72:6:72:23:72:23:72:42:72:42:72:67:72:67:72:Infinity":3,"s:73:4:73:Infinity":5,"b:74:2:74:Infinity:undefined:undefined:undefined:undefined":4,"s:74:2:74:Infinity":6,"b:74:6:74:22:74:22:74:46:74:46:74:64":5,"s:74:64:74:Infinity":7,"b:75:2:75:Infinity:undefined:undefined:undefined:undefined":6,"s:75:2:75:Infinity":8,"b:75:6:75:23:75:23:75:40":7,"s:75:40:75:Infinity":9,"b:76:2:76:Infinity:undefined:undefined:undefined:undefined":8,"s:76:2:76:Infinity":10,"s:76:21:76:Infinity":11,"b:77:2:77:Infinity:undefined:undefined:undefined:undefined":9,"s:77:2:77:Infinity":12,"s:77:20:77:Infinity":13,"b:78:2:78:Infinity:undefined:undefined:undefined:undefined":10,"s:78:2:78:Infinity":14,"b:78:6:78:34:78:34:78:51":11,"s:78:51:78:Infinity":15,"s:79:2:79:Infinity":16,"s:83:26:83:Infinity":17,"f:83:26:83:27":1,"s:83:73:83:Infinity":18,"f:105:16:105:43":2,"s:106:2:106:Infinity":19,"f:117:16:117:Infinity":3,"s:122:14:122:Infinity":20,"s:123:20:123:Infinity":21,"s:124:31:136:Infinity":22,"f:124:47:124:48":4,"s:125:20:125:Infinity":23,"b:126:4:126:Infinity:undefined:undefined:undefined:undefined":12,"s:126:4:126:Infinity":24,"s:126:23:126:Infinity":25,"s:127:21:129:Infinity":26,"f:127:39:127:40":5,"s:128:6:128:Infinity":27,"s:130:4:135:Infinity":28,"s:138:19:138:Infinity":29,"s:139:2:148:Infinity":30,"s:140:4:140:Infinity":31,"s:141:17:146:Infinity":32,"f:141:17:141:18":6,"s:142:6:145:Infinity":33,"s:143:8:143:Infinity":34,"s:144:8:144:Infinity":35,"b:144:13:144:28:144:28:144:30":13,"s:147:4:147:Infinity":36,"s:149:2:151:Infinity":37,"b:150:4:150:Infinity:undefined:undefined:undefined:undefined":14,"s:150:4:150:Infinity":38,"s:150:28:150:Infinity":39,"s:152:2:152:Infinity":40,"f:155:9:155:Infinity":7,"s:162:14:162:Infinity":41,"b:163:2:163:Infinity:undefined:undefined:undefined:undefined":15,"s:163:2:163:Infinity":42,"s:163:17:163:Infinity":43,"s:164:19:164:Infinity":44,"s:165:2:177:Infinity":45,"b:169:10:169:28:169:28:169:Infinity":16,"b:174:43:174:63:174:63:174:67":17,"b:176:15:176:30:176:30:176:34":18,"f:176:38:176:39":8,"s:176:45:176:93":46,"f:181:16:181:Infinity":9,"s:186:2:186:Infinity":47,"f:190:16:190:26":10,"s:191:2:191:Infinity":48},"fnNames":{}}}
}
