<?xml version="1.0" encoding="UTF-8"?>
<coverage generated="1789431850377" clover="3.2.0">
  <project timestamp="1789431850378" name="All files">
    <metrics statements="192" coveredstatements="191" conditionals="87" coveredconditionals="78" methods="47" coveredmethods="46" elements="326" coveredelements="315" complexity="0" loc="192" ncloc="192" packages="1" files="6" classes="6"/>
    <file name="assets.ts" path="D:\MDHPROJECT\metis-development-tool\packages\mdt-project\src\assets.ts">
      <metrics statements="54" coveredstatements="54" conditionals="29" coveredconditionals="29" methods="11" coveredmethods="11"/>
      <line num="27" count="2" type="stmt"/>
      <line num="42" count="10" type="stmt"/>
      <line num="43" count="10" type="cond" truecount="2" falsecount="0"/>
      <line num="47" count="10" type="stmt"/>
      <line num="50" count="24" type="stmt"/>
      <line num="55" count="10" type="stmt"/>
      <line num="56" count="10" type="cond" truecount="2" falsecount="0"/>
      <line num="57" count="10" type="stmt"/>
      <line num="58" count="10" type="stmt"/>
      <line num="59" count="10" type="stmt"/>
      <line num="60" count="10" type="cond" truecount="2" falsecount="0"/>
      <line num="61" count="9" type="stmt"/>
      <line num="63" count="10" type="stmt"/>
      <line num="76" count="1" type="stmt"/>
      <line num="77" count="1" type="stmt"/>
      <line num="82" count="5" type="cond" truecount="2" falsecount="0"/>
      <line num="83" count="4" type="stmt"/>
      <line num="84" count="4" type="cond" truecount="2" falsecount="0"/>
      <line num="88" count="4" type="stmt"/>
      <line num="89" count="4" type="cond" truecount="2" falsecount="0"/>
      <line num="90" count="2" type="stmt"/>
      <line num="91" count="2" type="stmt"/>
      <line num="93" count="1" type="stmt"/>
      <line num="107" count="6" type="cond" truecount="2" falsecount="0"/>
      <line num="108" count="6" type="stmt"/>
      <line num="109" count="6" type="stmt"/>
      <line num="110" count="6" type="stmt"/>
      <line num="111" count="6" type="cond" truecount="2" falsecount="0"/>
      <line num="112" count="5" type="stmt"/>
      <line num="113" count="10" type="cond" truecount="2" falsecount="0"/>
      <line num="114" count="8" type="cond" truecount="2" falsecount="0"/>
      <line num="115" count="3" type="stmt"/>
      <line num="116" count="3" type="stmt"/>
      <line num="118" count="5" type="stmt"/>
      <line num="119" count="5" type="cond" truecount="2" falsecount="0"/>
      <line num="120" count="3" type="stmt"/>
      <line num="123" count="5" type="stmt"/>
      <line num="142" count="9" type="stmt"/>
      <line num="143" count="9" type="stmt"/>
      <line num="144" count="9" type="stmt"/>
      <line num="146" count="9" type="cond" truecount="4" falsecount="0"/>
      <line num="147" count="1" type="stmt"/>
      <line num="148" count="1" type="stmt"/>
      <line num="150" count="3" type="stmt"/>
      <line num="152" count="5" type="stmt"/>
      <line num="153" count="5" type="stmt"/>
      <line num="158" count="5" type="stmt"/>
      <line num="159" count="5" type="stmt"/>
      <line num="160" count="5" type="stmt"/>
      <line num="161" count="5" type="cond" truecount="2" falsecount="0"/>
      <line num="168" count="4" type="stmt"/>
      <line num="169" count="4" type="stmt"/>
      <line num="170" count="4" type="stmt"/>
      <line num="172" count="1" type="stmt"/>
    </file>
    <file name="autosave.ts" path="D:\MDHPROJECT\metis-development-tool\packages\mdt-project\src\autosave.ts">
      <metrics statements="49" coveredstatements="49" conditionals="22" coveredconditionals="20" methods="14" coveredmethods="13"/>
      <line num="31" count="2" type="stmt"/>
      <line num="36" count="9" type="stmt"/>
      <line num="37" count="9" type="stmt"/>
      <line num="38" count="9" type="stmt"/>
      <line num="40" count="9" type="stmt"/>
      <line num="43" count="9" type="stmt"/>
      <line num="46" count="12" type="stmt"/>
      <line num="50" count="15" type="stmt"/>
      <line num="54" count="6" type="stmt"/>
      <line num="59" count="509" type="stmt"/>
      <line num="60" count="509" type="stmt"/>
      <line num="61" count="509" type="stmt"/>
      <line num="62" count="509" type="cond" truecount="2" falsecount="0"/>
      <line num="63" count="9" type="stmt"/>
      <line num="64" count="9" type="stmt"/>
      <line num="65" count="9" type="stmt"/>
      <line num="66" count="500" type="cond" truecount="2" falsecount="0"/>
      <line num="68" count="1" type="stmt"/>
      <line num="69" count="1" type="stmt"/>
      <line num="75" count="9" type="cond" truecount="2" falsecount="0"/>
      <line num="76" count="6" type="stmt"/>
      <line num="77" count="6" type="stmt"/>
      <line num="79" count="9" type="cond" truecount="5" falsecount="0"/>
      <line num="80" count="6" type="stmt"/>
      <line num="81" count="6" type="stmt"/>
      <line num="82" count="6" type="stmt"/>
      <line num="83" count="6" type="stmt"/>
      <line num="84" count="6" type="stmt"/>
      <line num="85" count="6" type="stmt"/>
      <line num="88" count="1" type="stmt"/>
      <line num="90" count="6" type="stmt"/>
      <line num="96" count="2" type="cond" truecount="1" falsecount="1"/>
      <line num="97" count="2" type="stmt"/>
      <line num="98" count="2" type="stmt"/>
      <line num="100" count="2" type="stmt"/>
      <line num="101" count="2" type="stmt"/>
      <line num="105" count="2" type="cond" truecount="2" falsecount="0"/>
      <line num="106" count="2" type="stmt"/>
      <line num="111" count="1" type="stmt"/>
      <line num="129" count="2" type="stmt"/>
      <line num="130" count="2" type="stmt"/>
      <line num="135" count="4" type="stmt"/>
      <line num="136" count="4" type="stmt"/>
      <line num="137" count="4" type="stmt"/>
      <line num="141" count="4" type="cond" truecount="4" falsecount="1"/>
      <line num="142" count="1" type="stmt"/>
      <line num="144" count="3" type="stmt"/>
      <line num="150" count="2" type="stmt"/>
      <line num="151" count="2" type="stmt"/>
    </file>
    <file name="index.ts" path="D:\MDHPROJECT\metis-development-tool\packages\mdt-project\src\index.ts">
      <metrics statements="0" coveredstatements="0" conditionals="0" coveredconditionals="0" methods="0" coveredmethods="0"/>
    </file>
    <file name="layout.ts" path="D:\MDHPROJECT\metis-development-tool\packages\mdt-project\src\layout.ts">
      <metrics statements="20" coveredstatements="20" conditionals="9" coveredconditionals="8" methods="5" coveredmethods="5"/>
      <line num="19" count="8" type="stmt"/>
      <line num="20" count="8" type="stmt"/>
      <line num="35" count="102" type="stmt"/>
      <line num="50" count="58" type="stmt"/>
      <line num="51" count="58" type="stmt"/>
      <line num="53" count="58" type="stmt"/>
      <line num="54" count="58" type="stmt"/>
      <line num="55" count="58" type="stmt"/>
      <line num="56" count="58" type="stmt"/>
      <line num="58" count="58" type="cond" truecount="1" falsecount="1"/>
      <line num="63" count="58" type="cond" truecount="4" falsecount="0"/>
      <line num="64" count="57" type="stmt"/>
      <line num="69" count="12" type="stmt"/>
      <line num="74" count="16" type="stmt"/>
      <line num="75" count="16" type="stmt"/>
      <line num="77" count="2" type="stmt"/>
      <line num="87" count="11" type="stmt"/>
      <line num="88" count="11" type="stmt"/>
      <line num="89" count="11" type="stmt"/>
      <line num="90" count="11" type="cond" truecount="3" falsecount="0"/>
    </file>
    <file name="recent.ts" path="D:\MDHPROJECT\metis-development-tool\packages\mdt-project\src\recent.ts">
      <metrics statements="20" coveredstatements="20" conditionals="7" coveredconditionals="6" methods="11" coveredmethods="11"/>
      <line num="19" count="28" type="stmt"/>
      <line num="20" count="28" type="cond" truecount="1" falsecount="1"/>
      <line num="24" count="11" type="stmt"/>
      <line num="27" count="36" type="stmt"/>
      <line num="28" count="36" type="stmt"/>
      <line num="29" count="36" type="cond" truecount="2" falsecount="0"/>
      <line num="31" count="10" type="stmt"/>
      <line num="37" count="13" type="stmt"/>
      <line num="38" count="13" type="stmt"/>
      <line num="39" count="13" type="stmt"/>
      <line num="43" count="13" type="stmt"/>
      <line num="44" count="13" type="stmt"/>
      <line num="48" count="3" type="stmt"/>
      <line num="49" count="5" type="stmt"/>
      <line num="50" count="3" type="stmt"/>
      <line num="51" count="3" type="stmt"/>
      <line num="56" count="5" type="stmt"/>
      <line num="57" count="3" type="cond" truecount="2" falsecount="0"/>
      <line num="58" count="3" type="stmt"/>
      <line num="62" count="18" type="stmt"/>
    </file>
    <file name="store.ts" path="D:\MDHPROJECT\metis-development-tool\packages\mdt-project\src\store.ts">
      <metrics statements="49" coveredstatements="48" conditionals="20" coveredconditionals="15" methods="6" coveredmethods="6"/>
      <line num="26" count="3" type="stmt"/>
      <line num="27" count="3" type="stmt"/>
      <line num="28" count="3" type="stmt"/>
      <line num="29" count="3" type="stmt"/>
      <line num="42" count="8" type="stmt"/>
      <line num="43" count="8" type="cond" truecount="1" falsecount="1"/>
      <line num="44" count="0" type="stmt"/>
      <line num="59" count="8" type="stmt"/>
      <line num="60" count="8" type="stmt"/>
      <line num="62" count="1" type="stmt"/>
      <line num="73" count="7" type="stmt"/>
      <line num="74" count="7" type="cond" truecount="2" falsecount="0"/>
      <line num="75" count="6" type="stmt"/>
      <line num="84" count="11" type="stmt"/>
      <line num="109" count="11" type="stmt"/>
      <line num="110" count="11" type="stmt"/>
      <line num="119" count="20" type="stmt"/>
      <line num="120" count="20" type="stmt"/>
      <line num="121" count="20" type="stmt"/>
      <line num="122" count="20" type="stmt"/>
      <line num="123" count="20" type="stmt"/>
      <line num="124" count="20" type="stmt"/>
      <line num="126" count="2" type="stmt"/>
      <line num="132" count="18" type="stmt"/>
      <line num="133" count="18" type="stmt"/>
      <line num="134" count="18" type="stmt"/>
      <line num="135" count="18" type="stmt"/>
      <line num="137" count="1" type="stmt"/>
      <line num="139" count="1" type="cond" truecount="3" falsecount="1"/>
      <line num="144" count="1" type="stmt"/>
      <line num="154" count="4" type="cond" truecount="2" falsecount="0"/>
      <line num="155" count="1" type="stmt"/>
      <line num="156" count="1" type="stmt"/>
      <line num="158" count="3" type="stmt"/>
      <line num="159" count="3" type="stmt"/>
      <line num="160" count="3" type="stmt"/>
      <line num="161" count="3" type="stmt"/>
      <line num="162" count="3" type="stmt"/>
      <line num="163" count="3" type="stmt"/>
      <line num="164" count="3" type="cond" truecount="2" falsecount="0"/>
      <line num="165" count="3" type="stmt"/>
      <line num="169" count="7" type="cond" truecount="1" falsecount="1"/>
      <line num="170" count="7" type="stmt"/>
      <line num="171" count="4" type="stmt"/>
      <line num="172" count="4" type="stmt"/>
      <line num="173" count="4" type="cond" truecount="2" falsecount="0"/>
      <line num="174" count="2" type="stmt"/>
      <line num="175" count="2" type="stmt"/>
      <line num="177" count="2" type="stmt"/>
    </file>
  </project>
</coverage>
