{"D:\\MDHPROJECT\\metis-development-tool\\packages\\mdt-project\\src\\assets.ts": {"path":"D:\\MDHPROJECT\\metis-development-tool\\packages\\mdt-project\\src\\assets.ts","statementMap":{"0":{"start":{"line":27,"column":44},"end":{"line":39,"column":null}},"1":{"start":{"line":42,"column":14},"end":{"line":42,"column":null}},"2":{"start":{"line":43,"column":2},"end":{"line":43,"column":null}},"3":{"start":{"line":47,"column":31},"end":{"line":47,"column":45}},"4":{"start":{"line":50,"column":4},"end":{"line":50,"column":null}},"5":{"start":{"line":55,"column":10},"end":{"line":55,"column":null}},"6":{"start":{"line":56,"column":16},"end":{"line":56,"column":null}},"7":{"start":{"line":57,"column":19},"end":{"line":57,"column":null}},"8":{"start":{"line":58,"column":19},"end":{"line":58,"column":null}},"9":{"start":{"line":59,"column":20},"end":{"line":59,"column":null}},"10":{"start":{"line":60,"column":4},"end":{"line":62,"column":null}},"11":{"start":{"line":61,"column":6},"end":{"line":61,"column":null}},"12":{"start":{"line":63,"column":4},"end":{"line":71,"column":null}},"13":{"start":{"line":76,"column":18},"end":{"line":76,"column":null}},"14":{"start":{"line":77,"column":4},"end":{"line":77,"column":null}},"15":{"start":{"line":82,"column":4},"end":{"line":82,"column":null}},"16":{"start":{"line":82,"column":42},"end":{"line":82,"column":null}},"17":{"start":{"line":83,"column":16},"end":{"line":83,"column":null}},"18":{"start":{"line":84,"column":4},"end":{"line":84,"column":null}},"19":{"start":{"line":88,"column":16},"end":{"line":88,"column":null}},"20":{"start":{"line":89,"column":4},"end":{"line":89,"column":null}},"21":{"start":{"line":89,"column":14},"end":{"line":89,"column":null}},"22":{"start":{"line":90,"column":4},"end":{"line":94,"column":null}},"23":{"start":{"line":91,"column":6},"end":{"line":91,"column":null}},"24":{"start":{"line":93,"column":6},"end":{"line":93,"column":null}},"25":{"start":{"line":107,"column":23},"end":{"line":107,"column":null}},"26":{"start":{"line":108,"column":4},"end":{"line":108,"column":null}},"27":{"start":{"line":108,"column":40},"end":{"line":108,"column":null}},"28":{"start":{"line":109,"column":30},"end":{"line":109,"column":null}},"29":{"start":{"line":110,"column":27},"end":{"line":110,"column":null}},"30":{"start":{"line":111,"column":4},"end":{"line":111,"column":null}},"31":{"start":{"line":111,"column":40},"end":{"line":111,"column":null}},"32":{"start":{"line":112,"column":4},"end":{"line":122,"column":null}},"33":{"start":{"line":113,"column":6},"end":{"line":113,"column":null}},"34":{"start":{"line":113,"column":27},"end":{"line":113,"column":null}},"35":{"start":{"line":114,"column":6},"end":{"line":117,"column":null}},"36":{"start":{"line":115,"column":8},"end":{"line":115,"column":null}},"37":{"start":{"line":116,"column":8},"end":{"line":116,"column":null}},"38":{"start":{"line":118,"column":6},"end":{"line":118,"column":null}},"39":{"start":{"line":119,"column":6},"end":{"line":121,"column":null}},"40":{"start":{"line":120,"column":8},"end":{"line":120,"column":null}},"41":{"start":{"line":123,"column":4},"end":{"line":123,"column":null}},"42":{"start":{"line":142,"column":8},"end":{"line":142,"column":null}},"43":{"start":{"line":143,"column":2},"end":{"line":154,"column":null}},"44":{"start":{"line":144,"column":21},"end":{"line":144,"column":null}},"45":{"start":{"line":146,"column":4},"end":{"line":149,"column":null}},"46":{"start":{"line":147,"column":6},"end":{"line":147,"column":null}},"47":{"start":{"line":148,"column":6},"end":{"line":148,"column":null}},"48":{"start":{"line":150,"column":4},"end":{"line":150,"column":null}},"49":{"start":{"line":152,"column":4},"end":{"line":152,"column":null}},"50":{"start":{"line":153,"column":4},"end":{"line":153,"column":null}},"51":{"start":{"line":158,"column":8},"end":{"line":158,"column":null}},"52":{"start":{"line":159,"column":2},"end":{"line":164,"column":null}},"53":{"start":{"line":160,"column":21},"end":{"line":160,"column":null}},"54":{"start":{"line":161,"column":4},"end":{"line":161,"column":null}},"55":{"start":{"line":161,"column":35},"end":{"line":161,"column":null}},"56":{"start":{"line":168,"column":2},"end":{"line":173,"column":null}},"57":{"start":{"line":169,"column":4},"end":{"line":169,"column":null}},"58":{"start":{"line":170,"column":4},"end":{"line":170,"column":null}},"59":{"start":{"line":172,"column":4},"end":{"line":172,"column":null}}},"fnMap":{"0":{"name":"mimeFor","decl":{"start":{"line":41,"column":9},"end":{"line":41,"column":17}},"loc":{"start":{"line":41,"column":39},"end":{"line":44,"column":null}},"line":41},"1":{"name":"constructor","decl":{"start":{"line":47,"column":2},"end":{"line":47,"column":31}},"loc":{"start":{"line":47,"column":45},"end":{"line":47,"column":null}},"line":47},"2":{"name":"assetsDir","decl":{"start":{"line":49,"column":14},"end":{"line":49,"column":34}},"loc":{"start":{"line":49,"column":34},"end":{"line":51,"column":null}},"line":49},"3":{"name":"import","decl":{"start":{"line":54,"column":2},"end":{"line":54,"column":9}},"loc":{"start":{"line":54,"column":82},"end":{"line":72,"column":null}},"line":54},"4":{"name":"importFrom","decl":{"start":{"line":75,"column":2},"end":{"line":75,"column":13}},"loc":{"start":{"line":75,"column":69},"end":{"line":78,"column":null}},"line":75},"5":{"name":"resolve","decl":{"start":{"line":81,"column":2},"end":{"line":81,"column":10}},"loc":{"start":{"line":81,"column":44},"end":{"line":85,"column":null}},"line":81},"6":{"name":"read","decl":{"start":{"line":87,"column":2},"end":{"line":87,"column":7}},"loc":{"start":{"line":87,"column":41},"end":{"line":95,"column":null}},"line":87},"7":{"name":"gc","decl":{"start":{"line":103,"column":2},"end":{"line":103,"column":null}},"loc":{"start":{"line":106,"column":43},"end":{"line":124,"column":null}},"line":106},"8":{"name":"acquireLock","decl":{"start":{"line":138,"column":16},"end":{"line":138,"column":null}},"loc":{"start":{"line":141,"column":41},"end":{"line":155,"column":null}},"line":141},"9":{"name":"releaseLock","decl":{"start":{"line":157,"column":16},"end":{"line":157,"column":28}},"loc":{"start":{"line":157,"column":67},"end":{"line":165,"column":null}},"line":157},"10":{"name":"processExists","decl":{"start":{"line":167,"column":9},"end":{"line":167,"column":23}},"loc":{"start":{"line":167,"column":45},"end":{"line":174,"column":null}},"line":167}},"branchMap":{"0":{"loc":{"start":{"line":43,"column":9},"end":{"line":43,"column":null}},"type":"binary-expr","locations":[{"start":{"line":43,"column":9},"end":{"line":43,"column":29}},{"start":{"line":43,"column":29},"end":{"line":43,"column":null}}],"line":43},"1":{"loc":{"start":{"line":56,"column":16},"end":{"line":56,"column":null}},"type":"binary-expr","locations":[{"start":{"line":56,"column":16},"end":{"line":56,"column":56}},{"start":{"line":56,"column":56},"end":{"line":56,"column":null}}],"line":56},"2":{"loc":{"start":{"line":60,"column":4},"end":{"line":62,"column":null}},"type":"if","locations":[{"start":{"line":60,"column":4},"end":{"line":62,"column":null}},{"start":{},"end":{}}],"line":60},"3":{"loc":{"start":{"line":82,"column":4},"end":{"line":82,"column":null}},"type":"if","locations":[{"start":{"line":82,"column":4},"end":{"line":82,"column":null}},{"start":{},"end":{}}],"line":82},"4":{"loc":{"start":{"line":84,"column":4},"end":{"line":84,"column":null}},"type":"cond-expr","locations":[{"start":{"line":84,"column":40},"end":{"line":84,"column":46}},{"start":{"line":84,"column":46},"end":{"line":84,"column":null}}],"line":84},"5":{"loc":{"start":{"line":89,"column":4},"end":{"line":89,"column":null}},"type":"if","locations":[{"start":{"line":89,"column":4},"end":{"line":89,"column":null}},{"start":{},"end":{}}],"line":89},"6":{"loc":{"start":{"line":105,"column":4},"end":{"line":105,"column":null}},"type":"default-arg","locations":[{"start":{"line":105,"column":62},"end":{"line":105,"column":null}}],"line":105},"7":{"loc":{"start":{"line":107,"column":39},"end":{"line":107,"column":57}},"type":"binary-expr","locations":[{"start":{"line":107,"column":39},"end":{"line":107,"column":55}},{"start":{"line":107,"column":55},"end":{"line":107,"column":57}}],"line":107},"8":{"loc":{"start":{"line":111,"column":4},"end":{"line":111,"column":null}},"type":"if","locations":[{"start":{"line":111,"column":4},"end":{"line":111,"column":null}},{"start":{},"end":{}}],"line":111},"9":{"loc":{"start":{"line":113,"column":6},"end":{"line":113,"column":null}},"type":"if","locations":[{"start":{"line":113,"column":6},"end":{"line":113,"column":null}},{"start":{},"end":{}}],"line":113},"10":{"loc":{"start":{"line":114,"column":6},"end":{"line":117,"column":null}},"type":"if","locations":[{"start":{"line":114,"column":6},"end":{"line":117,"column":null}},{"start":{},"end":{}}],"line":114},"11":{"loc":{"start":{"line":119,"column":6},"end":{"line":121,"column":null}},"type":"if","locations":[{"start":{"line":119,"column":6},"end":{"line":121,"column":null}},{"start":{},"end":{}}],"line":119},"12":{"loc":{"start":{"line":146,"column":4},"end":{"line":149,"column":null}},"type":"if","locations":[{"start":{"line":146,"column":4},"end":{"line":149,"column":null}},{"start":{},"end":{}}],"line":146},"13":{"loc":{"start":{"line":146,"column":8},"end":{"line":146,"column":54}},"type":"binary-expr","locations":[{"start":{"line":146,"column":8},"end":{"line":146,"column":24}},{"start":{"line":146,"column":24},"end":{"line":146,"column":54}}],"line":146},"14":{"loc":{"start":{"line":161,"column":4},"end":{"line":161,"column":null}},"type":"if","locations":[{"start":{"line":161,"column":4},"end":{"line":161,"column":null}},{"start":{},"end":{}}],"line":161}},"s":{"0":2,"1":10,"2":10,"3":10,"4":24,"5":10,"6":10,"7":10,"8":10,"9":10,"10":10,"11":9,"12":10,"13":1,"14":1,"15":5,"16":1,"17":4,"18":4,"19":4,"20":4,"21":2,"22":2,"23":2,"24":1,"25":6,"26":6,"27":2,"28":6,"29":6,"30":6,"31":1,"32":5,"33":10,"34":2,"35":8,"36":3,"37":3,"38":5,"39":5,"40":3,"41":5,"42":9,"43":9,"44":9,"45":9,"46":1,"47":1,"48":3,"49":5,"50":5,"51":5,"52":5,"53":5,"54":5,"55":3,"56":4,"57":4,"58":4,"59":1},"f":{"0":10,"1":10,"2":24,"3":10,"4":1,"5":5,"6":4,"7":6,"8":9,"9":5,"10":4},"b":{"0":[10,2],"1":[10,1],"2":[9,1],"3":[1,4],"4":[3,1],"5":[2,2],"6":[6],"7":[6,5],"8":[1,5],"9":[2,8],"10":[3,5],"11":[3,2],"12":[1,8],"13":[9,4],"14":[3,2]},"meta":{"lastBranch":15,"lastFunction":11,"lastStatement":60,"seen":{"s:27:44:39:Infinity":0,"f:41:9:41:17":0,"s:42:14:42:Infinity":1,"s:43:2:43:Infinity":2,"b:43:9:43:29:43:29:43:Infinity":0,"f:47:2:47:31":1,"s:47:31:47:45":3,"f:49:14:49:34":2,"s:50:4:50:Infinity":4,"f:54:2:54:9":3,"s:55:10:55:Infinity":5,"s:56:16:56:Infinity":6,"b:56:16:56:56:56:56:56:Infinity":1,"s:57:19:57:Infinity":7,"s:58:19:58:Infinity":8,"s:59:20:59:Infinity":9,"b:60:4:62:Infinity:undefined:undefined:undefined:undefined":2,"s:60:4:62:Infinity":10,"s:61:6:61:Infinity":11,"s:63:4:71:Infinity":12,"f:75:2:75:13":4,"s:76:18:76:Infinity":13,"s:77:4:77:Infinity":14,"f:81:2:81:10":5,"b:82:4:82:Infinity:undefined:undefined:undefined:undefined":3,"s:82:4:82:Infinity":15,"s:82:42:82:Infinity":16,"s:83:16:83:Infinity":17,"s:84:4:84:Infinity":18,"b:84:40:84:46:84:46:84:Infinity":4,"f:87:2:87:7":6,"s:88:16:88:Infinity":19,"b:89:4:89:Infinity:undefined:undefined:undefined:undefined":5,"s:89:4:89:Infinity":20,"s:89:14:89:Infinity":21,"s:90:4:94:Infinity":22,"s:91:6:91:Infinity":23,"s:93:6:93:Infinity":24,"f:103:2:103:Infinity":7,"b:105:62:105:Infinity":6,"s:107:23:107:Infinity":25,"b:107:39:107:55:107:55:107:57":7,"s:108:4:108:Infinity":26,"s:108:40:108:Infinity":27,"s:109:30:109:Infinity":28,"s:110:27:110:Infinity":29,"b:111:4:111:Infinity:undefined:undefined:undefined:undefined":8,"s:111:4:111:Infinity":30,"s:111:40:111:Infinity":31,"s:112:4:122:Infinity":32,"b:113:6:113:Infinity:undefined:undefined:undefined:undefined":9,"s:113:6:113:Infinity":33,"s:113:27:113:Infinity":34,"b:114:6:117:Infinity:undefined:undefined:undefined:undefined":10,"s:114:6:117:Infinity":35,"s:115:8:115:Infinity":36,"s:116:8:116:Infinity":37,"s:118:6:118:Infinity":38,"b:119:6:121:Infinity:undefined:undefined:undefined:undefined":11,"s:119:6:121:Infinity":39,"s:120:8:120:Infinity":40,"s:123:4:123:Infinity":41,"f:138:16:138:Infinity":8,"s:142:8:142:Infinity":42,"s:143:2:154:Infinity":43,"s:144:21:144:Infinity":44,"b:146:4:149:Infinity:undefined:undefined:undefined:undefined":12,"s:146:4:149:Infinity":45,"b:146:8:146:24:146:24:146:54":13,"s:147:6:147:Infinity":46,"s:148:6:148:Infinity":47,"s:150:4:150:Infinity":48,"s:152:4:152:Infinity":49,"s:153:4:153:Infinity":50,"f:157:16:157:28":9,"s:158:8:158:Infinity":51,"s:159:2:164:Infinity":52,"s:160:21:160:Infinity":53,"b:161:4:161:Infinity:undefined:undefined:undefined:undefined":14,"s:161:4:161:Infinity":54,"s:161:35:161:Infinity":55,"f:167:9:167:23":10,"s:168:2:173:Infinity":56,"s:169:4:169:Infinity":57,"s:170:4:170:Infinity":58,"s:172:4:172:Infinity":59},"fnNames":{}}}
,"D:\\MDHPROJECT\\metis-development-tool\\packages\\mdt-project\\src\\autosave.ts": {"path":"D:\\MDHPROJECT\\metis-development-tool\\packages\\mdt-project\\src\\autosave.ts","statementMap":{"0":{"start":{"line":31,"column":17},"end":{"line":31,"column":null}},"1":{"start":{"line":36,"column":24},"end":{"line":36,"column":null}},"2":{"start":{"line":37,"column":27},"end":{"line":37,"column":null}},"3":{"start":{"line":38,"column":19},"end":{"line":38,"column":null}},"4":{"start":{"line":40,"column":34},"end":{"line":40,"column":null}},"5":{"start":{"line":43,"column":21},"end":{"line":43,"column":null}},"6":{"start":{"line":46,"column":4},"end":{"line":46,"column":null}},"7":{"start":{"line":46,"column":67},"end":{"line":46,"column":79}},"8":{"start":{"line":50,"column":4},"end":{"line":50,"column":null}},"9":{"start":{"line":54,"column":4},"end":{"line":54,"column":null}},"10":{"start":{"line":59,"column":4},"end":{"line":59,"column":null}},"11":{"start":{"line":60,"column":4},"end":{"line":60,"column":null}},"12":{"start":{"line":61,"column":16},"end":{"line":61,"column":null}},"13":{"start":{"line":62,"column":4},"end":{"line":70,"column":null}},"14":{"start":{"line":63,"column":6},"end":{"line":63,"column":null}},"15":{"start":{"line":64,"column":6},"end":{"line":64,"column":null}},"16":{"start":{"line":65,"column":6},"end":{"line":65,"column":null}},"17":{"start":{"line":65,"column":36},"end":{"line":65,"column":55}},"18":{"start":{"line":66,"column":4},"end":{"line":70,"column":null}},"19":{"start":{"line":68,"column":6},"end":{"line":68,"column":null}},"20":{"start":{"line":69,"column":6},"end":{"line":69,"column":null}},"21":{"start":{"line":69,"column":36},"end":{"line":69,"column":55}},"22":{"start":{"line":75,"column":4},"end":{"line":78,"column":null}},"23":{"start":{"line":76,"column":6},"end":{"line":76,"column":null}},"24":{"start":{"line":77,"column":6},"end":{"line":77,"column":null}},"25":{"start":{"line":79,"column":4},"end":{"line":79,"column":null}},"26":{"start":{"line":79,"column":60},"end":{"line":79,"column":null}},"27":{"start":{"line":80,"column":4},"end":{"line":80,"column":null}},"28":{"start":{"line":81,"column":4},"end":{"line":91,"column":null}},"29":{"start":{"line":82,"column":19},"end":{"line":82,"column":null}},"30":{"start":{"line":83,"column":6},"end":{"line":83,"column":null}},"31":{"start":{"line":84,"column":6},"end":{"line":84,"column":null}},"32":{"start":{"line":85,"column":6},"end":{"line":85,"column":null}},"33":{"start":{"line":88,"column":6},"end":{"line":88,"column":null}},"34":{"start":{"line":90,"column":6},"end":{"line":90,"column":null}},"35":{"start":{"line":96,"column":4},"end":{"line":99,"column":null}},"36":{"start":{"line":97,"column":6},"end":{"line":97,"column":null}},"37":{"start":{"line":98,"column":6},"end":{"line":98,"column":null}},"38":{"start":{"line":100,"column":4},"end":{"line":100,"column":null}},"39":{"start":{"line":101,"column":4},"end":{"line":101,"column":null}},"40":{"start":{"line":105,"column":4},"end":{"line":105,"column":null}},"41":{"start":{"line":105,"column":34},"end":{"line":105,"column":null}},"42":{"start":{"line":106,"column":4},"end":{"line":106,"column":null}},"43":{"start":{"line":111,"column":2},"end":{"line":111,"column":null}},"44":{"start":{"line":129,"column":18},"end":{"line":129,"column":null}},"45":{"start":{"line":130,"column":2},"end":{"line":130,"column":null}},"46":{"start":{"line":135,"column":8},"end":{"line":135,"column":null}},"47":{"start":{"line":136,"column":2},"end":{"line":145,"column":null}},"48":{"start":{"line":137,"column":16},"end":{"line":137,"column":null}},"49":{"start":{"line":141,"column":4},"end":{"line":141,"column":null}},"50":{"start":{"line":141,"column":65},"end":{"line":141,"column":null}},"51":{"start":{"line":142,"column":4},"end":{"line":142,"column":null}},"52":{"start":{"line":144,"column":4},"end":{"line":144,"column":null}},"53":{"start":{"line":150,"column":2},"end":{"line":154,"column":null}},"54":{"start":{"line":151,"column":4},"end":{"line":151,"column":null}}},"fnMap":{"0":{"name":"constructor","decl":{"start":{"line":42,"column":2},"end":{"line":42,"column":null}},"loc":{"start":{"line":45,"column":4},"end":{"line":47,"column":null}},"line":45},"1":{"name":"(anonymous_1)","decl":{"start":{"line":46,"column":61},"end":{"line":46,"column":67}},"loc":{"start":{"line":46,"column":67},"end":{"line":46,"column":79}},"line":46},"2":{"name":"state","decl":{"start":{"line":49,"column":6},"end":{"line":49,"column":29}},"loc":{"start":{"line":49,"column":29},"end":{"line":51,"column":null}},"line":49},"3":{"name":"paths","decl":{"start":{"line":53,"column":6},"end":{"line":53,"column":28}},"loc":{"start":{"line":53,"column":28},"end":{"line":55,"column":null}},"line":53},"4":{"name":"touch","decl":{"start":{"line":58,"column":2},"end":{"line":58,"column":8}},"loc":{"start":{"line":58,"column":36},"end":{"line":71,"column":null}},"line":58},"5":{"name":"(anonymous_5)","decl":{"start":{"line":65,"column":30},"end":{"line":65,"column":36}},"loc":{"start":{"line":65,"column":36},"end":{"line":65,"column":55}},"line":65},"6":{"name":"(anonymous_6)","decl":{"start":{"line":69,"column":30},"end":{"line":69,"column":36}},"loc":{"start":{"line":69,"column":36},"end":{"line":69,"column":55}},"line":69},"7":{"name":"flush","decl":{"start":{"line":74,"column":2},"end":{"line":74,"column":16}},"loc":{"start":{"line":74,"column":16},"end":{"line":92,"column":null}},"line":74},"8":{"name":"markSaved","decl":{"start":{"line":95,"column":2},"end":{"line":95,"column":20}},"loc":{"start":{"line":95,"column":20},"end":{"line":102,"column":null}},"line":95},"9":{"name":"dispose","decl":{"start":{"line":104,"column":2},"end":{"line":104,"column":18}},"loc":{"start":{"line":104,"column":18},"end":{"line":107,"column":null}},"line":104},"10":{"name":"defaultWrite","decl":{"start":{"line":110,"column":9},"end":{"line":110,"column":22}},"loc":{"start":{"line":110,"column":56},"end":{"line":112,"column":null}},"line":110},"11":{"name":"writeRecoverySnapshot","decl":{"start":{"line":124,"column":16},"end":{"line":124,"column":null}},"loc":{"start":{"line":128,"column":8},"end":{"line":131,"column":null}},"line":128},"12":{"name":"readRecoverySnapshot","decl":{"start":{"line":134,"column":16},"end":{"line":134,"column":37}},"loc":{"start":{"line":134,"column":73},"end":{"line":146,"column":null}},"line":134},"13":{"name":"clearRecoverySnapshot","decl":{"start":{"line":149,"column":16},"end":{"line":149,"column":38}},"loc":{"start":{"line":149,"column":58},"end":{"line":155,"column":null}},"line":149}},"branchMap":{"0":{"loc":{"start":{"line":44,"column":4},"end":{"line":44,"column":null}},"type":"default-arg","locations":[{"start":{"line":44,"column":31},"end":{"line":44,"column":null}}],"line":44},"1":{"loc":{"start":{"line":62,"column":4},"end":{"line":70,"column":null}},"type":"if","locations":[{"start":{"line":62,"column":4},"end":{"line":70,"column":null}},{"start":{"line":66,"column":4},"end":{"line":70,"column":null}}],"line":62},"2":{"loc":{"start":{"line":66,"column":4},"end":{"line":70,"column":null}},"type":"if","locations":[{"start":{"line":66,"column":4},"end":{"line":70,"column":null}},{"start":{},"end":{}}],"line":66},"3":{"loc":{"start":{"line":75,"column":4},"end":{"line":78,"column":null}},"type":"if","locations":[{"start":{"line":75,"column":4},"end":{"line":78,"column":null}},{"start":{},"end":{}}],"line":75},"4":{"loc":{"start":{"line":79,"column":4},"end":{"line":79,"column":null}},"type":"if","locations":[{"start":{"line":79,"column":4},"end":{"line":79,"column":null}},{"start":{},"end":{}}],"line":79},"5":{"loc":{"start":{"line":79,"column":8},"end":{"line":79,"column":60}},"type":"binary-expr","locations":[{"start":{"line":79,"column":8},"end":{"line":79,"column":23}},{"start":{"line":79,"column":23},"end":{"line":79,"column":45}},{"start":{"line":79,"column":45},"end":{"line":79,"column":60}}],"line":79},"6":{"loc":{"start":{"line":96,"column":4},"end":{"line":99,"column":null}},"type":"if","locations":[{"start":{"line":96,"column":4},"end":{"line":99,"column":null}},{"start":{},"end":{}}],"line":96},"7":{"loc":{"start":{"line":105,"column":4},"end":{"line":105,"column":null}},"type":"if","locations":[{"start":{"line":105,"column":4},"end":{"line":105,"column":null}},{"start":{},"end":{}}],"line":105},"8":{"loc":{"start":{"line":127,"column":2},"end":{"line":127,"column":null}},"type":"default-arg","locations":[{"start":{"line":127,"column":2},"end":{"line":127,"column":null}}],"line":127},"9":{"loc":{"start":{"line":141,"column":4},"end":{"line":141,"column":null}},"type":"if","locations":[{"start":{"line":141,"column":4},"end":{"line":141,"column":null}},{"start":{},"end":{}}],"line":141},"10":{"loc":{"start":{"line":141,"column":8},"end":{"line":141,"column":65}},"type":"binary-expr","locations":[{"start":{"line":141,"column":8},"end":{"line":141,"column":16}},{"start":{"line":141,"column":16},"end":{"line":141,"column":51}},{"start":{"line":141,"column":51},"end":{"line":141,"column":65}}],"line":141}},"s":{"0":2,"1":9,"2":9,"3":9,"4":9,"5":9,"6":9,"7":12,"8":15,"9":6,"10":509,"11":509,"12":509,"13":509,"14":9,"15":9,"16":9,"17":0,"18":500,"19":1,"20":1,"21":1,"22":9,"23":6,"24":6,"25":9,"26":3,"27":6,"28":6,"29":6,"30":6,"31":6,"32":6,"33":1,"34":6,"35":2,"36":2,"37":2,"38":2,"39":2,"40":2,"41":1,"42":2,"43":1,"44":2,"45":2,"46":4,"47":4,"48":4,"49":4,"50":0,"51":1,"52":3,"53":2,"54":2},"f":{"0":9,"1":12,"2":15,"3":6,"4":509,"5":0,"6":1,"7":9,"8":2,"9":2,"10":1,"11":2,"12":4,"13":2},"b":{"0":[9],"1":[9,500],"2":[1,499],"3":[6,3],"4":[3,6],"5":[9,9,6],"6":[2,0],"7":[1,1],"8":[2],"9":[0,4],"10":[4,1,1]},"meta":{"lastBranch":11,"lastFunction":14,"lastStatement":55,"seen":{"s:31:17:31:Infinity":0,"s:36:24:36:Infinity":1,"s:37:27:37:Infinity":2,"s:38:19:38:Infinity":3,"s:40:34:40:Infinity":4,"f:42:2:42:Infinity":0,"b:44:31:44:Infinity":0,"s:43:21:43:Infinity":5,"s:46:4:46:Infinity":6,"f:46:61:46:67":1,"s:46:67:46:79":7,"f:49:6:49:29":2,"s:50:4:50:Infinity":8,"f:53:6:53:28":3,"s:54:4:54:Infinity":9,"f:58:2:58:8":4,"s:59:4:59:Infinity":10,"s:60:4:60:Infinity":11,"s:61:16:61:Infinity":12,"b:62:4:70:Infinity:66:4:70:Infinity":1,"s:62:4:70:Infinity":13,"s:63:6:63:Infinity":14,"s:64:6:64:Infinity":15,"s:65:6:65:Infinity":16,"f:65:30:65:36":5,"s:65:36:65:55":17,"b:66:4:70:Infinity:undefined:undefined:undefined:undefined":2,"s:66:4:70:Infinity":18,"s:68:6:68:Infinity":19,"s:69:6:69:Infinity":20,"f:69:30:69:36":6,"s:69:36:69:55":21,"f:74:2:74:16":7,"b:75:4:78:Infinity:undefined:undefined:undefined:undefined":3,"s:75:4:78:Infinity":22,"s:76:6:76:Infinity":23,"s:77:6:77:Infinity":24,"b:79:4:79:Infinity:undefined:undefined:undefined:undefined":4,"s:79:4:79:Infinity":25,"b:79:8:79:23:79:23:79:45:79:45:79:60":5,"s:79:60:79:Infinity":26,"s:80:4:80:Infinity":27,"s:81:4:91:Infinity":28,"s:82:19:82:Infinity":29,"s:83:6:83:Infinity":30,"s:84:6:84:Infinity":31,"s:85:6:85:Infinity":32,"s:88:6:88:Infinity":33,"s:90:6:90:Infinity":34,"f:95:2:95:20":8,"b:96:4:99:Infinity:undefined:undefined:undefined:undefined":6,"s:96:4:99:Infinity":35,"s:97:6:97:Infinity":36,"s:98:6:98:Infinity":37,"s:100:4:100:Infinity":38,"s:101:4:101:Infinity":39,"f:104:2:104:18":9,"b:105:4:105:Infinity:undefined:undefined:undefined:undefined":7,"s:105:4:105:Infinity":40,"s:105:34:105:Infinity":41,"s:106:4:106:Infinity":42,"f:110:9:110:22":10,"s:111:2:111:Infinity":43,"f:124:16:124:Infinity":11,"b:127:2:127:Infinity":8,"s:129:18:129:Infinity":44,"s:130:2:130:Infinity":45,"f:134:16:134:37":12,"s:135:8:135:Infinity":46,"s:136:2:145:Infinity":47,"s:137:16:137:Infinity":48,"b:141:4:141:Infinity:undefined:undefined:undefined:undefined":9,"s:141:4:141:Infinity":49,"b:141:8:141:16:141:16:141:51:141:51:141:65":10,"s:141:65:141:Infinity":50,"s:142:4:142:Infinity":51,"s:144:4:144:Infinity":52,"f:149:16:149:38":13,"s:150:2:154:Infinity":53,"s:151:4:151:Infinity":54},"fnNames":{}}}
,"D:\\MDHPROJECT\\metis-development-tool\\packages\\mdt-project\\src\\index.ts": {"path":"D:\\MDHPROJECT\\metis-development-tool\\packages\\mdt-project\\src\\index.ts","statementMap":{},"fnMap":{},"branchMap":{},"s":{},"f":{},"b":{},"meta":{"lastBranch":0,"lastFunction":0,"lastStatement":0,"seen":{},"fnNames":{}}}
,"D:\\MDHPROJECT\\metis-development-tool\\packages\\mdt-project\\src\\layout.ts": {"path":"D:\\MDHPROJECT\\metis-development-tool\\packages\\mdt-project\\src\\layout.ts","statementMap":{"0":{"start":{"line":19,"column":28},"end":{"line":19,"column":null}},"1":{"start":{"line":20,"column":23},"end":{"line":20,"column":null}},"2":{"start":{"line":35,"column":2},"end":{"line":45,"column":null}},"3":{"start":{"line":50,"column":2},"end":{"line":50,"column":null}},"4":{"start":{"line":51,"column":14},"end":{"line":51,"column":null}},"5":{"start":{"line":53,"column":2},"end":{"line":59,"column":null}},"6":{"start":{"line":54,"column":4},"end":{"line":54,"column":null}},"7":{"start":{"line":55,"column":4},"end":{"line":55,"column":null}},"8":{"start":{"line":56,"column":4},"end":{"line":56,"column":null}},"9":{"start":{"line":58,"column":4},"end":{"line":58,"column":null}},"10":{"start":{"line":58,"column":26},"end":{"line":58,"column":null}},"11":{"start":{"line":63,"column":2},"end":{"line":63,"column":null}},"12":{"start":{"line":63,"column":59},"end":{"line":63,"column":null}},"13":{"start":{"line":64,"column":2},"end":{"line":64,"column":null}},"14":{"start":{"line":69,"column":2},"end":{"line":69,"column":null}},"15":{"start":{"line":74,"column":2},"end":{"line":78,"column":null}},"16":{"start":{"line":75,"column":4},"end":{"line":75,"column":null}},"17":{"start":{"line":77,"column":4},"end":{"line":77,"column":null}},"18":{"start":{"line":87,"column":23},"end":{"line":87,"column":null}},"19":{"start":{"line":88,"column":28},"end":{"line":88,"column":null}},"20":{"start":{"line":89,"column":14},"end":{"line":89,"column":null}},"21":{"start":{"line":90,"column":2},"end":{"line":90,"column":null}}},"fnMap":{"0":{"name":"projectPaths","decl":{"start":{"line":34,"column":16},"end":{"line":34,"column":29}},"loc":{"start":{"line":34,"column":57},"end":{"line":46,"column":null}},"line":34},"1":{"name":"atomicWriteFileSync","decl":{"start":{"line":49,"column":16},"end":{"line":49,"column":36}},"loc":{"start":{"line":49,"column":83},"end":{"line":65,"column":null}},"line":49},"2":{"name":"sha256","decl":{"start":{"line":68,"column":16},"end":{"line":68,"column":23}},"loc":{"start":{"line":68,"column":49},"end":{"line":70,"column":null}},"line":68},"3":{"name":"looksLikeProject","decl":{"start":{"line":73,"column":16},"end":{"line":73,"column":33}},"loc":{"start":{"line":73,"column":55},"end":{"line":79,"column":null}},"line":73},"4":{"name":"insideRoot","decl":{"start":{"line":86,"column":16},"end":{"line":86,"column":27}},"loc":{"start":{"line":86,"column":69},"end":{"line":91,"column":null}},"line":86}},"branchMap":{"0":{"loc":{"start":{"line":58,"column":4},"end":{"line":58,"column":null}},"type":"if","locations":[{"start":{"line":58,"column":4},"end":{"line":58,"column":null}},{"start":{},"end":{}}],"line":58},"1":{"loc":{"start":{"line":63,"column":2},"end":{"line":63,"column":null}},"type":"if","locations":[{"start":{"line":63,"column":2},"end":{"line":63,"column":null}},{"start":{},"end":{}}],"line":63},"2":{"loc":{"start":{"line":63,"column":6},"end":{"line":63,"column":59}},"type":"binary-expr","locations":[{"start":{"line":63,"column":6},"end":{"line":63,"column":38}},{"start":{"line":63,"column":38},"end":{"line":63,"column":59}}],"line":63},"3":{"loc":{"start":{"line":90,"column":9},"end":{"line":90,"column":null}},"type":"binary-expr","locations":[{"start":{"line":90,"column":9},"end":{"line":90,"column":24}},{"start":{"line":90,"column":24},"end":{"line":90,"column":49}},{"start":{"line":90,"column":49},"end":{"line":90,"column":null}}],"line":90}},"s":{"0":8,"1":8,"2":102,"3":58,"4":58,"5":58,"6":58,"7":58,"8":58,"9":58,"10":58,"11":58,"12":19,"13":57,"14":12,"15":16,"16":16,"17":2,"18":11,"19":11,"20":11,"21":11},"f":{"0":102,"1":58,"2":12,"3":16,"4":11},"b":{"0":[58,0],"1":[19,39],"2":[58,58],"3":[11,10,6]},"meta":{"lastBranch":4,"lastFunction":5,"lastStatement":22,"seen":{"s:19:28:19:Infinity":0,"s:20:23:20:Infinity":1,"f:34:16:34:29":0,"s:35:2:45:Infinity":2,"f:49:16:49:36":1,"s:50:2:50:Infinity":3,"s:51:14:51:Infinity":4,"s:53:2:59:Infinity":5,"s:54:4:54:Infinity":6,"s:55:4:55:Infinity":7,"s:56:4:56:Infinity":8,"b:58:4:58:Infinity:undefined:undefined:undefined:undefined":0,"s:58:4:58:Infinity":9,"s:58:26:58:Infinity":10,"b:63:2:63:Infinity:undefined:undefined:undefined:undefined":1,"s:63:2:63:Infinity":11,"b:63:6:63:38:63:38:63:59":2,"s:63:59:63:Infinity":12,"s:64:2:64:Infinity":13,"f:68:16:68:23":2,"s:69:2:69:Infinity":14,"f:73:16:73:33":3,"s:74:2:78:Infinity":15,"s:75:4:75:Infinity":16,"s:77:4:77:Infinity":17,"f:86:16:86:27":4,"s:87:23:87:Infinity":18,"s:88:28:88:Infinity":19,"s:89:14:89:Infinity":20,"s:90:2:90:Infinity":21,"b:90:9:90:24:90:24:90:49:90:49:90:Infinity":3},"fnNames":{}}}
,"D:\\MDHPROJECT\\metis-development-tool\\packages\\mdt-project\\src\\recent.ts": {"path":"D:\\MDHPROJECT\\metis-development-tool\\packages\\mdt-project\\src\\recent.ts","statementMap":{"0":{"start":{"line":19,"column":19},"end":{"line":19,"column":null}},"1":{"start":{"line":20,"column":2},"end":{"line":20,"column":null}},"2":{"start":{"line":24,"column":31},"end":{"line":24,"column":45}},"3":{"start":{"line":27,"column":4},"end":{"line":32,"column":null}},"4":{"start":{"line":28,"column":18},"end":{"line":28,"column":null}},"5":{"start":{"line":29,"column":6},"end":{"line":29,"column":null}},"6":{"start":{"line":29,"column":47},"end":{"line":29,"column":73}},"7":{"start":{"line":31,"column":6},"end":{"line":31,"column":null}},"8":{"start":{"line":37,"column":16},"end":{"line":37,"column":null}},"9":{"start":{"line":38,"column":20},"end":{"line":38,"column":null}},"10":{"start":{"line":38,"column":46},"end":{"line":38,"column":74}},"11":{"start":{"line":39,"column":17},"end":{"line":42,"column":null}},"12":{"start":{"line":43,"column":4},"end":{"line":43,"column":null}},"13":{"start":{"line":44,"column":4},"end":{"line":44,"column":null}},"14":{"start":{"line":48,"column":16},"end":{"line":48,"column":null}},"15":{"start":{"line":49,"column":17},"end":{"line":49,"column":null}},"16":{"start":{"line":49,"column":43},"end":{"line":49,"column":71}},"17":{"start":{"line":50,"column":4},"end":{"line":50,"column":null}},"18":{"start":{"line":51,"column":4},"end":{"line":51,"column":null}},"19":{"start":{"line":56,"column":17},"end":{"line":56,"column":null}},"20":{"start":{"line":56,"column":43},"end":{"line":56,"column":64}},"21":{"start":{"line":57,"column":4},"end":{"line":57,"column":null}},"22":{"start":{"line":57,"column":44},"end":{"line":57,"column":null}},"23":{"start":{"line":58,"column":4},"end":{"line":58,"column":null}},"24":{"start":{"line":62,"column":4},"end":{"line":62,"column":null}}},"fnMap":{"0":{"name":"identityPath","decl":{"start":{"line":18,"column":9},"end":{"line":18,"column":22}},"loc":{"start":{"line":18,"column":41},"end":{"line":21,"column":null}},"line":18},"1":{"name":"constructor","decl":{"start":{"line":24,"column":2},"end":{"line":24,"column":31}},"loc":{"start":{"line":24,"column":45},"end":{"line":24,"column":null}},"line":24},"2":{"name":"list","decl":{"start":{"line":26,"column":2},"end":{"line":26,"column":24}},"loc":{"start":{"line":26,"column":24},"end":{"line":33,"column":null}},"line":26},"3":{"name":"(anonymous_3)","decl":{"start":{"line":29,"column":40},"end":{"line":29,"column":41}},"loc":{"start":{"line":29,"column":47},"end":{"line":29,"column":73}},"line":29},"4":{"name":"record","decl":{"start":{"line":36,"column":2},"end":{"line":36,"column":9}},"loc":{"start":{"line":36,"column":91},"end":{"line":45,"column":null}},"line":36},"5":{"name":"(anonymous_5)","decl":{"start":{"line":38,"column":39},"end":{"line":38,"column":40}},"loc":{"start":{"line":38,"column":46},"end":{"line":38,"column":74}},"line":38},"6":{"name":"remove","decl":{"start":{"line":47,"column":2},"end":{"line":47,"column":9}},"loc":{"start":{"line":47,"column":45},"end":{"line":52,"column":null}},"line":47},"7":{"name":"(anonymous_7)","decl":{"start":{"line":49,"column":36},"end":{"line":49,"column":37}},"loc":{"start":{"line":49,"column":43},"end":{"line":49,"column":71}},"line":49},"8":{"name":"pruneExisting","decl":{"start":{"line":55,"column":2},"end":{"line":55,"column":33}},"loc":{"start":{"line":55,"column":33},"end":{"line":59,"column":null}},"line":55},"9":{"name":"(anonymous_9)","decl":{"start":{"line":56,"column":36},"end":{"line":56,"column":37}},"loc":{"start":{"line":56,"column":43},"end":{"line":56,"column":64}},"line":56},"10":{"name":"persist","decl":{"start":{"line":61,"column":10},"end":{"line":61,"column":18}},"loc":{"start":{"line":61,"column":48},"end":{"line":63,"column":null}},"line":61}},"branchMap":{"0":{"loc":{"start":{"line":20,"column":9},"end":{"line":20,"column":null}},"type":"cond-expr","locations":[{"start":{"line":20,"column":40},"end":{"line":20,"column":65}},{"start":{"line":20,"column":65},"end":{"line":20,"column":null}}],"line":20},"1":{"loc":{"start":{"line":29,"column":14},"end":{"line":29,"column":33}},"type":"binary-expr","locations":[{"start":{"line":29,"column":14},"end":{"line":29,"column":29}},{"start":{"line":29,"column":29},"end":{"line":29,"column":33}}],"line":29},"2":{"loc":{"start":{"line":36,"column":44},"end":{"line":36,"column":91}},"type":"default-arg","locations":[{"start":{"line":36,"column":44},"end":{"line":36,"column":91}}],"line":36},"3":{"loc":{"start":{"line":57,"column":4},"end":{"line":57,"column":null}},"type":"if","locations":[{"start":{"line":57,"column":4},"end":{"line":57,"column":null}},{"start":{},"end":{}}],"line":57}},"s":{"0":28,"1":28,"2":11,"3":36,"4":36,"5":36,"6":34,"7":10,"8":13,"9":13,"10":7,"11":13,"12":13,"13":13,"14":3,"15":3,"16":5,"17":3,"18":3,"19":3,"20":5,"21":3,"22":2,"23":3,"24":18},"f":{"0":28,"1":11,"2":36,"3":34,"4":13,"5":7,"6":3,"7":5,"8":3,"9":5,"10":18},"b":{"0":[28,0],"1":[36,1],"2":[13],"3":[2,1]},"meta":{"lastBranch":4,"lastFunction":11,"lastStatement":25,"seen":{"f:18:9:18:22":0,"s:19:19:19:Infinity":0,"s:20:2:20:Infinity":1,"b:20:40:20:65:20:65:20:Infinity":0,"f:24:2:24:31":1,"s:24:31:24:45":2,"f:26:2:26:24":2,"s:27:4:32:Infinity":3,"s:28:18:28:Infinity":4,"s:29:6:29:Infinity":5,"b:29:14:29:29:29:29:29:33":1,"f:29:40:29:41":3,"s:29:47:29:73":6,"s:31:6:31:Infinity":7,"f:36:2:36:9":4,"b:36:44:36:91":2,"s:37:16:37:Infinity":8,"s:38:20:38:Infinity":9,"f:38:39:38:40":5,"s:38:46:38:74":10,"s:39:17:42:Infinity":11,"s:43:4:43:Infinity":12,"s:44:4:44:Infinity":13,"f:47:2:47:9":6,"s:48:16:48:Infinity":14,"s:49:17:49:Infinity":15,"f:49:36:49:37":7,"s:49:43:49:71":16,"s:50:4:50:Infinity":17,"s:51:4:51:Infinity":18,"f:55:2:55:33":8,"s:56:17:56:Infinity":19,"f:56:36:56:37":9,"s:56:43:56:64":20,"b:57:4:57:Infinity:undefined:undefined:undefined:undefined":3,"s:57:4:57:Infinity":21,"s:57:44:57:Infinity":22,"s:58:4:58:Infinity":23,"f:61:10:61:18":10,"s:62:4:62:Infinity":24},"fnNames":{}}}
,"D:\\MDHPROJECT\\metis-development-tool\\packages\\mdt-project\\src\\store.ts": {"path":"D:\\MDHPROJECT\\metis-development-tool\\packages\\mdt-project\\src\\store.ts","statementMap":{"0":{"start":{"line":26,"column":4},"end":{"line":26,"column":null}},"1":{"start":{"line":27,"column":4},"end":{"line":27,"column":null}},"2":{"start":{"line":28,"column":4},"end":{"line":28,"column":null}},"3":{"start":{"line":29,"column":4},"end":{"line":29,"column":null}},"4":{"start":{"line":42,"column":8},"end":{"line":42,"column":null}},"5":{"start":{"line":43,"column":2},"end":{"line":57,"column":null}},"6":{"start":{"line":44,"column":4},"end":{"line":56,"column":null}},"7":{"start":{"line":59,"column":2},"end":{"line":72,"column":null}},"8":{"start":{"line":60,"column":4},"end":{"line":60,"column":null}},"9":{"start":{"line":62,"column":4},"end":{"line":71,"column":null}},"10":{"start":{"line":73,"column":8},"end":{"line":73,"column":null}},"11":{"start":{"line":74,"column":2},"end":{"line":74,"column":null}},"12":{"start":{"line":74,"column":17},"end":{"line":74,"column":null}},"13":{"start":{"line":75,"column":2},"end":{"line":75,"column":null}},"14":{"start":{"line":84,"column":31},"end":{"line":108,"column":null}},"15":{"start":{"line":109,"column":2},"end":{"line":109,"column":null}},"16":{"start":{"line":110,"column":2},"end":{"line":110,"column":null}},"17":{"start":{"line":119,"column":8},"end":{"line":119,"column":null}},"18":{"start":{"line":120,"column":2},"end":{"line":131,"column":null}},"19":{"start":{"line":121,"column":4},"end":{"line":121,"column":null}},"20":{"start":{"line":122,"column":4},"end":{"line":122,"column":null}},"21":{"start":{"line":123,"column":4},"end":{"line":123,"column":null}},"22":{"start":{"line":124,"column":4},"end":{"line":124,"column":null}},"23":{"start":{"line":126,"column":4},"end":{"line":130,"column":null}},"24":{"start":{"line":132,"column":14},"end":{"line":132,"column":null}},"25":{"start":{"line":133,"column":15},"end":{"line":133,"column":null}},"26":{"start":{"line":134,"column":2},"end":{"line":145,"column":null}},"27":{"start":{"line":135,"column":4},"end":{"line":135,"column":null}},"28":{"start":{"line":137,"column":14},"end":{"line":137,"column":null}},"29":{"start":{"line":139,"column":6},"end":{"line":143,"column":null}},"30":{"start":{"line":144,"column":4},"end":{"line":144,"column":null}},"31":{"start":{"line":154,"column":2},"end":{"line":157,"column":null}},"32":{"start":{"line":155,"column":4},"end":{"line":155,"column":null}},"33":{"start":{"line":156,"column":4},"end":{"line":156,"column":null}},"34":{"start":{"line":158,"column":8},"end":{"line":158,"column":null}},"35":{"start":{"line":159,"column":8},"end":{"line":159,"column":null}},"36":{"start":{"line":160,"column":2},"end":{"line":160,"column":null}},"37":{"start":{"line":161,"column":2},"end":{"line":161,"column":null}},"38":{"start":{"line":162,"column":2},"end":{"line":162,"column":null}},"39":{"start":{"line":163,"column":2},"end":{"line":163,"column":null}},"40":{"start":{"line":164,"column":2},"end":{"line":164,"column":null}},"41":{"start":{"line":164,"column":37},"end":{"line":164,"column":null}},"42":{"start":{"line":165,"column":2},"end":{"line":165,"column":null}},"43":{"start":{"line":169,"column":2},"end":{"line":169,"column":null}},"44":{"start":{"line":169,"column":28},"end":{"line":169,"column":null}},"45":{"start":{"line":170,"column":2},"end":{"line":179,"column":null}},"46":{"start":{"line":171,"column":16},"end":{"line":171,"column":null}},"47":{"start":{"line":172,"column":16},"end":{"line":172,"column":null}},"48":{"start":{"line":173,"column":4},"end":{"line":178,"column":null}},"49":{"start":{"line":174,"column":6},"end":{"line":174,"column":null}},"50":{"start":{"line":175,"column":6},"end":{"line":175,"column":null}},"51":{"start":{"line":177,"column":6},"end":{"line":177,"column":null}}},"fnMap":{"0":{"name":"constructor","decl":{"start":{"line":25,"column":2},"end":{"line":25,"column":14}},"loc":{"start":{"line":25,"column":71},"end":{"line":30,"column":null}},"line":25},"1":{"name":"openProject","decl":{"start":{"line":41,"column":16},"end":{"line":41,"column":28}},"loc":{"start":{"line":41,"column":54},"end":{"line":76,"column":null}},"line":41},"2":{"name":"createProject","decl":{"start":{"line":79,"column":16},"end":{"line":79,"column":null}},"loc":{"start":{"line":83,"column":15},"end":{"line":111,"column":null}},"line":83},"3":{"name":"saveProject","decl":{"start":{"line":114,"column":16},"end":{"line":114,"column":null}},"loc":{"start":{"line":118,"column":8},"end":{"line":146,"column":null}},"line":118},"4":{"name":"saveProjectAs","decl":{"start":{"line":153,"column":16},"end":{"line":153,"column":30}},"loc":{"start":{"line":153,"column":92},"end":{"line":166,"column":null}},"line":153},"5":{"name":"copyDirContents","decl":{"start":{"line":168,"column":9},"end":{"line":168,"column":25}},"loc":{"start":{"line":168,"column":57},"end":{"line":180,"column":null}},"line":168}},"branchMap":{"0":{"loc":{"start":{"line":43,"column":2},"end":{"line":57,"column":null}},"type":"if","locations":[{"start":{"line":43,"column":2},"end":{"line":57,"column":null}},{"start":{},"end":{}}],"line":43},"1":{"loc":{"start":{"line":74,"column":2},"end":{"line":74,"column":null}},"type":"if","locations":[{"start":{"line":74,"column":2},"end":{"line":74,"column":null}},{"start":{},"end":{}}],"line":74},"2":{"loc":{"start":{"line":82,"column":2},"end":{"line":82,"column":null}},"type":"default-arg","locations":[{"start":{"line":82,"column":2},"end":{"line":82,"column":null}}],"line":82},"3":{"loc":{"start":{"line":117,"column":2},"end":{"line":117,"column":null}},"type":"default-arg","locations":[{"start":{"line":117,"column":2},"end":{"line":117,"column":null}}],"line":117},"4":{"loc":{"start":{"line":139,"column":6},"end":{"line":143,"column":null}},"type":"cond-expr","locations":[{"start":{"line":140,"column":10},"end":{"line":140,"column":null}},{"start":{"line":141,"column":10},"end":{"line":143,"column":null}}],"line":139},"5":{"loc":{"start":{"line":139,"column":6},"end":{"line":139,"column":null}},"type":"binary-expr","locations":[{"start":{"line":139,"column":6},"end":{"line":139,"column":29}},{"start":{"line":139,"column":29},"end":{"line":139,"column":null}}],"line":139},"6":{"loc":{"start":{"line":141,"column":10},"end":{"line":143,"column":null}},"type":"cond-expr","locations":[{"start":{"line":142,"column":12},"end":{"line":142,"column":null}},{"start":{"line":143,"column":12},"end":{"line":143,"column":null}}],"line":141},"7":{"loc":{"start":{"line":154,"column":2},"end":{"line":157,"column":null}},"type":"if","locations":[{"start":{"line":154,"column":2},"end":{"line":157,"column":null}},{"start":{},"end":{}}],"line":154},"8":{"loc":{"start":{"line":164,"column":2},"end":{"line":164,"column":null}},"type":"if","locations":[{"start":{"line":164,"column":2},"end":{"line":164,"column":null}},{"start":{},"end":{}}],"line":164},"9":{"loc":{"start":{"line":169,"column":2},"end":{"line":169,"column":null}},"type":"if","locations":[{"start":{"line":169,"column":2},"end":{"line":169,"column":null}},{"start":{},"end":{}}],"line":169},"10":{"loc":{"start":{"line":173,"column":4},"end":{"line":178,"column":null}},"type":"if","locations":[{"start":{"line":173,"column":4},"end":{"line":178,"column":null}},{"start":{"line":176,"column":11},"end":{"line":178,"column":null}}],"line":173}},"s":{"0":3,"1":3,"2":3,"3":3,"4":8,"5":8,"6":0,"7":8,"8":8,"9":1,"10":7,"11":7,"12":1,"13":6,"14":11,"15":11,"16":11,"17":20,"18":20,"19":20,"20":20,"21":20,"22":20,"23":2,"24":18,"25":18,"26":18,"27":18,"28":1,"29":1,"30":1,"31":4,"32":1,"33":1,"34":3,"35":3,"36":3,"37":3,"38":3,"39":3,"40":3,"41":2,"42":3,"43":7,"44":0,"45":7,"46":4,"47":4,"48":4,"49":2,"50":2,"51":2},"f":{"0":3,"1":8,"2":11,"3":20,"4":4,"5":7},"b":{"0":[0,8],"1":[1,6],"2":[11],"3":[20],"4":[1,0],"5":[1,1],"6":[0,0],"7":[1,3],"8":[2,1],"9":[0,7],"10":[2,2]},"meta":{"lastBranch":11,"lastFunction":6,"lastStatement":52,"seen":{"f:25:2:25:14":0,"s:26:4:26:Infinity":0,"s:27:4:27:Infinity":1,"s:28:4:28:Infinity":2,"s:29:4:29:Infinity":3,"f:41:16:41:28":1,"s:42:8:42:Infinity":4,"b:43:2:57:Infinity:undefined:undefined:undefined:undefined":0,"s:43:2:57:Infinity":5,"s:44:4:56:Infinity":6,"s:59:2:72:Infinity":7,"s:60:4:60:Infinity":8,"s:62:4:71:Infinity":9,"s:73:8:73:Infinity":10,"b:74:2:74:Infinity:undefined:undefined:undefined:undefined":1,"s:74:2:74:Infinity":11,"s:74:17:74:Infinity":12,"s:75:2:75:Infinity":13,"f:79:16:79:Infinity":2,"b:82:2:82:Infinity":2,"s:84:31:108:Infinity":14,"s:109:2:109:Infinity":15,"s:110:2:110:Infinity":16,"f:114:16:114:Infinity":3,"b:117:2:117:Infinity":3,"s:119:8:119:Infinity":17,"s:120:2:131:Infinity":18,"s:121:4:121:Infinity":19,"s:122:4:122:Infinity":20,"s:123:4:123:Infinity":21,"s:124:4:124:Infinity":22,"s:126:4:130:Infinity":23,"s:132:14:132:Infinity":24,"s:133:15:133:Infinity":25,"s:134:2:145:Infinity":26,"s:135:4:135:Infinity":27,"s:137:14:137:Infinity":28,"s:139:6:143:Infinity":29,"b:140:10:140:Infinity:141:10:143:Infinity":4,"b:139:6:139:29:139:29:139:Infinity":5,"b:142:12:142:Infinity:143:12:143:Infinity":6,"s:144:4:144:Infinity":30,"f:153:16:153:30":4,"b:154:2:157:Infinity:undefined:undefined:undefined:undefined":7,"s:154:2:157:Infinity":31,"s:155:4:155:Infinity":32,"s:156:4:156:Infinity":33,"s:158:8:158:Infinity":34,"s:159:8:159:Infinity":35,"s:160:2:160:Infinity":36,"s:161:2:161:Infinity":37,"s:162:2:162:Infinity":38,"s:163:2:163:Infinity":39,"b:164:2:164:Infinity:undefined:undefined:undefined:undefined":8,"s:164:2:164:Infinity":40,"s:164:37:164:Infinity":41,"s:165:2:165:Infinity":42,"f:168:9:168:25":5,"b:169:2:169:Infinity:undefined:undefined:undefined:undefined":9,"s:169:2:169:Infinity":43,"s:169:28:169:Infinity":44,"s:170:2:179:Infinity":45,"s:171:16:171:Infinity":46,"s:172:16:172:Infinity":47,"b:173:4:178:Infinity:176:11:178:Infinity":10,"s:173:4:178:Infinity":48,"s:174:6:174:Infinity":49,"s:175:6:175:Infinity":50,"s:177:6:177:Infinity":51},"fnNames":{}}}
}
